20:25:03.907 [main                     ] DEBUG Logger               - Configured Logger
20:25:03.930 [main                     ] DEBUG GameApplication      - Logging settings
Title: 东方星月夜
Version: （试行版）
Width: 1000
Height: 750
Fullscreen: false
Intro: false
Profiling: false
Single step:false
App Mode: DEVELOPER
Menu Key: ESCAPE
Stage Style: DECORATED
Scene Factory: class com.almasb.fxgl.app.scene.SceneFactory

20:25:04.123 [JavaFX Application Thread] DEBUG FXGLApplication      - Initializing FXGL
20:25:04.128 [JavaFX Application Thread] INFO  Engine               - FXGL-17.2 (20.08.2022 16.50) on WINDOWS (J:18.0.1.1 FX:18)
20:25:04.128 [JavaFX Application Thread] DEBUG Engine               - JRE Vendor Name: Oracle Corporation
20:25:04.129 [JavaFX Application Thread] DEBUG Engine               - Running on OS: Windows 10 version 10.0
20:25:04.129 [JavaFX Application Thread] DEBUG Engine               - Architecture: amd64
20:25:04.129 [JavaFX Application Thread] INFO  Engine               - Source code and latest versions at: https://github.com/AlmasB/FXGL
20:25:04.129 [JavaFX Application Thread] INFO  Engine               -       Ask questions and discuss at: https://github.com/AlmasB/FXGL/discussions
20:25:04.129 [JavaFX Application Thread] INFO  Engine               -              Join the FXGL chat at: https://gitter.im/AlmasB/FXGL
20:25:04.185 [JavaFX Application Thread] DEBUG PrimaryStageWindow   - Creating a JavaFX scene
20:25:04.213 [JavaFX Application Thread] DEBUG PrimaryStageWindow   - Target settings size: 1000.0 x 750.0
20:25:04.213 [JavaFX Application Thread] DEBUG PrimaryStageWindow   - Scaled scene size:    1000.0 x 750.0
20:25:04.214 [JavaFX Application Thread] DEBUG PrimaryStageWindow   - Scaled ratio: (1.0, 1.0)
20:25:04.214 [JavaFX Application Thread] DEBUG PrimaryStageWindow   - Set initial scene to FXGLStartupScene
20:25:04.219 [JavaFX Application Thread] DEBUG PrimaryStageWindow   - Opening main window
20:25:04.285 [JavaFX Application Thread] DEBUG PrimaryStageWindow   - Window border size: (14.4000244140625, 38.0)
20:25:04.285 [JavaFX Application Thread] DEBUG PrimaryStageWindow   - Scaled size: 1000.0 x 750.0
20:25:04.285 [JavaFX Application Thread] DEBUG PrimaryStageWindow   - Scaled ratio: (1.0, 1.0)
20:25:04.285 [JavaFX Application Thread] DEBUG PrimaryStageWindow   - Scene size: 1000.0 x 750.0
20:25:04.286 [JavaFX Application Thread] DEBUG PrimaryStageWindow   - Stage size: 1014.4000244140625 x 788.0
20:25:04.295 [FXGL Background Thread 1 ] DEBUG Engine               - Initializing environment variables
20:25:04.341 [FXGL Background Thread 1 ] DEBUG FXGLAssetLoaderServi - User app class for loading assets: class game.StgGameApp
20:25:04.342 [FXGL Background Thread 1 ] DEBUG GameApplicationServi - Applying CSS: fxgl_dark.css
20:25:04.343 [FXGL Background Thread 1 ] DEBUG FXGLAssetLoaderServi - Loading from file system: jar:file:///D:/environment/.m2/repository/com/github/almasb/fxgl/17.2/fxgl-17.2.jar!/fxglassets/ui/css/fxgl_dark.css
20:25:04.384 [FXGL Background Thread 1 ] DEBUG GameApplicationServi - Initializing application scenes
20:25:04.442 [FXGL Background Thread 1 ] DEBUG GameWorld            - Game world initialized
20:25:04.496 [FXGL Background Thread 1 ] DEBUG PhysicsWorld         - Physics world initialized: appHeight=750, physics.ppm=50.0
20:25:04.496 [FXGL Background Thread 1 ] DEBUG PhysicsWorld         - Using strategy: BRUTE_FORCE
20:25:04.499 [FXGL Background Thread 1 ] DEBUG GameScene            - Game scene initialized: 1000x750
20:25:04.509 [FXGL Background Thread 1 ] DEBUG FXGL.DefaultMenu     - createMenuBodyMainMenu()
20:25:04.516 [FXGL Background Thread 1 ] DEBUG FXGL.DefaultMenu     - createOptionsMenu()
20:25:04.525 [FXGL Background Thread 1 ] DEBUG FXGLAssetLoaderServi - Loading from file system: jar:file:///D:/environment/.m2/repository/com/github/almasb/fxgl/17.2/fxgl-17.2.jar!/fxglassets/textures/particles/smoke.png
20:25:04.598 [FXGL Background Thread 1 ] DEBUG FXGLAssetLoaderServi - Loading from file system: jar:file:///D:/environment/.m2/repository/com/github/almasb/fxgl/17.2/fxgl-17.2.jar!/fxglassets/textures/particles/trace_horizontal.png
20:25:04.626 [FXGL Background Thread 1 ] DEBUG FXGL.DefaultMenu     - createMenuBodyGameMenu()
20:25:04.627 [FXGL Background Thread 1 ] DEBUG FXGL.DefaultMenu     - createOptionsMenu()
20:25:04.636 [FXGL Background Thread 1 ] DEBUG GameApplicationServi - Application scenes initialized
20:25:04.644 [FXGL Background Thread 1 ] DEBUG SystemBundleService  - Loading FXGL system data
20:25:04.647 [FXGL Background Thread 1 ] DEBUG FileSystemAccess     - Reading from: D:\A_Learning\java\TouHouStarryNight\system\fxgl.bundle
20:25:04.653 [FXGL Background Thread 1 ] DEBUG SystemBundleService  - Bundle FXGL: {}
20:25:04.653 [FXGL Background Thread 1 ] DEBUG UpdaterService       - Checking for updates
20:25:04.655 [FXGL Background Thread 4 ] DEBUG FXGLApplication      - Loading fonts
20:25:04.656 [FXGL Background Thread 1 ] DEBUG FXGLApplication      - Loading default localization
20:25:04.656 [FXGL Background Thread 4 ] DEBUG FXGLAssetLoaderServi - Loading from file system: jar:file:///D:/environment/.m2/repository/com/github/almasb/fxgl/17.2/fxgl-17.2.jar!/fxglassets/ui/fonts/VarelaRound-Regular.ttf
20:25:04.656 [FXGL Background Thread 1 ] DEBUG FXGLAssetLoaderServi - Loading from file system: jar:file:///D:/environment/.m2/repository/com/github/almasb/fxgl/17.2/fxgl-17.2.jar!/fxglassets/languages/english.lang
20:25:04.667 [FXGL Background Thread 1 ] INFO  FXGLApplication      - FXGL initialization took: 0.372 sec
20:25:04.680 [JavaFX Application Thread] DEBUG Input                - Registered new binding: action0 - Up
20:25:04.680 [JavaFX Application Thread] DEBUG Input                - Registered new binding: action1 - Down
20:25:04.680 [JavaFX Application Thread] DEBUG Input                - Registered new binding: Right - Right
20:25:04.680 [JavaFX Application Thread] DEBUG Input                - Registered new binding: Left - Left
20:25:04.681 [JavaFX Application Thread] DEBUG FXGLAssetLoaderServi - Loading from file system: file:/D:/A_Learning/java/TouHouStarryNight/target/classes/assets/textures/remi.png
20:25:04.742 [FXGL Background Thread 4 ] DEBUG FXGLAssetLoaderServi - Loading from file system: jar:file:///D:/environment/.m2/repository/com/github/almasb/fxgl/17.2/fxgl-17.2.jar!/fxglassets/ui/fonts/Abel-Regular.ttf
20:25:04.750 [FXGL Background Thread 4 ] DEBUG FXGLAssetLoaderServi - Loading from file system: jar:file:///D:/environment/.m2/repository/com/github/almasb/fxgl/17.2/fxgl-17.2.jar!/fxglassets/ui/fonts/TerminalLandMono-Regular.otf
20:25:04.757 [JavaFX Application Thread] DEBUG FXGLAssetLoaderServi - Loading from file system: jar:file:///D:/environment/.m2/repository/com/github/almasb/fxgl/17.2/fxgl-17.2.jar!/fxglassets/textures/fxgl_default_cursor.png
20:25:04.759 [JavaFX Application Thread] DEBUG Input                - Registered new binding: Screenshot - CTRL+8
20:25:04.759 [FXGL Background Thread 4 ] DEBUG FXGLAssetLoaderServi - Loading from file system: jar:file:///D:/environment/.m2/repository/com/github/almasb/fxgl/17.2/fxgl-17.2.jar!/fxglassets/ui/fonts/Courier-Prime.ttf
20:25:04.759 [JavaFX Application Thread] DEBUG Input                - Registered new binding: System info dump - CTRL+9
20:25:04.760 [JavaFX Application Thread] DEBUG Input                - Registered new binding: Restart - CTRL+R
20:25:04.760 [JavaFX Application Thread] DEBUG Input                - Registered new binding: Toggle Debug Camera - CTRL+7
20:25:04.761 [JavaFX Application Thread] DEBUG LoopRunner           - Starting loop
20:25:04.761 [JavaFX Application Thread] DEBUG LoopRunner           - Initializing JavaFX AnimationTimerLoop
20:25:04.763 [JavaFX Application Thread] DEBUG Input                - Clearing active input actions
20:25:04.770 [JavaFX Application Thread] DEBUG GameApplicationServi - Removing overlay from FXGLStartupScene and adding to FXGLMainMenuDummyScene
20:25:04.770 [JavaFX Application Thread] DEBUG PrimaryStageWindow   - FXGLStartupScene -> FXGLMainMenuDummyScene
20:25:04.770 [JavaFX Application Thread] DEBUG PrimaryStageWindow   - Push state: FXGLDefaultMenu
20:25:04.774 [JavaFX Application Thread] DEBUG Input                - Clearing active input actions
20:25:04.780 [JavaFX Application Thread] DEBUG GameApplicationServi - Removing overlay from FXGLMainMenuDummyScene and adding to FXGLDefaultMenu
20:25:04.780 [JavaFX Application Thread] DEBUG PrimaryStageWindow   - FXGLMainMenuDummyScene -> FXGLDefaultMenu
20:25:04.816 [FXGL Background Thread 2 ] WARN  UpdaterService       - Failed to find updates: java.net.UnknownHostException: raw.githubusercontent.com
20:25:04.835 [JavaFX Application Thread] DEBUG FXGLApplication      - Registering font factories with UI factory
20:25:06.621 [JavaFX Application Thread] DEBUG Menu                 - fireNewGame()
20:25:06.621 [JavaFX Application Thread] DEBUG GameApplicationServi - Starting new game
20:25:06.622 [JavaFX Application Thread] DEBUG PrimaryStageWindow   - Pop state: FXGLDefaultMenu
20:25:06.623 [JavaFX Application Thread] DEBUG Input                - Clearing active input actions
20:25:06.623 [JavaFX Application Thread] DEBUG GameApplicationServi - Removing overlay from FXGLDefaultMenu and adding to FXGLMainMenuDummyScene
20:25:06.624 [JavaFX Application Thread] DEBUG PrimaryStageWindow   - FXGLMainMenuDummyScene <- FXGLDefaultMenu
20:25:06.624 [JavaFX Application Thread] DEBUG Input                - Clearing active input actions
20:25:06.628 [JavaFX Application Thread] DEBUG GameApplicationServi - Removing overlay from FXGLMainMenuDummyScene and adding to FXGLLoadingScene
20:25:06.628 [JavaFX Application Thread] DEBUG PrimaryStageWindow   - FXGLMainMenuDummyScene -> FXGLLoadingScene
20:25:06.628 [JavaFX Application Thread] DEBUG GameApplicationServi - Clearing previous game
20:25:06.628 [JavaFX Application Thread] DEBUG GameScene            - Clearing game scene
20:25:06.628 [JavaFX Application Thread] DEBUG GameWorld            - Clearing game world
20:25:06.628 [JavaFX Application Thread] DEBUG PhysicsWorld         - Clearing physics world
20:25:06.629 [FXGL Background Thread 2 ] DEBUG FXGLApplication      - Initializing game
20:25:06.633 [FXGL Background Thread 2 ] DEBUG FXGLAssetLoaderServi - Loading from file system: file:/D:/A_Learning/java/TouHouStarryNight/target/classes/assets/textures/bg/backgorund3.png
20:25:06.650 [FXGL Background Thread 2 ] DEBUG FXGLAssetLoaderServi - Loading from file system: file:/D:/A_Learning/java/TouHouStarryNight/target/classes/assets/textures/player/remi.png
20:25:06.660 [FXGL Background Thread 2 ] INFO  FXGLApplication      - Game initialization took: 0.030 sec
20:25:06.660 [JavaFX Application Thread] DEBUG Input                - Clearing active input actions
20:25:06.665 [JavaFX Application Thread] DEBUG GameApplicationServi - Removing overlay from FXGLLoadingScene and adding to GameScene
20:25:06.666 [JavaFX Application Thread] DEBUG PrimaryStageWindow   - FXGLLoadingScene -> GameScene
20:25:07.656 [FXGL Background Thread 3 ] DEBUG Engine               - Logging environment variables
20:25:07.656 [FXGL Background Thread 3 ] DEBUG Engine               - achievements: []
20:25:07.656 [FXGL Background Thread 3 ] DEBUG Engine               - actualHeight: 750.0
20:25:07.657 [FXGL Background Thread 3 ] DEBUG Engine               - actualHeightProperty: ReadOnlyDoubleProperty [value: 750.0]
20:25:07.657 [FXGL Background Thread 3 ] DEBUG Engine               - actualWidth: 1000.0
20:25:07.657 [FXGL Background Thread 3 ] DEBUG Engine               - actualWidthProperty: ReadOnlyDoubleProperty [value: 1000.0]
20:25:07.657 [FXGL Background Thread 3 ] DEBUG Engine               - appIcon: remi.png
20:25:07.657 [FXGL Background Thread 3 ] DEBUG Engine               - applicationMode: DEVELOPER
20:25:07.657 [FXGL Background Thread 3 ] DEBUG Engine               - cSSList: [fxgl_dark.css]
20:25:07.657 [FXGL Background Thread 3 ] DEBUG Engine               - collisionDetectionStrategy: BRUTE_FORCE
20:25:07.657 [FXGL Background Thread 3 ] DEBUG Engine               - configClass: Optional.empty
20:25:07.657 [FXGL Background Thread 3 ] DEBUG Engine               - credits: []
20:25:07.657 [FXGL Background Thread 3 ] DEBUG Engine               - defaultCursor: CursorInfo(imageName=fxgl_default_cursor.png, hotspotX=7.0, hotspotY=6.0)
20:25:07.658 [FXGL Background Thread 3 ] DEBUG Engine               - devBBoxColorProperty: ObjectProperty [value: 0xff0000ff]
20:25:07.658 [FXGL Background Thread 3 ] DEBUG Engine               - devEnableDebugCameraProperty: BooleanProperty [value: false]
20:25:07.658 [FXGL Background Thread 3 ] DEBUG Engine               - devSensorColorProperty: ObjectProperty [value: 0xffff00ff]
20:25:07.658 [FXGL Background Thread 3 ] DEBUG Engine               - devShowBBoxProperty: BooleanProperty [value: false]
20:25:07.658 [FXGL Background Thread 3 ] DEBUG Engine               - devShowPositionProperty: BooleanProperty [value: false]
20:25:07.658 [FXGL Background Thread 3 ] DEBUG Engine               - enabledMenuItems: []
20:25:07.658 [FXGL Background Thread 3 ] DEBUG Engine               - engineServices: [class com.almasb.fxgl.app.services.FXGLAssetLoaderService, class com.almasb.fxgl.app.FXGLApplication$GameApplicationService, class com.almasb.fxgl.app.services.FXGLDialogService, class com.almasb.fxgl.app.services.IOTaskExecutorService, class com.almasb.fxgl.io.FileSystemService, class com.almasb.fxgl.localization.LocalizationService, class com.almasb.fxgl.app.services.SystemBundleService, class com.almasb.fxgl.profile.SaveLoadService, class com.almasb.fxgl.ui.FXGLUIFactoryServiceProvider, class com.almasb.fxgl.ui.FXGLDialogFactoryServiceProvider, class com.almasb.fxgl.audio.AudioPlayer, class com.almasb.fxgl.notification.impl.NotificationServiceProvider, class com.almasb.fxgl.achievement.AchievementService, class com.almasb.fxgl.cutscene.CutsceneService, class com.almasb.fxgl.minigames.MiniGameService, class com.almasb.fxgl.net.NetService, class com.almasb.fxgl.app.services.UpdaterService, class com.almasb.fxgl.dev.DevService]
20:25:07.658 [FXGL Background Thread 3 ] DEBUG Engine               - fontGame: Abel-Regular.ttf
20:25:07.658 [FXGL Background Thread 3 ] DEBUG Engine               - fontMono: TerminalLandMono-Regular.otf
20:25:07.658 [FXGL Background Thread 3 ] DEBUG Engine               - fontText: Courier-Prime.ttf
20:25:07.658 [FXGL Background Thread 3 ] DEBUG Engine               - fontUI: VarelaRound-Regular.ttf
20:25:07.658 [FXGL Background Thread 3 ] DEBUG Engine               - fullScreen: BooleanProperty [value: false]
20:25:07.658 [FXGL Background Thread 3 ] DEBUG Engine               - gameDifficulty: MEDIUM
20:25:07.658 [FXGL Background Thread 3 ] DEBUG Engine               - gameDifficultyProperty: ObjectProperty [value: MEDIUM]
20:25:07.658 [FXGL Background Thread 3 ] DEBUG Engine               - globalMusicVolume: 0.5
20:25:07.658 [FXGL Background Thread 3 ] DEBUG Engine               - globalMusicVolumeProperty: DoubleProperty [value: 0.5]
20:25:07.658 [FXGL Background Thread 3 ] DEBUG Engine               - globalSoundVolume: 0.5
20:25:07.658 [FXGL Background Thread 3 ] DEBUG Engine               - globalSoundVolumeProperty: DoubleProperty [value: 0.5]
20:25:07.658 [FXGL Background Thread 3 ] DEBUG Engine               - height: 750
20:25:07.659 [FXGL Background Thread 3 ] DEBUG Engine               - is3D: false
20:25:07.659 [FXGL Background Thread 3 ] DEBUG Engine               - isAndroid: false
20:25:07.659 [FXGL Background Thread 3 ] DEBUG Engine               - isBrowser: false
20:25:07.659 [FXGL Background Thread 3 ] DEBUG Engine               - isClickFeedbackEnabled: false
20:25:07.659 [FXGL Background Thread 3 ] DEBUG Engine               - isCloseConfirmation: false
20:25:07.659 [FXGL Background Thread 3 ] DEBUG Engine               - isDesktop: true
20:25:07.659 [FXGL Background Thread 3 ] DEBUG Engine               - isDeveloperMenuEnabled: false
20:25:07.659 [FXGL Background Thread 3 ] DEBUG Engine               - isEmbedded: false
20:25:07.659 [FXGL Background Thread 3 ] DEBUG Engine               - isEntityPreloadEnabled: true
20:25:07.659 [FXGL Background Thread 3 ] DEBUG Engine               - isExperimentalTiledLargeMap: false
20:25:07.659 [FXGL Background Thread 3 ] DEBUG Engine               - isFileSystemWriteAllowed: true
20:25:07.659 [FXGL Background Thread 3 ] DEBUG Engine               - isFullScreenAllowed: false
20:25:07.659 [FXGL Background Thread 3 ] DEBUG Engine               - isFullScreenFromStart: false
20:25:07.659 [FXGL Background Thread 3 ] DEBUG Engine               - isGameMenuEnabled: true
20:25:07.659 [FXGL Background Thread 3 ] DEBUG Engine               - isIOS: false
20:25:07.659 [FXGL Background Thread 3 ] DEBUG Engine               - isIntroEnabled: false
20:25:07.659 [FXGL Background Thread 3 ] DEBUG Engine               - isLinux: false
20:25:07.659 [FXGL Background Thread 3 ] DEBUG Engine               - isMac: false
20:25:07.659 [FXGL Background Thread 3 ] DEBUG Engine               - isMainMenuEnabled: true
20:25:07.659 [FXGL Background Thread 3 ] DEBUG Engine               - isManualResizeEnabled: false
20:25:07.659 [FXGL Background Thread 3 ] DEBUG Engine               - isMobile: false
20:25:07.659 [FXGL Background Thread 3 ] DEBUG Engine               - isNative: false
20:25:07.659 [FXGL Background Thread 3 ] DEBUG Engine               - isPauseMusicWhenMinimized: true
20:25:07.659 [FXGL Background Thread 3 ] DEBUG Engine               - isPreserveResizeRatio: false
20:25:07.659 [FXGL Background Thread 3 ] DEBUG Engine               - isProfilingEnabled: false
20:25:07.659 [FXGL Background Thread 3 ] DEBUG Engine               - isScaleAffectedOnResize: true
20:25:07.659 [FXGL Background Thread 3 ] DEBUG Engine               - isSingleStep: false
20:25:07.659 [FXGL Background Thread 3 ] DEBUG Engine               - isUserProfileEnabled: false
20:25:07.659 [FXGL Background Thread 3 ] DEBUG Engine               - isWindows: true
20:25:07.659 [FXGL Background Thread 3 ] DEBUG Engine               - language: ObjectProperty [value: ENGLISH]
20:25:07.659 [FXGL Background Thread 3 ] DEBUG Engine               - menuKey: ESCAPE
20:25:07.659 [FXGL Background Thread 3 ] DEBUG Engine               - mouseSensitivity: 0.2
20:25:07.660 [FXGL Background Thread 3 ] DEBUG Engine               - notificationViewClass: class com.almasb.fxgl.notification.view.XboxNotificationView
20:25:07.660 [FXGL Background Thread 3 ] DEBUG Engine               - pixelsPerMeter: 50.0
20:25:07.660 [FXGL Background Thread 3 ] DEBUG Engine               - platform: WINDOWS
20:25:07.660 [FXGL Background Thread 3 ] DEBUG Engine               - prefHeightProperty: ReadOnlyDoubleProperty [value: 750.0]
20:25:07.660 [FXGL Background Thread 3 ] DEBUG Engine               - prefWidthProperty: ReadOnlyDoubleProperty [value: 1000.0]
20:25:07.660 [FXGL Background Thread 3 ] DEBUG Engine               - profileDir: profiles/
20:25:07.660 [FXGL Background Thread 3 ] DEBUG Engine               - profileName: StringProperty [value: DEFAULT]
20:25:07.660 [FXGL Background Thread 3 ] DEBUG Engine               - randomSeed: -1
20:25:07.660 [FXGL Background Thread 3 ] DEBUG Engine               - runtimeInfo: RuntimeInfo(platform=WINDOWS, version=17.2, build=20.08.2022 16.50)
20:25:07.660 [FXGL Background Thread 3 ] DEBUG Engine               - saveFileExt: sav
20:25:07.660 [FXGL Background Thread 3 ] DEBUG Engine               - scaledHeightProp$fxgl: DoubleProperty [bound, value: 750.0]
20:25:07.660 [FXGL Background Thread 3 ] DEBUG Engine               - scaledWidthProp$fxgl: DoubleProperty [bound, value: 1000.0]
20:25:07.660 [FXGL Background Thread 3 ] DEBUG Engine               - sceneFactory: com.almasb.fxgl.app.scene.SceneFactory@57d27700
20:25:07.660 [FXGL Background Thread 3 ] DEBUG Engine               - secondsIn24h: 60
20:25:07.660 [FXGL Background Thread 3 ] DEBUG Engine               - soundMenuBack: menu/back.wav
20:25:07.660 [FXGL Background Thread 3 ] DEBUG Engine               - soundMenuPress: menu/press.wav
20:25:07.660 [FXGL Background Thread 3 ] DEBUG Engine               - soundMenuSelect: menu/select.wav
20:25:07.660 [FXGL Background Thread 3 ] DEBUG Engine               - soundNotification: core/notification.wav
20:25:07.660 [FXGL Background Thread 3 ] DEBUG Engine               - stageStyle: DECORATED
20:25:07.660 [FXGL Background Thread 3 ] DEBUG Engine               - supportedLanguages: [ENGLISH, FRENCH, GERMAN, HUNGARIAN, RUSSIAN]
20:25:07.660 [FXGL Background Thread 3 ] DEBUG Engine               - ticksPerSecond: -1
20:25:07.660 [FXGL Background Thread 3 ] DEBUG Engine               - title: 东方星月夜
20:25:07.660 [FXGL Background Thread 3 ] DEBUG Engine               - urlGithub: https://github.com/AlmasB/FXGL
20:25:07.660 [FXGL Background Thread 3 ] DEBUG Engine               - urlLeaderboard: http://fxgl-top.herokuapp.com/
20:25:07.661 [FXGL Background Thread 3 ] DEBUG Engine               - urlPOM: https://raw.githubusercontent.com/AlmasB/FXGL/release/README.md
20:25:07.661 [FXGL Background Thread 3 ] DEBUG Engine               - userAppClass: class game.StgGameApp
20:25:07.661 [FXGL Background Thread 3 ] DEBUG Engine               - version: （试行版）
20:25:07.661 [FXGL Background Thread 3 ] DEBUG Engine               - versionCheckDays: 7
20:25:07.661 [FXGL Background Thread 3 ] DEBUG Engine               - width: 1000
20:25:07.661 [FXGL Background Thread 3 ] DEBUG Engine               - Logging services
20:25:07.661 [FXGL Background Thread 3 ] DEBUG Engine               - class com.almasb.fxgl.app.services.FXGLAssetLoaderService
20:25:07.661 [FXGL Background Thread 3 ] DEBUG Engine               - class com.almasb.fxgl.app.FXGLApplication$GameApplicationService
20:25:07.661 [FXGL Background Thread 3 ] DEBUG Engine               - class com.almasb.fxgl.app.services.FXGLDialogService
20:25:07.661 [FXGL Background Thread 3 ] DEBUG Engine               - class com.almasb.fxgl.app.services.IOTaskExecutorService
20:25:07.661 [FXGL Background Thread 3 ] DEBUG Engine               - class com.almasb.fxgl.io.FileSystemService
20:25:07.661 [FXGL Background Thread 3 ] DEBUG Engine               - class com.almasb.fxgl.localization.LocalizationService
20:25:07.661 [FXGL Background Thread 3 ] DEBUG Engine               - class com.almasb.fxgl.app.services.SystemBundleService
20:25:07.661 [FXGL Background Thread 3 ] DEBUG Engine               - class com.almasb.fxgl.profile.SaveLoadService
20:25:07.661 [FXGL Background Thread 3 ] DEBUG Engine               - class com.almasb.fxgl.ui.FXGLUIFactoryServiceProvider
20:25:07.661 [FXGL Background Thread 3 ] DEBUG Engine               - class com.almasb.fxgl.ui.FXGLDialogFactoryServiceProvider
20:25:07.661 [FXGL Background Thread 3 ] DEBUG Engine               - class com.almasb.fxgl.audio.AudioPlayer
20:25:07.661 [FXGL Background Thread 3 ] DEBUG Engine               - class com.almasb.fxgl.notification.impl.NotificationServiceProvider
20:25:07.661 [FXGL Background Thread 3 ] DEBUG Engine               - class com.almasb.fxgl.achievement.AchievementService
20:25:07.661 [FXGL Background Thread 3 ] DEBUG Engine               - class com.almasb.fxgl.cutscene.CutsceneService
20:25:07.661 [FXGL Background Thread 3 ] DEBUG Engine               - class com.almasb.fxgl.minigames.MiniGameService
20:25:07.661 [FXGL Background Thread 3 ] DEBUG Engine               - class com.almasb.fxgl.net.NetService
20:25:07.661 [FXGL Background Thread 3 ] DEBUG Engine               - class com.almasb.fxgl.app.services.UpdaterService
20:25:07.661 [FXGL Background Thread 3 ] DEBUG Engine               - class com.almasb.fxgl.dev.DevService
20:25:34.298 [JavaFX Application Thread] DEBUG FXGLApplication      - Exiting FXGL
20:25:34.298 [JavaFX Application Thread] DEBUG LoopRunner           - Stopping loop
20:25:34.298 [JavaFX Application Thread] DEBUG SystemBundleService  - Saving FXGL system data
20:25:34.299 [JavaFX Application Thread] DEBUG FileSystemAccess     - Writing to: D:\A_Learning\java\TouHouStarryNight\system\fxgl.bundle
20:25:34.300 [JavaFX Application Thread] DEBUG Async                - Shutting down background threads
20:25:34.300 [JavaFX Application Thread] DEBUG PrimaryStageWindow   - Closing main window
20:25:34.310 [JavaFX Application Thread] DEBUG Logger               - Closing Logger
