01:51:44.618 [main                     ] DEBUG Logger               - Configured Logger
01:51:44.642 [main                     ] DEBUG GameApplication      - Logging settings
Title: 东方星月夜
Version: （试行版）
Width: 1000
Height: 750
Fullscreen: false
Intro: false
Profiling: false
Single step:false
App Mode: DEVELOPER
Menu Key: ESCAPE
Stage Style: DECORATED
Scene Factory: class com.almasb.fxgl.app.scene.SceneFactory

01:51:44.931 [JavaFX Application Thread] DEBUG FXGLApplication      - Initializing FXGL
01:51:44.936 [JavaFX Application Thread] INFO  Engine               - FXGL-17.2 (20.08.2022 16.50) on WINDOWS (J:18.0.1.1 FX:18)
01:51:44.936 [JavaFX Application Thread] DEBUG Engine               - JRE Vendor Name: Oracle Corporation
01:51:44.936 [JavaFX Application Thread] DEBUG Engine               - Running on OS: Windows 10 version 10.0
01:51:44.936 [JavaFX Application Thread] DEBUG Engine               - Architecture: amd64
01:51:44.936 [JavaFX Application Thread] INFO  Engine               - Source code and latest versions at: https://github.com/AlmasB/FXGL
01:51:44.937 [JavaFX Application Thread] INFO  Engine               -       Ask questions and discuss at: https://github.com/AlmasB/FXGL/discussions
01:51:44.937 [JavaFX Application Thread] INFO  Engine               -              Join the FXGL chat at: https://gitter.im/AlmasB/FXGL
01:51:44.993 [JavaFX Application Thread] DEBUG PrimaryStageWindow   - Creating a JavaFX scene
01:51:45.037 [JavaFX Application Thread] DEBUG PrimaryStageWindow   - Target settings size: 1000.0 x 750.0
01:51:45.038 [JavaFX Application Thread] DEBUG PrimaryStageWindow   - Scaled scene size:    1000.0 x 750.0
01:51:45.038 [JavaFX Application Thread] DEBUG PrimaryStageWindow   - Scaled ratio: (1.0, 1.0)
01:51:45.038 [JavaFX Application Thread] DEBUG PrimaryStageWindow   - Set initial scene to FXGLStartupScene
01:51:45.043 [JavaFX Application Thread] DEBUG PrimaryStageWindow   - Opening main window
01:51:45.126 [JavaFX Application Thread] DEBUG PrimaryStageWindow   - Window border size: (14.4000244140625, 38.0)
01:51:45.126 [JavaFX Application Thread] DEBUG PrimaryStageWindow   - Scaled size: 1000.0 x 750.0
01:51:45.127 [JavaFX Application Thread] DEBUG PrimaryStageWindow   - Scaled ratio: (1.0, 1.0)
01:51:45.127 [JavaFX Application Thread] DEBUG PrimaryStageWindow   - Scene size: 1000.0 x 750.0
01:51:45.127 [JavaFX Application Thread] DEBUG PrimaryStageWindow   - Stage size: 1014.4000244140625 x 788.0
01:51:45.132 [FXGL Background Thread 1 ] DEBUG Engine               - Initializing environment variables
01:51:45.177 [FXGL Background Thread 1 ] DEBUG FXGLAssetLoaderServi - User app class for loading assets: class game.StgGameApp
01:51:45.177 [FXGL Background Thread 1 ] DEBUG GameApplicationServi - Applying CSS: fxgl_dark.css
01:51:45.178 [FXGL Background Thread 1 ] DEBUG FXGLAssetLoaderServi - Loading from file system: jar:file:///D:/environment/.m2/repository/com/github/almasb/fxgl/17.2/fxgl-17.2.jar!/fxglassets/ui/css/fxgl_dark.css
01:51:45.221 [FXGL Background Thread 1 ] DEBUG GameApplicationServi - Initializing application scenes
01:51:45.279 [FXGL Background Thread 1 ] DEBUG GameWorld            - Game world initialized
01:51:45.319 [FXGL Background Thread 1 ] DEBUG PhysicsWorld         - Physics world initialized: appHeight=750, physics.ppm=50.0
01:51:45.319 [FXGL Background Thread 1 ] DEBUG PhysicsWorld         - Using strategy: BRUTE_FORCE
01:51:45.323 [FXGL Background Thread 1 ] DEBUG GameScene            - Game scene initialized: 1000x750
01:51:45.336 [FXGL Background Thread 1 ] DEBUG FXGL.DefaultMenu     - createMenuBodyMainMenu()
01:51:45.346 [FXGL Background Thread 1 ] DEBUG FXGL.DefaultMenu     - createOptionsMenu()
01:51:45.354 [FXGL Background Thread 1 ] DEBUG FXGLAssetLoaderServi - Loading from file system: jar:file:///D:/environment/.m2/repository/com/github/almasb/fxgl/17.2/fxgl-17.2.jar!/fxglassets/textures/particles/smoke.png
01:51:45.422 [FXGL Background Thread 1 ] DEBUG FXGLAssetLoaderServi - Loading from file system: jar:file:///D:/environment/.m2/repository/com/github/almasb/fxgl/17.2/fxgl-17.2.jar!/fxglassets/textures/particles/trace_horizontal.png
01:51:45.455 [FXGL Background Thread 1 ] DEBUG FXGL.DefaultMenu     - createMenuBodyGameMenu()
01:51:45.457 [FXGL Background Thread 1 ] DEBUG FXGL.DefaultMenu     - createOptionsMenu()
01:51:45.469 [FXGL Background Thread 1 ] DEBUG GameApplicationServi - Application scenes initialized
01:51:45.478 [FXGL Background Thread 1 ] DEBUG SystemBundleService  - Loading FXGL system data
01:51:45.487 [FXGL Background Thread 1 ] DEBUG FileSystemAccess     - Reading from: D:\A_Learning\java\TouHouStarryNight\system\fxgl.bundle
01:51:45.494 [FXGL Background Thread 1 ] DEBUG SystemBundleService  - Bundle FXGL: {}
01:51:45.494 [FXGL Background Thread 1 ] DEBUG UpdaterService       - Checking for updates
01:51:45.498 [FXGL Background Thread 4 ] DEBUG FXGLApplication      - Loading fonts
01:51:45.498 [FXGL Background Thread 1 ] DEBUG FXGLApplication      - Loading default localization
01:51:45.498 [FXGL Background Thread 4 ] DEBUG FXGLAssetLoaderServi - Loading from file system: jar:file:///D:/environment/.m2/repository/com/github/almasb/fxgl/17.2/fxgl-17.2.jar!/fxglassets/ui/fonts/VarelaRound-Regular.ttf
01:51:45.499 [FXGL Background Thread 1 ] DEBUG FXGLAssetLoaderServi - Loading from file system: jar:file:///D:/environment/.m2/repository/com/github/almasb/fxgl/17.2/fxgl-17.2.jar!/fxglassets/languages/english.lang
01:51:45.510 [FXGL Background Thread 1 ] INFO  FXGLApplication      - FXGL initialization took: 0.378 sec
01:51:45.518 [JavaFX Application Thread] DEBUG Input                - Registered new binding: action0 - Up
01:51:45.519 [JavaFX Application Thread] DEBUG Input                - Registered new binding: action1 - Down
01:51:45.519 [JavaFX Application Thread] DEBUG Input                - Registered new binding: Right - Right
01:51:45.519 [JavaFX Application Thread] DEBUG Input                - Registered new binding: Left - Left
01:51:45.519 [JavaFX Application Thread] DEBUG FXGLAssetLoaderServi - Loading from file system: file:/D:/A_Learning/java/TouHouStarryNight/target/classes/assets/textures/remi.png
01:51:45.591 [FXGL Background Thread 4 ] DEBUG FXGLAssetLoaderServi - Loading from file system: jar:file:///D:/environment/.m2/repository/com/github/almasb/fxgl/17.2/fxgl-17.2.jar!/fxglassets/ui/fonts/Abel-Regular.ttf
01:51:45.599 [FXGL Background Thread 4 ] DEBUG FXGLAssetLoaderServi - Loading from file system: jar:file:///D:/environment/.m2/repository/com/github/almasb/fxgl/17.2/fxgl-17.2.jar!/fxglassets/ui/fonts/TerminalLandMono-Regular.otf
01:51:45.601 [JavaFX Application Thread] DEBUG FXGLAssetLoaderServi - Loading from file system: jar:file:///D:/environment/.m2/repository/com/github/almasb/fxgl/17.2/fxgl-17.2.jar!/fxglassets/textures/fxgl_default_cursor.png
01:51:45.602 [JavaFX Application Thread] DEBUG Input                - Registered new binding: Screenshot - CTRL+8
01:51:45.602 [JavaFX Application Thread] DEBUG Input                - Registered new binding: System info dump - CTRL+9
01:51:45.602 [JavaFX Application Thread] DEBUG Input                - Registered new binding: Restart - CTRL+R
01:51:45.603 [JavaFX Application Thread] DEBUG Input                - Registered new binding: Toggle Debug Camera - CTRL+7
01:51:45.604 [JavaFX Application Thread] DEBUG LoopRunner           - Starting loop
01:51:45.604 [JavaFX Application Thread] DEBUG LoopRunner           - Initializing JavaFX AnimationTimerLoop
01:51:45.606 [JavaFX Application Thread] DEBUG Input                - Clearing active input actions
01:51:45.608 [FXGL Background Thread 4 ] DEBUG FXGLAssetLoaderServi - Loading from file system: jar:file:///D:/environment/.m2/repository/com/github/almasb/fxgl/17.2/fxgl-17.2.jar!/fxglassets/ui/fonts/Courier-Prime.ttf
01:51:45.612 [JavaFX Application Thread] DEBUG GameApplicationServi - Removing overlay from FXGLStartupScene and adding to FXGLMainMenuDummyScene
01:51:45.612 [JavaFX Application Thread] DEBUG PrimaryStageWindow   - FXGLStartupScene -> FXGLMainMenuDummyScene
01:51:45.612 [JavaFX Application Thread] DEBUG PrimaryStageWindow   - Push state: FXGLDefaultMenu
01:51:45.616 [JavaFX Application Thread] DEBUG Input                - Clearing active input actions
01:51:45.622 [JavaFX Application Thread] DEBUG GameApplicationServi - Removing overlay from FXGLMainMenuDummyScene and adding to FXGLDefaultMenu
01:51:45.622 [JavaFX Application Thread] DEBUG PrimaryStageWindow   - FXGLMainMenuDummyScene -> FXGLDefaultMenu
01:51:45.676 [JavaFX Application Thread] DEBUG FXGLApplication      - Registering font factories with UI factory
01:51:45.707 [FXGL Background Thread 2 ] WARN  UpdaterService       - Failed to find updates: java.net.UnknownHostException: raw.githubusercontent.com
01:51:46.424 [JavaFX Application Thread] DEBUG Menu                 - fireNewGame()
01:51:46.424 [JavaFX Application Thread] DEBUG GameApplicationServi - Starting new game
01:51:46.425 [JavaFX Application Thread] DEBUG PrimaryStageWindow   - Pop state: FXGLDefaultMenu
01:51:46.425 [JavaFX Application Thread] DEBUG Input                - Clearing active input actions
01:51:46.426 [JavaFX Application Thread] DEBUG GameApplicationServi - Removing overlay from FXGLDefaultMenu and adding to FXGLMainMenuDummyScene
01:51:46.426 [JavaFX Application Thread] DEBUG PrimaryStageWindow   - FXGLMainMenuDummyScene <- FXGLDefaultMenu
01:51:46.426 [JavaFX Application Thread] DEBUG Input                - Clearing active input actions
01:51:46.434 [JavaFX Application Thread] DEBUG GameApplicationServi - Removing overlay from FXGLMainMenuDummyScene and adding to FXGLLoadingScene
01:51:46.434 [JavaFX Application Thread] DEBUG PrimaryStageWindow   - FXGLMainMenuDummyScene -> FXGLLoadingScene
01:51:46.434 [JavaFX Application Thread] DEBUG GameApplicationServi - Clearing previous game
01:51:46.434 [JavaFX Application Thread] DEBUG GameScene            - Clearing game scene
01:51:46.435 [JavaFX Application Thread] DEBUG GameWorld            - Clearing game world
01:51:46.435 [JavaFX Application Thread] DEBUG PhysicsWorld         - Clearing physics world
01:51:46.436 [FXGL Background Thread 2 ] DEBUG FXGLApplication      - Initializing game
01:51:46.447 [FXGL Background Thread 2 ] DEBUG FXGLAssetLoaderServi - Loading from file system: file:/D:/A_Learning/java/TouHouStarryNight/target/classes/assets/textures/bg/backgorund3.png
01:51:46.471 [FXGL Background Thread 2 ] DEBUG FXGLAssetLoaderServi - Loading from file system: file:/D:/A_Learning/java/TouHouStarryNight/target/classes/assets/textures/player/remi.png
01:51:46.480 [FXGL Background Thread 2 ] INFO  FXGLApplication      - Game initialization took: 0.044 sec
01:51:46.483 [JavaFX Application Thread] DEBUG Input                - Clearing active input actions
01:51:46.491 [JavaFX Application Thread] DEBUG GameApplicationServi - Removing overlay from FXGLLoadingScene and adding to GameScene
01:51:46.491 [JavaFX Application Thread] DEBUG PrimaryStageWindow   - FXGLLoadingScene -> GameScene
01:51:48.498 [FXGL Background Thread 3 ] DEBUG Engine               - Logging environment variables
01:51:48.498 [FXGL Background Thread 3 ] DEBUG Engine               - achievements: []
01:51:48.499 [FXGL Background Thread 3 ] DEBUG Engine               - actualHeight: 750.0
01:51:48.499 [FXGL Background Thread 3 ] DEBUG Engine               - actualHeightProperty: ReadOnlyDoubleProperty [value: 750.0]
01:51:48.499 [FXGL Background Thread 3 ] DEBUG Engine               - actualWidth: 1000.0
01:51:48.499 [FXGL Background Thread 3 ] DEBUG Engine               - actualWidthProperty: ReadOnlyDoubleProperty [value: 1000.0]
01:51:48.499 [FXGL Background Thread 3 ] DEBUG Engine               - appIcon: remi.png
01:51:48.499 [FXGL Background Thread 3 ] DEBUG Engine               - applicationMode: DEVELOPER
01:51:48.499 [FXGL Background Thread 3 ] DEBUG Engine               - cSSList: [fxgl_dark.css]
01:51:48.499 [FXGL Background Thread 3 ] DEBUG Engine               - collisionDetectionStrategy: BRUTE_FORCE
01:51:48.499 [FXGL Background Thread 3 ] DEBUG Engine               - configClass: Optional.empty
01:51:48.499 [FXGL Background Thread 3 ] DEBUG Engine               - credits: []
01:51:48.499 [FXGL Background Thread 3 ] DEBUG Engine               - defaultCursor: CursorInfo(imageName=fxgl_default_cursor.png, hotspotX=7.0, hotspotY=6.0)
01:51:48.499 [FXGL Background Thread 3 ] DEBUG Engine               - devBBoxColorProperty: ObjectProperty [value: 0xff0000ff]
01:51:48.499 [FXGL Background Thread 3 ] DEBUG Engine               - devEnableDebugCameraProperty: BooleanProperty [value: false]
01:51:48.499 [FXGL Background Thread 3 ] DEBUG Engine               - devSensorColorProperty: ObjectProperty [value: 0xffff00ff]
01:51:48.499 [FXGL Background Thread 3 ] DEBUG Engine               - devShowBBoxProperty: BooleanProperty [value: false]
01:51:48.499 [FXGL Background Thread 3 ] DEBUG Engine               - devShowPositionProperty: BooleanProperty [value: false]
01:51:48.500 [FXGL Background Thread 3 ] DEBUG Engine               - enabledMenuItems: []
01:51:48.500 [FXGL Background Thread 3 ] DEBUG Engine               - engineServices: [class com.almasb.fxgl.app.services.FXGLAssetLoaderService, class com.almasb.fxgl.app.FXGLApplication$GameApplicationService, class com.almasb.fxgl.app.services.FXGLDialogService, class com.almasb.fxgl.app.services.IOTaskExecutorService, class com.almasb.fxgl.io.FileSystemService, class com.almasb.fxgl.localization.LocalizationService, class com.almasb.fxgl.app.services.SystemBundleService, class com.almasb.fxgl.profile.SaveLoadService, class com.almasb.fxgl.ui.FXGLUIFactoryServiceProvider, class com.almasb.fxgl.ui.FXGLDialogFactoryServiceProvider, class com.almasb.fxgl.audio.AudioPlayer, class com.almasb.fxgl.notification.impl.NotificationServiceProvider, class com.almasb.fxgl.achievement.AchievementService, class com.almasb.fxgl.cutscene.CutsceneService, class com.almasb.fxgl.minigames.MiniGameService, class com.almasb.fxgl.net.NetService, class com.almasb.fxgl.app.services.UpdaterService, class com.almasb.fxgl.dev.DevService]
01:51:48.500 [FXGL Background Thread 3 ] DEBUG Engine               - fontGame: Abel-Regular.ttf
01:51:48.500 [FXGL Background Thread 3 ] DEBUG Engine               - fontMono: TerminalLandMono-Regular.otf
01:51:48.500 [FXGL Background Thread 3 ] DEBUG Engine               - fontText: Courier-Prime.ttf
01:51:48.500 [FXGL Background Thread 3 ] DEBUG Engine               - fontUI: VarelaRound-Regular.ttf
01:51:48.500 [FXGL Background Thread 3 ] DEBUG Engine               - fullScreen: BooleanProperty [value: false]
01:51:48.500 [FXGL Background Thread 3 ] DEBUG Engine               - gameDifficulty: MEDIUM
01:51:48.500 [FXGL Background Thread 3 ] DEBUG Engine               - gameDifficultyProperty: ObjectProperty [value: MEDIUM]
01:51:48.500 [FXGL Background Thread 3 ] DEBUG Engine               - globalMusicVolume: 0.5
01:51:48.500 [FXGL Background Thread 3 ] DEBUG Engine               - globalMusicVolumeProperty: DoubleProperty [value: 0.5]
01:51:48.500 [FXGL Background Thread 3 ] DEBUG Engine               - globalSoundVolume: 0.5
01:51:48.500 [FXGL Background Thread 3 ] DEBUG Engine               - globalSoundVolumeProperty: DoubleProperty [value: 0.5]
01:51:48.500 [FXGL Background Thread 3 ] DEBUG Engine               - height: 750
01:51:48.500 [FXGL Background Thread 3 ] DEBUG Engine               - is3D: false
01:51:48.500 [FXGL Background Thread 3 ] DEBUG Engine               - isAndroid: false
01:51:48.500 [FXGL Background Thread 3 ] DEBUG Engine               - isBrowser: false
01:51:48.500 [FXGL Background Thread 3 ] DEBUG Engine               - isClickFeedbackEnabled: false
01:51:48.500 [FXGL Background Thread 3 ] DEBUG Engine               - isCloseConfirmation: false
01:51:48.500 [FXGL Background Thread 3 ] DEBUG Engine               - isDesktop: true
01:51:48.500 [FXGL Background Thread 3 ] DEBUG Engine               - isDeveloperMenuEnabled: false
01:51:48.500 [FXGL Background Thread 3 ] DEBUG Engine               - isEmbedded: false
01:51:48.500 [FXGL Background Thread 3 ] DEBUG Engine               - isEntityPreloadEnabled: true
01:51:48.501 [FXGL Background Thread 3 ] DEBUG Engine               - isExperimentalTiledLargeMap: false
01:51:48.501 [FXGL Background Thread 3 ] DEBUG Engine               - isFileSystemWriteAllowed: true
01:51:48.501 [FXGL Background Thread 3 ] DEBUG Engine               - isFullScreenAllowed: false
01:51:48.501 [FXGL Background Thread 3 ] DEBUG Engine               - isFullScreenFromStart: false
01:51:48.501 [FXGL Background Thread 3 ] DEBUG Engine               - isGameMenuEnabled: true
01:51:48.501 [FXGL Background Thread 3 ] DEBUG Engine               - isIOS: false
01:51:48.501 [FXGL Background Thread 3 ] DEBUG Engine               - isIntroEnabled: false
01:51:48.501 [FXGL Background Thread 3 ] DEBUG Engine               - isLinux: false
01:51:48.501 [FXGL Background Thread 3 ] DEBUG Engine               - isMac: false
01:51:48.501 [FXGL Background Thread 3 ] DEBUG Engine               - isMainMenuEnabled: true
01:51:48.501 [FXGL Background Thread 3 ] DEBUG Engine               - isManualResizeEnabled: false
01:51:48.501 [FXGL Background Thread 3 ] DEBUG Engine               - isMobile: false
01:51:48.501 [FXGL Background Thread 3 ] DEBUG Engine               - isNative: false
01:51:48.501 [FXGL Background Thread 3 ] DEBUG Engine               - isPauseMusicWhenMinimized: true
01:51:48.501 [FXGL Background Thread 3 ] DEBUG Engine               - isPreserveResizeRatio: false
01:51:48.501 [FXGL Background Thread 3 ] DEBUG Engine               - isProfilingEnabled: false
01:51:48.501 [FXGL Background Thread 3 ] DEBUG Engine               - isScaleAffectedOnResize: true
01:51:48.501 [FXGL Background Thread 3 ] DEBUG Engine               - isSingleStep: false
01:51:48.501 [FXGL Background Thread 3 ] DEBUG Engine               - isUserProfileEnabled: false
01:51:48.501 [FXGL Background Thread 3 ] DEBUG Engine               - isWindows: true
01:51:48.501 [FXGL Background Thread 3 ] DEBUG Engine               - language: ObjectProperty [value: ENGLISH]
01:51:48.501 [FXGL Background Thread 3 ] DEBUG Engine               - menuKey: ESCAPE
01:51:48.501 [FXGL Background Thread 3 ] DEBUG Engine               - mouseSensitivity: 0.2
01:51:48.501 [FXGL Background Thread 3 ] DEBUG Engine               - notificationViewClass: class com.almasb.fxgl.notification.view.XboxNotificationView
01:51:48.501 [FXGL Background Thread 3 ] DEBUG Engine               - pixelsPerMeter: 50.0
01:51:48.501 [FXGL Background Thread 3 ] DEBUG Engine               - platform: WINDOWS
01:51:48.501 [FXGL Background Thread 3 ] DEBUG Engine               - prefHeightProperty: ReadOnlyDoubleProperty [value: 750.0]
01:51:48.501 [FXGL Background Thread 3 ] DEBUG Engine               - prefWidthProperty: ReadOnlyDoubleProperty [value: 1000.0]
01:51:48.501 [FXGL Background Thread 3 ] DEBUG Engine               - profileDir: profiles/
01:51:48.502 [FXGL Background Thread 3 ] DEBUG Engine               - profileName: StringProperty [value: DEFAULT]
01:51:48.502 [FXGL Background Thread 3 ] DEBUG Engine               - randomSeed: -1
01:51:48.502 [FXGL Background Thread 3 ] DEBUG Engine               - runtimeInfo: RuntimeInfo(platform=WINDOWS, version=17.2, build=20.08.2022 16.50)
01:51:48.502 [FXGL Background Thread 3 ] DEBUG Engine               - saveFileExt: sav
01:51:48.502 [FXGL Background Thread 3 ] DEBUG Engine               - scaledHeightProp$fxgl: DoubleProperty [bound, value: 750.0]
01:51:48.502 [FXGL Background Thread 3 ] DEBUG Engine               - scaledWidthProp$fxgl: DoubleProperty [bound, value: 1000.0]
01:51:48.502 [FXGL Background Thread 3 ] DEBUG Engine               - sceneFactory: com.almasb.fxgl.app.scene.SceneFactory@5de345dd
01:51:48.502 [FXGL Background Thread 3 ] DEBUG Engine               - secondsIn24h: 60
01:51:48.502 [FXGL Background Thread 3 ] DEBUG Engine               - soundMenuBack: menu/back.wav
01:51:48.502 [FXGL Background Thread 3 ] DEBUG Engine               - soundMenuPress: menu/press.wav
01:51:48.502 [FXGL Background Thread 3 ] DEBUG Engine               - soundMenuSelect: menu/select.wav
01:51:48.502 [FXGL Background Thread 3 ] DEBUG Engine               - soundNotification: core/notification.wav
01:51:48.502 [FXGL Background Thread 3 ] DEBUG Engine               - stageStyle: DECORATED
01:51:48.502 [FXGL Background Thread 3 ] DEBUG Engine               - supportedLanguages: [ENGLISH, FRENCH, GERMAN, HUNGARIAN, RUSSIAN]
01:51:48.502 [FXGL Background Thread 3 ] DEBUG Engine               - ticksPerSecond: -1
01:51:48.502 [FXGL Background Thread 3 ] DEBUG Engine               - title: 东方星月夜
01:51:48.502 [FXGL Background Thread 3 ] DEBUG Engine               - urlGithub: https://github.com/AlmasB/FXGL
01:51:48.502 [FXGL Background Thread 3 ] DEBUG Engine               - urlLeaderboard: http://fxgl-top.herokuapp.com/
01:51:48.502 [FXGL Background Thread 3 ] DEBUG Engine               - urlPOM: https://raw.githubusercontent.com/AlmasB/FXGL/release/README.md
01:51:48.502 [FXGL Background Thread 3 ] DEBUG Engine               - userAppClass: class game.StgGameApp
01:51:48.502 [FXGL Background Thread 3 ] DEBUG Engine               - version: （试行版）
01:51:48.502 [FXGL Background Thread 3 ] DEBUG Engine               - versionCheckDays: 7
01:51:48.502 [FXGL Background Thread 3 ] DEBUG Engine               - width: 1000
01:51:48.502 [FXGL Background Thread 3 ] DEBUG Engine               - Logging services
01:51:48.502 [FXGL Background Thread 3 ] DEBUG Engine               - class com.almasb.fxgl.app.services.FXGLAssetLoaderService
01:51:48.502 [FXGL Background Thread 3 ] DEBUG Engine               - class com.almasb.fxgl.app.FXGLApplication$GameApplicationService
01:51:48.502 [FXGL Background Thread 3 ] DEBUG Engine               - class com.almasb.fxgl.app.services.FXGLDialogService
01:51:48.502 [FXGL Background Thread 3 ] DEBUG Engine               - class com.almasb.fxgl.app.services.IOTaskExecutorService
01:51:48.502 [FXGL Background Thread 3 ] DEBUG Engine               - class com.almasb.fxgl.io.FileSystemService
01:51:48.502 [FXGL Background Thread 3 ] DEBUG Engine               - class com.almasb.fxgl.localization.LocalizationService
01:51:48.503 [FXGL Background Thread 3 ] DEBUG Engine               - class com.almasb.fxgl.app.services.SystemBundleService
01:51:48.503 [FXGL Background Thread 3 ] DEBUG Engine               - class com.almasb.fxgl.profile.SaveLoadService
01:51:48.503 [FXGL Background Thread 3 ] DEBUG Engine               - class com.almasb.fxgl.ui.FXGLUIFactoryServiceProvider
01:51:48.503 [FXGL Background Thread 3 ] DEBUG Engine               - class com.almasb.fxgl.ui.FXGLDialogFactoryServiceProvider
01:51:48.503 [FXGL Background Thread 3 ] DEBUG Engine               - class com.almasb.fxgl.audio.AudioPlayer
01:51:48.503 [FXGL Background Thread 3 ] DEBUG Engine               - class com.almasb.fxgl.notification.impl.NotificationServiceProvider
01:51:48.503 [FXGL Background Thread 3 ] DEBUG Engine               - class com.almasb.fxgl.achievement.AchievementService
01:51:48.503 [FXGL Background Thread 3 ] DEBUG Engine               - class com.almasb.fxgl.cutscene.CutsceneService
01:51:48.503 [FXGL Background Thread 3 ] DEBUG Engine               - class com.almasb.fxgl.minigames.MiniGameService
01:51:48.503 [FXGL Background Thread 3 ] DEBUG Engine               - class com.almasb.fxgl.net.NetService
01:51:48.503 [FXGL Background Thread 3 ] DEBUG Engine               - class com.almasb.fxgl.app.services.UpdaterService
01:51:48.503 [FXGL Background Thread 3 ] DEBUG Engine               - class com.almasb.fxgl.dev.DevService
01:51:58.246 [JavaFX Application Thread] DEBUG FXGLApplication      - Exiting FXGL
01:51:58.246 [JavaFX Application Thread] DEBUG LoopRunner           - Stopping loop
01:51:58.246 [JavaFX Application Thread] DEBUG SystemBundleService  - Saving FXGL system data
01:51:58.247 [JavaFX Application Thread] DEBUG FileSystemAccess     - Writing to: D:\A_Learning\java\TouHouStarryNight\system\fxgl.bundle
01:51:58.248 [JavaFX Application Thread] DEBUG Async                - Shutting down background threads
01:51:58.249 [JavaFX Application Thread] DEBUG PrimaryStageWindow   - Closing main window
01:51:58.260 [JavaFX Application Thread] DEBUG Logger               - Closing Logger
