08:33:30.935 [main                     ] DEBUG Logger               - Configured Logger
08:33:30.956 [main                     ] DEBUG GameApplication      - Logging settings
Title: 东方星月夜
Version: （试行版）
Width: 1000
Height: 750
Fullscreen: false
Intro: false
Profiling: false
Single step:false
App Mode: DEVELOPER
Menu Key: ESCAPE
Stage Style: DECORATED
Scene Factory: class com.almasb.fxgl.app.scene.SceneFactory

08:33:31.185 [JavaFX Application Thread] DEBUG FXGLApplication      - Initializing FXGL
08:33:31.190 [JavaFX Application Thread] INFO  Engine               - FXGL-17.2 (20.08.2022 16.50) on WINDOWS (J:18.0.1.1 FX:18)
08:33:31.191 [JavaFX Application Thread] DEBUG Engine               - JRE Vendor Name: Oracle Corporation
08:33:31.191 [JavaFX Application Thread] DEBUG Engine               - Running on OS: Windows 10 version 10.0
08:33:31.191 [JavaFX Application Thread] DEBUG Engine               - Architecture: amd64
08:33:31.191 [JavaFX Application Thread] INFO  Engine               - Source code and latest versions at: https://github.com/AlmasB/FXGL
08:33:31.191 [JavaFX Application Thread] INFO  Engine               -       Ask questions and discuss at: https://github.com/AlmasB/FXGL/discussions
08:33:31.191 [JavaFX Application Thread] INFO  Engine               -              Join the FXGL chat at: https://gitter.im/AlmasB/FXGL
08:33:31.252 [JavaFX Application Thread] DEBUG PrimaryStageWindow   - Creating a JavaFX scene
08:33:31.281 [JavaFX Application Thread] DEBUG PrimaryStageWindow   - Target settings size: 1000.0 x 750.0
08:33:31.281 [JavaFX Application Thread] DEBUG PrimaryStageWindow   - Scaled scene size:    1000.0 x 750.0
08:33:31.281 [JavaFX Application Thread] DEBUG PrimaryStageWindow   - Scaled ratio: (1.0, 1.0)
08:33:31.282 [JavaFX Application Thread] DEBUG PrimaryStageWindow   - Set initial scene to FXGLStartupScene
08:33:31.286 [JavaFX Application Thread] DEBUG PrimaryStageWindow   - Opening main window
08:33:31.350 [JavaFX Application Thread] DEBUG PrimaryStageWindow   - Window border size: (14.4000244140625, 38.0)
08:33:31.350 [JavaFX Application Thread] DEBUG PrimaryStageWindow   - Scaled size: 1000.0 x 750.0
08:33:31.350 [JavaFX Application Thread] DEBUG PrimaryStageWindow   - Scaled ratio: (1.0, 1.0)
08:33:31.350 [JavaFX Application Thread] DEBUG PrimaryStageWindow   - Scene size: 1000.0 x 750.0
08:33:31.351 [JavaFX Application Thread] DEBUG PrimaryStageWindow   - Stage size: 1014.4000244140625 x 788.0
08:33:31.356 [FXGL Background Thread 1 ] DEBUG Engine               - Initializing environment variables
08:33:31.394 [FXGL Background Thread 1 ] DEBUG FXGLAssetLoaderServi - User app class for loading assets: class game.StgGameApp
08:33:31.394 [FXGL Background Thread 1 ] DEBUG GameApplicationServi - Applying CSS: fxgl_dark.css
08:33:31.395 [FXGL Background Thread 1 ] DEBUG FXGLAssetLoaderServi - Loading from file system: jar:file:///D:/environment/.m2/repository/com/github/almasb/fxgl/17.2/fxgl-17.2.jar!/fxglassets/ui/css/fxgl_dark.css
08:33:31.440 [FXGL Background Thread 1 ] DEBUG GameApplicationServi - Initializing application scenes
08:33:31.497 [FXGL Background Thread 1 ] DEBUG GameWorld            - Game world initialized
08:33:31.536 [FXGL Background Thread 1 ] DEBUG PhysicsWorld         - Physics world initialized: appHeight=750, physics.ppm=50.0
08:33:31.536 [FXGL Background Thread 1 ] DEBUG PhysicsWorld         - Using strategy: BRUTE_FORCE
08:33:31.539 [FXGL Background Thread 1 ] DEBUG GameScene            - Game scene initialized: 1000x750
08:33:31.550 [FXGL Background Thread 1 ] DEBUG FXGL.DefaultMenu     - createMenuBodyMainMenu()
08:33:31.560 [FXGL Background Thread 1 ] DEBUG FXGL.DefaultMenu     - createOptionsMenu()
08:33:31.567 [FXGL Background Thread 1 ] DEBUG FXGLAssetLoaderServi - Loading from file system: jar:file:///D:/environment/.m2/repository/com/github/almasb/fxgl/17.2/fxgl-17.2.jar!/fxglassets/textures/particles/smoke.png
08:33:31.633 [FXGL Background Thread 1 ] DEBUG FXGLAssetLoaderServi - Loading from file system: jar:file:///D:/environment/.m2/repository/com/github/almasb/fxgl/17.2/fxgl-17.2.jar!/fxglassets/textures/particles/trace_horizontal.png
08:33:31.661 [FXGL Background Thread 1 ] DEBUG FXGL.DefaultMenu     - createMenuBodyGameMenu()
08:33:31.662 [FXGL Background Thread 1 ] DEBUG FXGL.DefaultMenu     - createOptionsMenu()
08:33:31.674 [FXGL Background Thread 1 ] DEBUG GameApplicationServi - Application scenes initialized
08:33:31.681 [FXGL Background Thread 1 ] DEBUG SystemBundleService  - Loading FXGL system data
08:33:31.684 [FXGL Background Thread 1 ] DEBUG FileSystemAccess     - Reading from: D:\A_Learning\java\TouHouStarryNight\system\fxgl.bundle
08:33:31.689 [FXGL Background Thread 1 ] DEBUG SystemBundleService  - Bundle FXGL: {}
08:33:31.689 [FXGL Background Thread 1 ] DEBUG UpdaterService       - Checking for updates
08:33:31.692 [FXGL Background Thread 4 ] DEBUG FXGLApplication      - Loading fonts
08:33:31.692 [FXGL Background Thread 1 ] DEBUG FXGLApplication      - Loading default localization
08:33:31.692 [FXGL Background Thread 4 ] DEBUG FXGLAssetLoaderServi - Loading from file system: jar:file:///D:/environment/.m2/repository/com/github/almasb/fxgl/17.2/fxgl-17.2.jar!/fxglassets/ui/fonts/VarelaRound-Regular.ttf
08:33:31.692 [FXGL Background Thread 1 ] DEBUG FXGLAssetLoaderServi - Loading from file system: jar:file:///D:/environment/.m2/repository/com/github/almasb/fxgl/17.2/fxgl-17.2.jar!/fxglassets/languages/english.lang
08:33:31.703 [FXGL Background Thread 1 ] INFO  FXGLApplication      - FXGL initialization took: 0.347 sec
08:33:31.712 [JavaFX Application Thread] DEBUG Input                - Registered new binding: action0 - Up
08:33:31.712 [JavaFX Application Thread] DEBUG Input                - Registered new binding: action1 - Down
08:33:31.713 [JavaFX Application Thread] DEBUG Input                - Registered new binding: action2 - Right
08:33:31.713 [JavaFX Application Thread] DEBUG Input                - Registered new binding: action3 - Left
08:33:31.713 [JavaFX Application Thread] DEBUG Input                - Registered new binding: Shoot - Z
08:33:31.713 [JavaFX Application Thread] DEBUG FXGLAssetLoaderServi - Loading from file system: file:/D:/A_Learning/java/TouHouStarryNight/target/classes/assets/textures/remi.png
08:33:31.769 [FXGL Background Thread 4 ] DEBUG FXGLAssetLoaderServi - Loading from file system: jar:file:///D:/environment/.m2/repository/com/github/almasb/fxgl/17.2/fxgl-17.2.jar!/fxglassets/ui/fonts/Abel-Regular.ttf
08:33:31.778 [FXGL Background Thread 4 ] DEBUG FXGLAssetLoaderServi - Loading from file system: jar:file:///D:/environment/.m2/repository/com/github/almasb/fxgl/17.2/fxgl-17.2.jar!/fxglassets/ui/fonts/TerminalLandMono-Regular.otf
08:33:31.785 [FXGL Background Thread 4 ] DEBUG FXGLAssetLoaderServi - Loading from file system: jar:file:///D:/environment/.m2/repository/com/github/almasb/fxgl/17.2/fxgl-17.2.jar!/fxglassets/ui/fonts/Courier-Prime.ttf
08:33:31.798 [JavaFX Application Thread] DEBUG FXGLAssetLoaderServi - Loading from file system: jar:file:///D:/environment/.m2/repository/com/github/almasb/fxgl/17.2/fxgl-17.2.jar!/fxglassets/textures/fxgl_default_cursor.png
08:33:31.799 [JavaFX Application Thread] DEBUG Input                - Registered new binding: Screenshot - CTRL+8
08:33:31.800 [JavaFX Application Thread] DEBUG Input                - Registered new binding: System info dump - CTRL+9
08:33:31.800 [JavaFX Application Thread] DEBUG Input                - Registered new binding: Restart - CTRL+R
08:33:31.800 [JavaFX Application Thread] DEBUG Input                - Registered new binding: Toggle Debug Camera - CTRL+7
08:33:31.801 [JavaFX Application Thread] DEBUG LoopRunner           - Starting loop
08:33:31.801 [JavaFX Application Thread] DEBUG LoopRunner           - Initializing JavaFX AnimationTimerLoop
08:33:31.803 [JavaFX Application Thread] DEBUG Input                - Clearing active input actions
08:33:31.808 [JavaFX Application Thread] DEBUG GameApplicationServi - Removing overlay from FXGLStartupScene and adding to FXGLMainMenuDummyScene
08:33:31.809 [JavaFX Application Thread] DEBUG PrimaryStageWindow   - FXGLStartupScene -> FXGLMainMenuDummyScene
08:33:31.809 [JavaFX Application Thread] DEBUG PrimaryStageWindow   - Push state: FXGLDefaultMenu
08:33:31.812 [JavaFX Application Thread] DEBUG Input                - Clearing active input actions
08:33:31.817 [JavaFX Application Thread] DEBUG GameApplicationServi - Removing overlay from FXGLMainMenuDummyScene and adding to FXGLDefaultMenu
08:33:31.817 [JavaFX Application Thread] DEBUG PrimaryStageWindow   - FXGLMainMenuDummyScene -> FXGLDefaultMenu
08:33:31.821 [JavaFX Application Thread] DEBUG FXGLApplication      - Registering font factories with UI factory
08:33:31.828 [FXGL Background Thread 2 ] WARN  UpdaterService       - Failed to find updates: java.net.UnknownHostException: raw.githubusercontent.com
08:33:32.665 [JavaFX Application Thread] DEBUG Menu                 - fireNewGame()
08:33:32.665 [JavaFX Application Thread] DEBUG GameApplicationServi - Starting new game
08:33:32.668 [JavaFX Application Thread] DEBUG PrimaryStageWindow   - Pop state: FXGLDefaultMenu
08:33:32.668 [JavaFX Application Thread] DEBUG Input                - Clearing active input actions
08:33:32.669 [JavaFX Application Thread] DEBUG GameApplicationServi - Removing overlay from FXGLDefaultMenu and adding to FXGLMainMenuDummyScene
08:33:32.669 [JavaFX Application Thread] DEBUG PrimaryStageWindow   - FXGLMainMenuDummyScene <- FXGLDefaultMenu
08:33:32.670 [JavaFX Application Thread] DEBUG Input                - Clearing active input actions
08:33:32.677 [JavaFX Application Thread] DEBUG GameApplicationServi - Removing overlay from FXGLMainMenuDummyScene and adding to FXGLLoadingScene
08:33:32.677 [JavaFX Application Thread] DEBUG PrimaryStageWindow   - FXGLMainMenuDummyScene -> FXGLLoadingScene
08:33:32.677 [JavaFX Application Thread] DEBUG GameApplicationServi - Clearing previous game
08:33:32.677 [JavaFX Application Thread] DEBUG GameScene            - Clearing game scene
08:33:32.677 [JavaFX Application Thread] DEBUG GameWorld            - Clearing game world
08:33:32.678 [JavaFX Application Thread] DEBUG PhysicsWorld         - Clearing physics world
08:33:32.679 [FXGL Background Thread 2 ] DEBUG FXGLApplication      - Initializing game
08:33:32.684 [FXGL Background Thread 2 ] DEBUG FXGLAssetLoaderServi - Loading from file system: file:/D:/A_Learning/java/TouHouStarryNight/target/classes/assets/textures/bg/RollBg.png
08:33:32.713 [FXGL Background Thread 2 ] DEBUG FXGLAssetLoaderServi - Loading from file system: file:/D:/A_Learning/java/TouHouStarryNight/target/classes/assets/textures/player/remi.png
08:33:32.730 [FXGL Background Thread 2 ] DEBUG FXGLAssetLoaderServi - Loading from file system: file:/D:/A_Learning/java/TouHouStarryNight/target/classes/assets/textures/boss/enm_reimu.png
08:33:32.737 [FXGL Background Thread 2 ] INFO  FXGLApplication      - Game initialization took: 0.058 sec
08:33:32.742 [JavaFX Application Thread] DEBUG Input                - Clearing active input actions
08:33:32.749 [JavaFX Application Thread] DEBUG GameApplicationServi - Removing overlay from FXGLLoadingScene and adding to GameScene
08:33:32.749 [JavaFX Application Thread] DEBUG PrimaryStageWindow   - FXGLLoadingScene -> GameScene
08:33:34.692 [FXGL Background Thread 3 ] DEBUG Engine               - Logging environment variables
08:33:34.693 [FXGL Background Thread 3 ] DEBUG Engine               - achievements: []
08:33:34.693 [FXGL Background Thread 3 ] DEBUG Engine               - actualHeight: 750.0
08:33:34.693 [FXGL Background Thread 3 ] DEBUG Engine               - actualHeightProperty: ReadOnlyDoubleProperty [value: 750.0]
08:33:34.693 [FXGL Background Thread 3 ] DEBUG Engine               - actualWidth: 1000.0
08:33:34.693 [FXGL Background Thread 3 ] DEBUG Engine               - actualWidthProperty: ReadOnlyDoubleProperty [value: 1000.0]
08:33:34.693 [FXGL Background Thread 3 ] DEBUG Engine               - appIcon: remi.png
08:33:34.693 [FXGL Background Thread 3 ] DEBUG Engine               - applicationMode: DEVELOPER
08:33:34.693 [FXGL Background Thread 3 ] DEBUG Engine               - cSSList: [fxgl_dark.css]
08:33:34.693 [FXGL Background Thread 3 ] DEBUG Engine               - collisionDetectionStrategy: BRUTE_FORCE
08:33:34.693 [FXGL Background Thread 3 ] DEBUG Engine               - configClass: Optional.empty
08:33:34.694 [FXGL Background Thread 3 ] DEBUG Engine               - credits: []
08:33:34.694 [FXGL Background Thread 3 ] DEBUG Engine               - defaultCursor: CursorInfo(imageName=fxgl_default_cursor.png, hotspotX=7.0, hotspotY=6.0)
08:33:34.694 [FXGL Background Thread 3 ] DEBUG Engine               - devBBoxColorProperty: ObjectProperty [value: 0xff0000ff]
08:33:34.694 [FXGL Background Thread 3 ] DEBUG Engine               - devEnableDebugCameraProperty: BooleanProperty [value: false]
08:33:34.694 [FXGL Background Thread 3 ] DEBUG Engine               - devSensorColorProperty: ObjectProperty [value: 0xffff00ff]
08:33:34.694 [FXGL Background Thread 3 ] DEBUG Engine               - devShowBBoxProperty: BooleanProperty [value: false]
08:33:34.694 [FXGL Background Thread 3 ] DEBUG Engine               - devShowPositionProperty: BooleanProperty [value: false]
08:33:34.695 [FXGL Background Thread 3 ] DEBUG Engine               - enabledMenuItems: []
08:33:34.695 [FXGL Background Thread 3 ] DEBUG Engine               - engineServices: [class com.almasb.fxgl.app.services.FXGLAssetLoaderService, class com.almasb.fxgl.app.FXGLApplication$GameApplicationService, class com.almasb.fxgl.app.services.FXGLDialogService, class com.almasb.fxgl.app.services.IOTaskExecutorService, class com.almasb.fxgl.io.FileSystemService, class com.almasb.fxgl.localization.LocalizationService, class com.almasb.fxgl.app.services.SystemBundleService, class com.almasb.fxgl.profile.SaveLoadService, class com.almasb.fxgl.ui.FXGLUIFactoryServiceProvider, class com.almasb.fxgl.ui.FXGLDialogFactoryServiceProvider, class com.almasb.fxgl.audio.AudioPlayer, class com.almasb.fxgl.notification.impl.NotificationServiceProvider, class com.almasb.fxgl.achievement.AchievementService, class com.almasb.fxgl.cutscene.CutsceneService, class com.almasb.fxgl.minigames.MiniGameService, class com.almasb.fxgl.net.NetService, class com.almasb.fxgl.app.services.UpdaterService, class com.almasb.fxgl.dev.DevService]
08:33:34.695 [FXGL Background Thread 3 ] DEBUG Engine               - fontGame: Abel-Regular.ttf
08:33:34.695 [FXGL Background Thread 3 ] DEBUG Engine               - fontMono: TerminalLandMono-Regular.otf
08:33:34.695 [FXGL Background Thread 3 ] DEBUG Engine               - fontText: Courier-Prime.ttf
08:33:34.695 [FXGL Background Thread 3 ] DEBUG Engine               - fontUI: VarelaRound-Regular.ttf
08:33:34.695 [FXGL Background Thread 3 ] DEBUG Engine               - fullScreen: BooleanProperty [value: false]
08:33:34.695 [FXGL Background Thread 3 ] DEBUG Engine               - gameDifficulty: MEDIUM
08:33:34.695 [FXGL Background Thread 3 ] DEBUG Engine               - gameDifficultyProperty: ObjectProperty [value: MEDIUM]
08:33:34.695 [FXGL Background Thread 3 ] DEBUG Engine               - globalMusicVolume: 0.5
08:33:34.695 [FXGL Background Thread 3 ] DEBUG Engine               - globalMusicVolumeProperty: DoubleProperty [value: 0.5]
08:33:34.695 [FXGL Background Thread 3 ] DEBUG Engine               - globalSoundVolume: 0.5
08:33:34.696 [FXGL Background Thread 3 ] DEBUG Engine               - globalSoundVolumeProperty: DoubleProperty [value: 0.5]
08:33:34.696 [FXGL Background Thread 3 ] DEBUG Engine               - height: 750
08:33:34.696 [FXGL Background Thread 3 ] DEBUG Engine               - is3D: false
08:33:34.696 [FXGL Background Thread 3 ] DEBUG Engine               - isAndroid: false
08:33:34.696 [FXGL Background Thread 3 ] DEBUG Engine               - isBrowser: false
08:33:34.696 [FXGL Background Thread 3 ] DEBUG Engine               - isClickFeedbackEnabled: false
08:33:34.696 [FXGL Background Thread 3 ] DEBUG Engine               - isCloseConfirmation: false
08:33:34.696 [FXGL Background Thread 3 ] DEBUG Engine               - isDesktop: true
08:33:34.696 [FXGL Background Thread 3 ] DEBUG Engine               - isDeveloperMenuEnabled: false
08:33:34.696 [FXGL Background Thread 3 ] DEBUG Engine               - isEmbedded: false
08:33:34.696 [FXGL Background Thread 3 ] DEBUG Engine               - isEntityPreloadEnabled: true
08:33:34.696 [FXGL Background Thread 3 ] DEBUG Engine               - isExperimentalTiledLargeMap: false
08:33:34.696 [FXGL Background Thread 3 ] DEBUG Engine               - isFileSystemWriteAllowed: true
08:33:34.696 [FXGL Background Thread 3 ] DEBUG Engine               - isFullScreenAllowed: false
08:33:34.696 [FXGL Background Thread 3 ] DEBUG Engine               - isFullScreenFromStart: false
08:33:34.696 [FXGL Background Thread 3 ] DEBUG Engine               - isGameMenuEnabled: true
08:33:34.696 [FXGL Background Thread 3 ] DEBUG Engine               - isIOS: false
08:33:34.696 [FXGL Background Thread 3 ] DEBUG Engine               - isIntroEnabled: false
08:33:34.696 [FXGL Background Thread 3 ] DEBUG Engine               - isLinux: false
08:33:34.696 [FXGL Background Thread 3 ] DEBUG Engine               - isMac: false
08:33:34.697 [FXGL Background Thread 3 ] DEBUG Engine               - isMainMenuEnabled: true
08:33:34.697 [FXGL Background Thread 3 ] DEBUG Engine               - isManualResizeEnabled: false
08:33:34.697 [FXGL Background Thread 3 ] DEBUG Engine               - isMobile: false
08:33:34.697 [FXGL Background Thread 3 ] DEBUG Engine               - isNative: false
08:33:34.697 [FXGL Background Thread 3 ] DEBUG Engine               - isPauseMusicWhenMinimized: true
08:33:34.697 [FXGL Background Thread 3 ] DEBUG Engine               - isPreserveResizeRatio: false
08:33:34.697 [FXGL Background Thread 3 ] DEBUG Engine               - isProfilingEnabled: false
08:33:34.697 [FXGL Background Thread 3 ] DEBUG Engine               - isScaleAffectedOnResize: true
08:33:34.697 [FXGL Background Thread 3 ] DEBUG Engine               - isSingleStep: false
08:33:34.697 [FXGL Background Thread 3 ] DEBUG Engine               - isUserProfileEnabled: false
08:33:34.697 [FXGL Background Thread 3 ] DEBUG Engine               - isWindows: true
08:33:34.697 [FXGL Background Thread 3 ] DEBUG Engine               - language: ObjectProperty [value: ENGLISH]
08:33:34.697 [FXGL Background Thread 3 ] DEBUG Engine               - menuKey: ESCAPE
08:33:34.697 [FXGL Background Thread 3 ] DEBUG Engine               - mouseSensitivity: 0.2
08:33:34.697 [FXGL Background Thread 3 ] DEBUG Engine               - notificationViewClass: class com.almasb.fxgl.notification.view.XboxNotificationView
08:33:34.697 [FXGL Background Thread 3 ] DEBUG Engine               - pixelsPerMeter: 50.0
08:33:34.697 [FXGL Background Thread 3 ] DEBUG Engine               - platform: WINDOWS
08:33:34.697 [FXGL Background Thread 3 ] DEBUG Engine               - prefHeightProperty: ReadOnlyDoubleProperty [value: 750.0]
08:33:34.697 [FXGL Background Thread 3 ] DEBUG Engine               - prefWidthProperty: ReadOnlyDoubleProperty [value: 1000.0]
08:33:34.697 [FXGL Background Thread 3 ] DEBUG Engine               - profileDir: profiles/
08:33:34.698 [FXGL Background Thread 3 ] DEBUG Engine               - profileName: StringProperty [value: DEFAULT]
08:33:34.698 [FXGL Background Thread 3 ] DEBUG Engine               - randomSeed: -1
08:33:34.698 [FXGL Background Thread 3 ] DEBUG Engine               - runtimeInfo: RuntimeInfo(platform=WINDOWS, version=17.2, build=20.08.2022 16.50)
08:33:34.698 [FXGL Background Thread 3 ] DEBUG Engine               - saveFileExt: sav
08:33:34.698 [FXGL Background Thread 3 ] DEBUG Engine               - scaledHeightProp$fxgl: DoubleProperty [bound, value: 750.0]
08:33:34.698 [FXGL Background Thread 3 ] DEBUG Engine               - scaledWidthProp$fxgl: DoubleProperty [bound, value: 1000.0]
08:33:34.698 [FXGL Background Thread 3 ] DEBUG Engine               - sceneFactory: com.almasb.fxgl.app.scene.SceneFactory@20fbe102
08:33:34.698 [FXGL Background Thread 3 ] DEBUG Engine               - secondsIn24h: 60
08:33:34.698 [FXGL Background Thread 3 ] DEBUG Engine               - soundMenuBack: menu/back.wav
08:33:34.698 [FXGL Background Thread 3 ] DEBUG Engine               - soundMenuPress: menu/press.wav
08:33:34.698 [FXGL Background Thread 3 ] DEBUG Engine               - soundMenuSelect: menu/select.wav
08:33:34.698 [FXGL Background Thread 3 ] DEBUG Engine               - soundNotification: core/notification.wav
08:33:34.698 [FXGL Background Thread 3 ] DEBUG Engine               - stageStyle: DECORATED
08:33:34.699 [FXGL Background Thread 3 ] DEBUG Engine               - supportedLanguages: [ENGLISH, FRENCH, GERMAN, HUNGARIAN, RUSSIAN]
08:33:34.699 [FXGL Background Thread 3 ] DEBUG Engine               - ticksPerSecond: -1
08:33:34.699 [FXGL Background Thread 3 ] DEBUG Engine               - title: 东方星月夜
08:33:34.699 [FXGL Background Thread 3 ] DEBUG Engine               - urlGithub: https://github.com/AlmasB/FXGL
08:33:34.699 [FXGL Background Thread 3 ] DEBUG Engine               - urlLeaderboard: http://fxgl-top.herokuapp.com/
08:33:34.699 [FXGL Background Thread 3 ] DEBUG Engine               - urlPOM: https://raw.githubusercontent.com/AlmasB/FXGL/release/README.md
08:33:34.699 [FXGL Background Thread 3 ] DEBUG Engine               - userAppClass: class game.StgGameApp
08:33:34.699 [FXGL Background Thread 3 ] DEBUG Engine               - version: （试行版）
08:33:34.699 [FXGL Background Thread 3 ] DEBUG Engine               - versionCheckDays: 7
08:33:34.699 [FXGL Background Thread 3 ] DEBUG Engine               - width: 1000
08:33:34.699 [FXGL Background Thread 3 ] DEBUG Engine               - Logging services
08:33:34.699 [FXGL Background Thread 3 ] DEBUG Engine               - class com.almasb.fxgl.app.services.FXGLAssetLoaderService
08:33:34.699 [FXGL Background Thread 3 ] DEBUG Engine               - class com.almasb.fxgl.app.FXGLApplication$GameApplicationService
08:33:34.699 [FXGL Background Thread 3 ] DEBUG Engine               - class com.almasb.fxgl.app.services.FXGLDialogService
08:33:34.699 [FXGL Background Thread 3 ] DEBUG Engine               - class com.almasb.fxgl.app.services.IOTaskExecutorService
08:33:34.699 [FXGL Background Thread 3 ] DEBUG Engine               - class com.almasb.fxgl.io.FileSystemService
08:33:34.699 [FXGL Background Thread 3 ] DEBUG Engine               - class com.almasb.fxgl.localization.LocalizationService
08:33:34.699 [FXGL Background Thread 3 ] DEBUG Engine               - class com.almasb.fxgl.app.services.SystemBundleService
08:33:34.699 [FXGL Background Thread 3 ] DEBUG Engine               - class com.almasb.fxgl.profile.SaveLoadService
08:33:34.699 [FXGL Background Thread 3 ] DEBUG Engine               - class com.almasb.fxgl.ui.FXGLUIFactoryServiceProvider
08:33:34.699 [FXGL Background Thread 3 ] DEBUG Engine               - class com.almasb.fxgl.ui.FXGLDialogFactoryServiceProvider
08:33:34.699 [FXGL Background Thread 3 ] DEBUG Engine               - class com.almasb.fxgl.audio.AudioPlayer
08:33:34.699 [FXGL Background Thread 3 ] DEBUG Engine               - class com.almasb.fxgl.notification.impl.NotificationServiceProvider
08:33:34.700 [FXGL Background Thread 3 ] DEBUG Engine               - class com.almasb.fxgl.achievement.AchievementService
08:33:34.700 [FXGL Background Thread 3 ] DEBUG Engine               - class com.almasb.fxgl.cutscene.CutsceneService
08:33:34.700 [FXGL Background Thread 3 ] DEBUG Engine               - class com.almasb.fxgl.minigames.MiniGameService
08:33:34.700 [FXGL Background Thread 3 ] DEBUG Engine               - class com.almasb.fxgl.net.NetService
08:33:34.700 [FXGL Background Thread 3 ] DEBUG Engine               - class com.almasb.fxgl.app.services.UpdaterService
08:33:34.700 [FXGL Background Thread 3 ] DEBUG Engine               - class com.almasb.fxgl.dev.DevService
08:33:35.163 [JavaFX Application Thread] DEBUG FXGLAssetLoaderServi - Loading from file system: file:/D:/A_Learning/java/TouHouStarryNight/target/classes/assets/textures/bullet/etama_remu_0.png
08:33:35.172 [JavaFX Application Thread] DEBUG FXGLAssetLoaderServi - Loading from file system: file:/D:/A_Learning/java/TouHouStarryNight/target/classes/assets/textures/bullet/etama_remu_1.png
08:33:43.658 [JavaFX Application Thread] DEBUG FXGLAssetLoaderServi - Loading from file system: file:/D:/A_Learning/java/TouHouStarryNight/target/classes/assets/textures/bullet/etama_remi_1.png
08:34:01.842 [JavaFX Application Thread] DEBUG FXGLApplication      - Exiting FXGL
08:34:01.842 [JavaFX Application Thread] DEBUG LoopRunner           - Stopping loop
08:34:01.842 [JavaFX Application Thread] DEBUG SystemBundleService  - Saving FXGL system data
08:34:01.843 [JavaFX Application Thread] DEBUG FileSystemAccess     - Writing to: D:\A_Learning\java\TouHouStarryNight\system\fxgl.bundle
08:34:01.844 [JavaFX Application Thread] DEBUG Async                - Shutting down background threads
08:34:01.844 [JavaFX Application Thread] DEBUG PrimaryStageWindow   - Closing main window
08:34:01.856 [JavaFX Application Thread] DEBUG Logger               - Closing Logger
