11:52:33.295 [main                     ] DEBUG Logger               - Configured Logger
11:52:33.314 [main                     ] DEBUG GameApplication      - Logging settings
Title: 东方星月夜
Version: （试行版）
Width: 1000
Height: 750
Fullscreen: false
Intro: false
Profiling: false
Single step:false
App Mode: DEVELOPER
Menu Key: ESCAPE
Stage Style: DECORATED
Scene Factory: class com.almasb.fxgl.app.scene.SceneFactory

11:52:33.604 [JavaFX Application Thread] DEBUG FXGLApplication      - Initializing FXGL
11:52:33.609 [JavaFX Application Thread] INFO  Engine               - FXGL-17.2 (20.08.2022 16.50) on WINDOWS (J:18.0.1.1 FX:18)
11:52:33.609 [JavaFX Application Thread] DEBUG Engine               - JRE Vendor Name: Oracle Corporation
11:52:33.610 [JavaFX Application Thread] DEBUG Engine               - Running on OS: Windows 10 version 10.0
11:52:33.610 [JavaFX Application Thread] DEBUG Engine               - Architecture: amd64
11:52:33.610 [JavaFX Application Thread] INFO  Engine               - Source code and latest versions at: https://github.com/AlmasB/FXGL
11:52:33.610 [JavaFX Application Thread] INFO  Engine               -       Ask questions and discuss at: https://github.com/AlmasB/FXGL/discussions
11:52:33.610 [JavaFX Application Thread] INFO  Engine               -              Join the FXGL chat at: https://gitter.im/AlmasB/FXGL
11:52:33.680 [JavaFX Application Thread] DEBUG PrimaryStageWindow   - Creating a JavaFX scene
11:52:33.726 [JavaFX Application Thread] DEBUG PrimaryStageWindow   - Target settings size: 1000.0 x 750.0
11:52:33.726 [JavaFX Application Thread] DEBUG PrimaryStageWindow   - Scaled scene size:    1000.0 x 750.0
11:52:33.726 [JavaFX Application Thread] DEBUG PrimaryStageWindow   - Scaled ratio: (1.0, 1.0)
11:52:33.727 [JavaFX Application Thread] DEBUG PrimaryStageWindow   - Set initial scene to FXGLStartupScene
11:52:33.732 [JavaFX Application Thread] DEBUG PrimaryStageWindow   - Opening main window
11:52:33.809 [JavaFX Application Thread] DEBUG PrimaryStageWindow   - Window border size: (14.4000244140625, 38.0)
11:52:33.810 [JavaFX Application Thread] DEBUG PrimaryStageWindow   - Scaled size: 1000.0 x 750.0
11:52:33.810 [JavaFX Application Thread] DEBUG PrimaryStageWindow   - Scaled ratio: (1.0, 1.0)
11:52:33.810 [JavaFX Application Thread] DEBUG PrimaryStageWindow   - Scene size: 1000.0 x 750.0
11:52:33.810 [JavaFX Application Thread] DEBUG PrimaryStageWindow   - Stage size: 1014.4000244140625 x 788.0
11:52:33.817 [FXGL Background Thread 1 ] DEBUG Engine               - Initializing environment variables
11:52:33.858 [FXGL Background Thread 1 ] DEBUG FXGLAssetLoaderServi - User app class for loading assets: class game.StgGameApp
11:52:33.859 [FXGL Background Thread 1 ] DEBUG GameApplicationServi - Applying CSS: fxgl_dark.css
11:52:33.859 [FXGL Background Thread 1 ] DEBUG FXGLAssetLoaderServi - Loading from file system: jar:file:///D:/environment/.m2/repository/com/github/almasb/fxgl/17.2/fxgl-17.2.jar!/fxglassets/ui/css/fxgl_dark.css
11:52:33.893 [FXGL Background Thread 1 ] DEBUG GameApplicationServi - Initializing application scenes
11:52:33.951 [FXGL Background Thread 1 ] DEBUG GameWorld            - Game world initialized
11:52:33.988 [FXGL Background Thread 1 ] DEBUG PhysicsWorld         - Physics world initialized: appHeight=750, physics.ppm=50.0
11:52:33.989 [FXGL Background Thread 1 ] DEBUG PhysicsWorld         - Using strategy: BRUTE_FORCE
11:52:33.991 [FXGL Background Thread 1 ] DEBUG GameScene            - Game scene initialized: 1000x750
11:52:34.000 [FXGL Background Thread 1 ] DEBUG FXGL.DefaultMenu     - createMenuBodyMainMenu()
11:52:34.008 [FXGL Background Thread 1 ] DEBUG FXGL.DefaultMenu     - createOptionsMenu()
11:52:34.016 [FXGL Background Thread 1 ] DEBUG FXGLAssetLoaderServi - Loading from file system: jar:file:///D:/environment/.m2/repository/com/github/almasb/fxgl/17.2/fxgl-17.2.jar!/fxglassets/textures/particles/smoke.png
11:52:34.087 [FXGL Background Thread 1 ] DEBUG FXGLAssetLoaderServi - Loading from file system: jar:file:///D:/environment/.m2/repository/com/github/almasb/fxgl/17.2/fxgl-17.2.jar!/fxglassets/textures/particles/trace_horizontal.png
11:52:34.119 [FXGL Background Thread 1 ] DEBUG FXGL.DefaultMenu     - createMenuBodyGameMenu()
11:52:34.121 [FXGL Background Thread 1 ] DEBUG FXGL.DefaultMenu     - createOptionsMenu()
11:52:34.135 [FXGL Background Thread 1 ] DEBUG GameApplicationServi - Application scenes initialized
11:52:34.142 [FXGL Background Thread 1 ] DEBUG SystemBundleService  - Loading FXGL system data
11:52:34.151 [FXGL Background Thread 1 ] DEBUG FileSystemAccess     - Reading from: D:\A_Learning\java\TouHouStarryNight\system\fxgl.bundle
11:52:34.159 [FXGL Background Thread 1 ] DEBUG SystemBundleService  - Bundle FXGL: {}
11:52:34.159 [FXGL Background Thread 1 ] DEBUG UpdaterService       - Checking for updates
11:52:34.162 [FXGL Background Thread 4 ] DEBUG FXGLApplication      - Loading fonts
11:52:34.162 [FXGL Background Thread 1 ] DEBUG FXGLApplication      - Loading default localization
11:52:34.162 [FXGL Background Thread 4 ] DEBUG FXGLAssetLoaderServi - Loading from file system: jar:file:///D:/environment/.m2/repository/com/github/almasb/fxgl/17.2/fxgl-17.2.jar!/fxglassets/ui/fonts/VarelaRound-Regular.ttf
11:52:34.162 [FXGL Background Thread 1 ] DEBUG FXGLAssetLoaderServi - Loading from file system: jar:file:///D:/environment/.m2/repository/com/github/almasb/fxgl/17.2/fxgl-17.2.jar!/fxglassets/languages/english.lang
11:52:34.176 [FXGL Background Thread 1 ] INFO  FXGLApplication      - FXGL initialization took: 0.358 sec
11:52:34.185 [JavaFX Application Thread] DEBUG Input                - Registered new binding: action0 - Up
11:52:34.185 [JavaFX Application Thread] DEBUG Input                - Registered new binding: action1 - Down
11:52:34.185 [JavaFX Application Thread] DEBUG Input                - Registered new binding: action2 - Right
11:52:34.186 [JavaFX Application Thread] DEBUG Input                - Registered new binding: action3 - Left
11:52:34.186 [JavaFX Application Thread] DEBUG Input                - Registered new binding: Shoot - Z
11:52:34.186 [JavaFX Application Thread] DEBUG FXGLAssetLoaderServi - Loading from file system: file:/D:/A_Learning/java/TouHouStarryNight/target/classes/assets/textures/remi.png
11:52:34.246 [FXGL Background Thread 4 ] DEBUG FXGLAssetLoaderServi - Loading from file system: jar:file:///D:/environment/.m2/repository/com/github/almasb/fxgl/17.2/fxgl-17.2.jar!/fxglassets/ui/fonts/Abel-Regular.ttf
11:52:34.253 [FXGL Background Thread 4 ] DEBUG FXGLAssetLoaderServi - Loading from file system: jar:file:///D:/environment/.m2/repository/com/github/almasb/fxgl/17.2/fxgl-17.2.jar!/fxglassets/ui/fonts/TerminalLandMono-Regular.otf
11:52:34.261 [FXGL Background Thread 4 ] DEBUG FXGLAssetLoaderServi - Loading from file system: jar:file:///D:/environment/.m2/repository/com/github/almasb/fxgl/17.2/fxgl-17.2.jar!/fxglassets/ui/fonts/Courier-Prime.ttf
11:52:34.275 [JavaFX Application Thread] DEBUG FXGLAssetLoaderServi - Loading from file system: jar:file:///D:/environment/.m2/repository/com/github/almasb/fxgl/17.2/fxgl-17.2.jar!/fxglassets/textures/fxgl_default_cursor.png
11:52:34.277 [JavaFX Application Thread] DEBUG Input                - Registered new binding: Screenshot - CTRL+8
11:52:34.277 [JavaFX Application Thread] DEBUG Input                - Registered new binding: System info dump - CTRL+9
11:52:34.277 [JavaFX Application Thread] DEBUG Input                - Registered new binding: Restart - CTRL+R
11:52:34.277 [JavaFX Application Thread] DEBUG Input                - Registered new binding: Toggle Debug Camera - CTRL+7
11:52:34.279 [JavaFX Application Thread] DEBUG LoopRunner           - Starting loop
11:52:34.279 [JavaFX Application Thread] DEBUG LoopRunner           - Initializing JavaFX AnimationTimerLoop
11:52:34.280 [JavaFX Application Thread] DEBUG Input                - Clearing active input actions
11:52:34.284 [JavaFX Application Thread] DEBUG GameApplicationServi - Removing overlay from FXGLStartupScene and adding to FXGLMainMenuDummyScene
11:52:34.284 [JavaFX Application Thread] DEBUG PrimaryStageWindow   - FXGLStartupScene -> FXGLMainMenuDummyScene
11:52:34.284 [JavaFX Application Thread] DEBUG PrimaryStageWindow   - Push state: FXGLDefaultMenu
11:52:34.287 [JavaFX Application Thread] DEBUG Input                - Clearing active input actions
11:52:34.291 [JavaFX Application Thread] DEBUG GameApplicationServi - Removing overlay from FXGLMainMenuDummyScene and adding to FXGLDefaultMenu
11:52:34.292 [JavaFX Application Thread] DEBUG PrimaryStageWindow   - FXGLMainMenuDummyScene -> FXGLDefaultMenu
11:52:34.292 [JavaFX Application Thread] DEBUG FXGLApplication      - Registering font factories with UI factory
11:52:34.369 [FXGL Background Thread 2 ] WARN  UpdaterService       - Failed to find updates: java.net.UnknownHostException: raw.githubusercontent.com
11:52:36.105 [JavaFX Application Thread] DEBUG Menu                 - fireNewGame()
11:52:36.105 [JavaFX Application Thread] DEBUG GameApplicationServi - Starting new game
11:52:36.106 [JavaFX Application Thread] DEBUG PrimaryStageWindow   - Pop state: FXGLDefaultMenu
11:52:36.106 [JavaFX Application Thread] DEBUG Input                - Clearing active input actions
11:52:36.107 [JavaFX Application Thread] DEBUG GameApplicationServi - Removing overlay from FXGLDefaultMenu and adding to FXGLMainMenuDummyScene
11:52:36.107 [JavaFX Application Thread] DEBUG PrimaryStageWindow   - FXGLMainMenuDummyScene <- FXGLDefaultMenu
11:52:36.108 [JavaFX Application Thread] DEBUG Input                - Clearing active input actions
11:52:36.114 [JavaFX Application Thread] DEBUG GameApplicationServi - Removing overlay from FXGLMainMenuDummyScene and adding to FXGLLoadingScene
11:52:36.114 [JavaFX Application Thread] DEBUG PrimaryStageWindow   - FXGLMainMenuDummyScene -> FXGLLoadingScene
11:52:36.114 [JavaFX Application Thread] DEBUG GameApplicationServi - Clearing previous game
11:52:36.114 [JavaFX Application Thread] DEBUG GameScene            - Clearing game scene
11:52:36.114 [JavaFX Application Thread] DEBUG GameWorld            - Clearing game world
11:52:36.114 [JavaFX Application Thread] DEBUG PhysicsWorld         - Clearing physics world
11:52:36.115 [FXGL Background Thread 2 ] DEBUG FXGLApplication      - Initializing game
11:52:36.125 [FXGL Background Thread 2 ] DEBUG FXGLAssetLoaderServi - Loading from file system: file:/D:/A_Learning/java/TouHouStarryNight/target/classes/assets/textures/bg/RollBg.png
11:52:36.160 [FXGL Background Thread 2 ] DEBUG FXGLAssetLoaderServi - Loading from file system: file:/D:/A_Learning/java/TouHouStarryNight/target/classes/assets/textures/player/remi.png
11:52:36.180 [FXGL Background Thread 2 ] DEBUG FXGLAssetLoaderServi - Loading from file system: file:/D:/A_Learning/java/TouHouStarryNight/target/classes/assets/textures/boss/enm_reimu.png
11:52:36.198 [FXGL Background Thread 2 ] INFO  FXGLApplication      - Game initialization took: 0.082 sec
11:52:36.199 [JavaFX Application Thread] DEBUG Input                - Clearing active input actions
11:52:36.202 [JavaFX Application Thread] DEBUG GameApplicationServi - Removing overlay from FXGLLoadingScene and adding to GameScene
11:52:36.203 [JavaFX Application Thread] DEBUG PrimaryStageWindow   - FXGLLoadingScene -> GameScene
11:52:37.162 [FXGL Background Thread 3 ] DEBUG Engine               - Logging environment variables
11:52:37.162 [FXGL Background Thread 3 ] DEBUG Engine               - achievements: []
11:52:37.162 [FXGL Background Thread 3 ] DEBUG Engine               - actualHeight: 750.0
11:52:37.162 [FXGL Background Thread 3 ] DEBUG Engine               - actualHeightProperty: ReadOnlyDoubleProperty [value: 750.0]
11:52:37.162 [FXGL Background Thread 3 ] DEBUG Engine               - actualWidth: 1000.0
11:52:37.162 [FXGL Background Thread 3 ] DEBUG Engine               - actualWidthProperty: ReadOnlyDoubleProperty [value: 1000.0]
11:52:37.162 [FXGL Background Thread 3 ] DEBUG Engine               - appIcon: remi.png
11:52:37.162 [FXGL Background Thread 3 ] DEBUG Engine               - applicationMode: DEVELOPER
11:52:37.163 [FXGL Background Thread 3 ] DEBUG Engine               - cSSList: [fxgl_dark.css]
11:52:37.163 [FXGL Background Thread 3 ] DEBUG Engine               - collisionDetectionStrategy: BRUTE_FORCE
11:52:37.163 [FXGL Background Thread 3 ] DEBUG Engine               - configClass: Optional.empty
11:52:37.163 [FXGL Background Thread 3 ] DEBUG Engine               - credits: []
11:52:37.163 [FXGL Background Thread 3 ] DEBUG Engine               - defaultCursor: CursorInfo(imageName=fxgl_default_cursor.png, hotspotX=7.0, hotspotY=6.0)
11:52:37.163 [FXGL Background Thread 3 ] DEBUG Engine               - devBBoxColorProperty: ObjectProperty [value: 0xff0000ff]
11:52:37.163 [FXGL Background Thread 3 ] DEBUG Engine               - devEnableDebugCameraProperty: BooleanProperty [value: false]
11:52:37.163 [FXGL Background Thread 3 ] DEBUG Engine               - devSensorColorProperty: ObjectProperty [value: 0xffff00ff]
11:52:37.163 [FXGL Background Thread 3 ] DEBUG Engine               - devShowBBoxProperty: BooleanProperty [value: false]
11:52:37.163 [FXGL Background Thread 3 ] DEBUG Engine               - devShowPositionProperty: BooleanProperty [value: false]
11:52:37.163 [FXGL Background Thread 3 ] DEBUG Engine               - enabledMenuItems: []
11:52:37.163 [FXGL Background Thread 3 ] DEBUG Engine               - engineServices: [class com.almasb.fxgl.app.services.FXGLAssetLoaderService, class com.almasb.fxgl.app.FXGLApplication$GameApplicationService, class com.almasb.fxgl.app.services.FXGLDialogService, class com.almasb.fxgl.app.services.IOTaskExecutorService, class com.almasb.fxgl.io.FileSystemService, class com.almasb.fxgl.localization.LocalizationService, class com.almasb.fxgl.app.services.SystemBundleService, class com.almasb.fxgl.profile.SaveLoadService, class com.almasb.fxgl.ui.FXGLUIFactoryServiceProvider, class com.almasb.fxgl.ui.FXGLDialogFactoryServiceProvider, class com.almasb.fxgl.audio.AudioPlayer, class com.almasb.fxgl.notification.impl.NotificationServiceProvider, class com.almasb.fxgl.achievement.AchievementService, class com.almasb.fxgl.cutscene.CutsceneService, class com.almasb.fxgl.minigames.MiniGameService, class com.almasb.fxgl.net.NetService, class com.almasb.fxgl.app.services.UpdaterService, class com.almasb.fxgl.dev.DevService]
11:52:37.163 [FXGL Background Thread 3 ] DEBUG Engine               - fontGame: Abel-Regular.ttf
11:52:37.163 [FXGL Background Thread 3 ] DEBUG Engine               - fontMono: TerminalLandMono-Regular.otf
11:52:37.163 [FXGL Background Thread 3 ] DEBUG Engine               - fontText: Courier-Prime.ttf
11:52:37.163 [FXGL Background Thread 3 ] DEBUG Engine               - fontUI: VarelaRound-Regular.ttf
11:52:37.163 [FXGL Background Thread 3 ] DEBUG Engine               - fullScreen: BooleanProperty [value: false]
11:52:37.164 [FXGL Background Thread 3 ] DEBUG Engine               - gameDifficulty: MEDIUM
11:52:37.164 [FXGL Background Thread 3 ] DEBUG Engine               - gameDifficultyProperty: ObjectProperty [value: MEDIUM]
11:52:37.164 [FXGL Background Thread 3 ] DEBUG Engine               - globalMusicVolume: 0.5
11:52:37.164 [FXGL Background Thread 3 ] DEBUG Engine               - globalMusicVolumeProperty: DoubleProperty [value: 0.5]
11:52:37.164 [FXGL Background Thread 3 ] DEBUG Engine               - globalSoundVolume: 0.5
11:52:37.164 [FXGL Background Thread 3 ] DEBUG Engine               - globalSoundVolumeProperty: DoubleProperty [value: 0.5]
11:52:37.164 [FXGL Background Thread 3 ] DEBUG Engine               - height: 750
11:52:37.164 [FXGL Background Thread 3 ] DEBUG Engine               - is3D: false
11:52:37.164 [FXGL Background Thread 3 ] DEBUG Engine               - isAndroid: false
11:52:37.164 [FXGL Background Thread 3 ] DEBUG Engine               - isBrowser: false
11:52:37.164 [FXGL Background Thread 3 ] DEBUG Engine               - isClickFeedbackEnabled: false
11:52:37.164 [FXGL Background Thread 3 ] DEBUG Engine               - isCloseConfirmation: false
11:52:37.164 [FXGL Background Thread 3 ] DEBUG Engine               - isDesktop: true
11:52:37.164 [FXGL Background Thread 3 ] DEBUG Engine               - isDeveloperMenuEnabled: false
11:52:37.164 [FXGL Background Thread 3 ] DEBUG Engine               - isEmbedded: false
11:52:37.164 [FXGL Background Thread 3 ] DEBUG Engine               - isEntityPreloadEnabled: true
11:52:37.164 [FXGL Background Thread 3 ] DEBUG Engine               - isExperimentalTiledLargeMap: false
11:52:37.164 [FXGL Background Thread 3 ] DEBUG Engine               - isFileSystemWriteAllowed: true
11:52:37.165 [FXGL Background Thread 3 ] DEBUG Engine               - isFullScreenAllowed: false
11:52:37.165 [FXGL Background Thread 3 ] DEBUG Engine               - isFullScreenFromStart: false
11:52:37.165 [FXGL Background Thread 3 ] DEBUG Engine               - isGameMenuEnabled: true
11:52:37.165 [FXGL Background Thread 3 ] DEBUG Engine               - isIOS: false
11:52:37.165 [FXGL Background Thread 3 ] DEBUG Engine               - isIntroEnabled: false
11:52:37.165 [FXGL Background Thread 3 ] DEBUG Engine               - isLinux: false
11:52:37.165 [FXGL Background Thread 3 ] DEBUG Engine               - isMac: false
11:52:37.165 [FXGL Background Thread 3 ] DEBUG Engine               - isMainMenuEnabled: true
11:52:37.165 [FXGL Background Thread 3 ] DEBUG Engine               - isManualResizeEnabled: false
11:52:37.165 [FXGL Background Thread 3 ] DEBUG Engine               - isMobile: false
11:52:37.165 [FXGL Background Thread 3 ] DEBUG Engine               - isNative: false
11:52:37.165 [FXGL Background Thread 3 ] DEBUG Engine               - isPauseMusicWhenMinimized: true
11:52:37.165 [FXGL Background Thread 3 ] DEBUG Engine               - isPreserveResizeRatio: false
11:52:37.165 [FXGL Background Thread 3 ] DEBUG Engine               - isProfilingEnabled: false
11:52:37.165 [FXGL Background Thread 3 ] DEBUG Engine               - isScaleAffectedOnResize: true
11:52:37.165 [FXGL Background Thread 3 ] DEBUG Engine               - isSingleStep: false
11:52:37.165 [FXGL Background Thread 3 ] DEBUG Engine               - isUserProfileEnabled: false
11:52:37.165 [FXGL Background Thread 3 ] DEBUG Engine               - isWindows: true
11:52:37.165 [FXGL Background Thread 3 ] DEBUG Engine               - language: ObjectProperty [value: ENGLISH]
11:52:37.165 [FXGL Background Thread 3 ] DEBUG Engine               - menuKey: ESCAPE
11:52:37.165 [FXGL Background Thread 3 ] DEBUG Engine               - mouseSensitivity: 0.2
11:52:37.165 [FXGL Background Thread 3 ] DEBUG Engine               - notificationViewClass: class com.almasb.fxgl.notification.view.XboxNotificationView
11:52:37.165 [FXGL Background Thread 3 ] DEBUG Engine               - pixelsPerMeter: 50.0
11:52:37.165 [FXGL Background Thread 3 ] DEBUG Engine               - platform: WINDOWS
11:52:37.165 [FXGL Background Thread 3 ] DEBUG Engine               - prefHeightProperty: ReadOnlyDoubleProperty [value: 750.0]
11:52:37.165 [FXGL Background Thread 3 ] DEBUG Engine               - prefWidthProperty: ReadOnlyDoubleProperty [value: 1000.0]
11:52:37.165 [FXGL Background Thread 3 ] DEBUG Engine               - profileDir: profiles/
11:52:37.165 [FXGL Background Thread 3 ] DEBUG Engine               - profileName: StringProperty [value: DEFAULT]
11:52:37.165 [FXGL Background Thread 3 ] DEBUG Engine               - randomSeed: -1
11:52:37.166 [FXGL Background Thread 3 ] DEBUG Engine               - runtimeInfo: RuntimeInfo(platform=WINDOWS, version=17.2, build=20.08.2022 16.50)
11:52:37.166 [FXGL Background Thread 3 ] DEBUG Engine               - saveFileExt: sav
11:52:37.166 [FXGL Background Thread 3 ] DEBUG Engine               - scaledHeightProp$fxgl: DoubleProperty [bound, value: 750.0]
11:52:37.166 [FXGL Background Thread 3 ] DEBUG Engine               - scaledWidthProp$fxgl: DoubleProperty [bound, value: 1000.0]
11:52:37.166 [FXGL Background Thread 3 ] DEBUG Engine               - sceneFactory: com.almasb.fxgl.app.scene.SceneFactory@26e32f17
11:52:37.166 [FXGL Background Thread 3 ] DEBUG Engine               - secondsIn24h: 60
11:52:37.166 [FXGL Background Thread 3 ] DEBUG Engine               - soundMenuBack: menu/back.wav
11:52:37.166 [FXGL Background Thread 3 ] DEBUG Engine               - soundMenuPress: menu/press.wav
11:52:37.166 [FXGL Background Thread 3 ] DEBUG Engine               - soundMenuSelect: menu/select.wav
11:52:37.166 [FXGL Background Thread 3 ] DEBUG Engine               - soundNotification: core/notification.wav
11:52:37.166 [FXGL Background Thread 3 ] DEBUG Engine               - stageStyle: DECORATED
11:52:37.166 [FXGL Background Thread 3 ] DEBUG Engine               - supportedLanguages: [ENGLISH, FRENCH, GERMAN, HUNGARIAN, RUSSIAN]
11:52:37.166 [FXGL Background Thread 3 ] DEBUG Engine               - ticksPerSecond: -1
11:52:37.166 [FXGL Background Thread 3 ] DEBUG Engine               - title: 东方星月夜
11:52:37.166 [FXGL Background Thread 3 ] DEBUG Engine               - urlGithub: https://github.com/AlmasB/FXGL
11:52:37.166 [FXGL Background Thread 3 ] DEBUG Engine               - urlLeaderboard: http://fxgl-top.herokuapp.com/
11:52:37.166 [FXGL Background Thread 3 ] DEBUG Engine               - urlPOM: https://raw.githubusercontent.com/AlmasB/FXGL/release/README.md
11:52:37.166 [FXGL Background Thread 3 ] DEBUG Engine               - userAppClass: class game.StgGameApp
11:52:37.166 [FXGL Background Thread 3 ] DEBUG Engine               - version: （试行版）
11:52:37.166 [FXGL Background Thread 3 ] DEBUG Engine               - versionCheckDays: 7
11:52:37.166 [FXGL Background Thread 3 ] DEBUG Engine               - width: 1000
11:52:37.166 [FXGL Background Thread 3 ] DEBUG Engine               - Logging services
11:52:37.166 [FXGL Background Thread 3 ] DEBUG Engine               - class com.almasb.fxgl.app.services.FXGLAssetLoaderService
11:52:37.166 [FXGL Background Thread 3 ] DEBUG Engine               - class com.almasb.fxgl.app.FXGLApplication$GameApplicationService
11:52:37.166 [FXGL Background Thread 3 ] DEBUG Engine               - class com.almasb.fxgl.app.services.FXGLDialogService
11:52:37.167 [FXGL Background Thread 3 ] DEBUG Engine               - class com.almasb.fxgl.app.services.IOTaskExecutorService
11:52:37.167 [FXGL Background Thread 3 ] DEBUG Engine               - class com.almasb.fxgl.io.FileSystemService
11:52:37.167 [FXGL Background Thread 3 ] DEBUG Engine               - class com.almasb.fxgl.localization.LocalizationService
11:52:37.167 [FXGL Background Thread 3 ] DEBUG Engine               - class com.almasb.fxgl.app.services.SystemBundleService
11:52:37.167 [FXGL Background Thread 3 ] DEBUG Engine               - class com.almasb.fxgl.profile.SaveLoadService
11:52:37.167 [FXGL Background Thread 3 ] DEBUG Engine               - class com.almasb.fxgl.ui.FXGLUIFactoryServiceProvider
11:52:37.167 [FXGL Background Thread 3 ] DEBUG Engine               - class com.almasb.fxgl.ui.FXGLDialogFactoryServiceProvider
11:52:37.167 [FXGL Background Thread 3 ] DEBUG Engine               - class com.almasb.fxgl.audio.AudioPlayer
11:52:37.167 [FXGL Background Thread 3 ] DEBUG Engine               - class com.almasb.fxgl.notification.impl.NotificationServiceProvider
11:52:37.167 [FXGL Background Thread 3 ] DEBUG Engine               - class com.almasb.fxgl.achievement.AchievementService
11:52:37.167 [FXGL Background Thread 3 ] DEBUG Engine               - class com.almasb.fxgl.cutscene.CutsceneService
11:52:37.167 [FXGL Background Thread 3 ] DEBUG Engine               - class com.almasb.fxgl.minigames.MiniGameService
11:52:37.167 [FXGL Background Thread 3 ] DEBUG Engine               - class com.almasb.fxgl.net.NetService
11:52:37.167 [FXGL Background Thread 3 ] DEBUG Engine               - class com.almasb.fxgl.app.services.UpdaterService
11:52:37.167 [FXGL Background Thread 3 ] DEBUG Engine               - class com.almasb.fxgl.dev.DevService
11:52:38.594 [JavaFX Application Thread] DEBUG FXGLAssetLoaderServi - Loading from file system: file:/D:/A_Learning/java/TouHouStarryNight/target/classes/assets/textures/bullet/etama_remu_0.png
11:52:38.603 [JavaFX Application Thread] DEBUG FXGLAssetLoaderServi - Loading from file system: file:/D:/A_Learning/java/TouHouStarryNight/target/classes/assets/textures/bullet/etama_remu_1.png
11:52:38.865 [JavaFX Application Thread] DEBUG FXGLAssetLoaderServi - Loading from file system: file:/D:/A_Learning/java/TouHouStarryNight/target/classes/assets/textures/bullet/etama_remi_1.png
11:52:47.950 [JavaFX Application Thread] DEBUG FXGLApplication      - Exiting FXGL
11:52:47.950 [JavaFX Application Thread] DEBUG LoopRunner           - Stopping loop
11:52:47.950 [JavaFX Application Thread] DEBUG SystemBundleService  - Saving FXGL system data
11:52:47.951 [JavaFX Application Thread] DEBUG FileSystemAccess     - Writing to: D:\A_Learning\java\TouHouStarryNight\system\fxgl.bundle
11:52:47.952 [JavaFX Application Thread] DEBUG Async                - Shutting down background threads
11:52:47.952 [JavaFX Application Thread] DEBUG PrimaryStageWindow   - Closing main window
11:52:47.961 [JavaFX Application Thread] DEBUG Logger               - Closing Logger
