02:18:30.808 [main                     ] DEBUG Logger               - Configured Logger
02:18:30.827 [main                     ] DEBUG GameApplication      - Logging settings
Title: 东方星月夜
Version: （试行版）
Width: 1000
Height: 750
Fullscreen: false
Intro: false
Profiling: false
Single step:false
App Mode: DEVELOPER
Menu Key: ESCAPE
Stage Style: DECORATED
Scene Factory: class com.almasb.fxgl.app.scene.SceneFactory

02:18:31.028 [JavaFX Application Thread] DEBUG FXGLApplication      - Initializing FXGL
02:18:31.032 [JavaFX Application Thread] INFO  Engine               - FXGL-17.2 (20.08.2022 16.50) on WINDOWS (J:18.0.1.1 FX:18)
02:18:31.032 [JavaFX Application Thread] DEBUG Engine               - JRE Vendor Name: Oracle Corporation
02:18:31.032 [JavaFX Application Thread] DEBUG Engine               - Running on OS: Windows 10 version 10.0
02:18:31.032 [JavaFX Application Thread] DEBUG Engine               - Architecture: amd64
02:18:31.032 [JavaFX Application Thread] INFO  Engine               - Source code and latest versions at: https://github.com/AlmasB/FXGL
02:18:31.032 [JavaFX Application Thread] INFO  Engine               -       Ask questions and discuss at: https://github.com/AlmasB/FXGL/discussions
02:18:31.032 [JavaFX Application Thread] INFO  Engine               -              Join the FXGL chat at: https://gitter.im/AlmasB/FXGL
02:18:31.092 [JavaFX Application Thread] DEBUG PrimaryStageWindow   - Creating a JavaFX scene
02:18:31.121 [JavaFX Application Thread] DEBUG PrimaryStageWindow   - Target settings size: 1000.0 x 750.0
02:18:31.121 [JavaFX Application Thread] DEBUG PrimaryStageWindow   - Scaled scene size:    1000.0 x 750.0
02:18:31.121 [JavaFX Application Thread] DEBUG PrimaryStageWindow   - Scaled ratio: (1.0, 1.0)
02:18:31.122 [JavaFX Application Thread] DEBUG PrimaryStageWindow   - Set initial scene to FXGLStartupScene
02:18:31.127 [JavaFX Application Thread] DEBUG PrimaryStageWindow   - Opening main window
02:18:31.184 [JavaFX Application Thread] DEBUG PrimaryStageWindow   - Window border size: (14.4000244140625, 38.0)
02:18:31.184 [JavaFX Application Thread] DEBUG PrimaryStageWindow   - Scaled size: 1000.0 x 750.0
02:18:31.184 [JavaFX Application Thread] DEBUG PrimaryStageWindow   - Scaled ratio: (1.0, 1.0)
02:18:31.185 [JavaFX Application Thread] DEBUG PrimaryStageWindow   - Scene size: 1000.0 x 750.0
02:18:31.185 [JavaFX Application Thread] DEBUG PrimaryStageWindow   - Stage size: 1014.4000244140625 x 788.0
02:18:31.190 [FXGL Background Thread 1 ] DEBUG Engine               - Initializing environment variables
02:18:31.230 [FXGL Background Thread 1 ] DEBUG FXGLAssetLoaderServi - User app class for loading assets: class game.StgGameApp
02:18:31.231 [FXGL Background Thread 1 ] DEBUG GameApplicationServi - Applying CSS: fxgl_dark.css
02:18:31.231 [FXGL Background Thread 1 ] DEBUG FXGLAssetLoaderServi - Loading from file system: jar:file:///D:/environment/.m2/repository/com/github/almasb/fxgl/17.2/fxgl-17.2.jar!/fxglassets/ui/css/fxgl_dark.css
02:18:31.276 [FXGL Background Thread 1 ] DEBUG GameApplicationServi - Initializing application scenes
02:18:31.332 [FXGL Background Thread 1 ] DEBUG GameWorld            - Game world initialized
02:18:31.372 [FXGL Background Thread 1 ] DEBUG PhysicsWorld         - Physics world initialized: appHeight=750, physics.ppm=50.0
02:18:31.372 [FXGL Background Thread 1 ] DEBUG PhysicsWorld         - Using strategy: BRUTE_FORCE
02:18:31.376 [FXGL Background Thread 1 ] DEBUG GameScene            - Game scene initialized: 1000x750
02:18:31.385 [FXGL Background Thread 1 ] DEBUG FXGL.DefaultMenu     - createMenuBodyMainMenu()
02:18:31.395 [FXGL Background Thread 1 ] DEBUG FXGL.DefaultMenu     - createOptionsMenu()
02:18:31.403 [FXGL Background Thread 1 ] DEBUG FXGLAssetLoaderServi - Loading from file system: jar:file:///D:/environment/.m2/repository/com/github/almasb/fxgl/17.2/fxgl-17.2.jar!/fxglassets/textures/particles/smoke.png
02:18:31.466 [FXGL Background Thread 1 ] DEBUG FXGLAssetLoaderServi - Loading from file system: jar:file:///D:/environment/.m2/repository/com/github/almasb/fxgl/17.2/fxgl-17.2.jar!/fxglassets/textures/particles/trace_horizontal.png
02:18:31.503 [FXGL Background Thread 1 ] DEBUG FXGL.DefaultMenu     - createMenuBodyGameMenu()
02:18:31.505 [FXGL Background Thread 1 ] DEBUG FXGL.DefaultMenu     - createOptionsMenu()
02:18:31.517 [FXGL Background Thread 1 ] DEBUG GameApplicationServi - Application scenes initialized
02:18:31.524 [FXGL Background Thread 1 ] DEBUG SystemBundleService  - Loading FXGL system data
02:18:31.528 [FXGL Background Thread 1 ] DEBUG FileSystemAccess     - Reading from: D:\A_Learning\java\TouHouStarryNight\system\fxgl.bundle
02:18:31.535 [FXGL Background Thread 1 ] DEBUG SystemBundleService  - Bundle FXGL: {}
02:18:31.535 [FXGL Background Thread 1 ] DEBUG UpdaterService       - Checking for updates
02:18:31.538 [FXGL Background Thread 4 ] DEBUG FXGLApplication      - Loading fonts
02:18:31.538 [FXGL Background Thread 1 ] DEBUG FXGLApplication      - Loading default localization
02:18:31.538 [FXGL Background Thread 4 ] DEBUG FXGLAssetLoaderServi - Loading from file system: jar:file:///D:/environment/.m2/repository/com/github/almasb/fxgl/17.2/fxgl-17.2.jar!/fxglassets/ui/fonts/VarelaRound-Regular.ttf
02:18:31.538 [FXGL Background Thread 1 ] DEBUG FXGLAssetLoaderServi - Loading from file system: jar:file:///D:/environment/.m2/repository/com/github/almasb/fxgl/17.2/fxgl-17.2.jar!/fxglassets/languages/english.lang
02:18:31.551 [FXGL Background Thread 1 ] INFO  FXGLApplication      - FXGL initialization took: 0.361 sec
02:18:31.560 [JavaFX Application Thread] DEBUG Input                - Registered new binding: action0 - Up
02:18:31.560 [JavaFX Application Thread] DEBUG Input                - Registered new binding: action1 - Down
02:18:31.560 [JavaFX Application Thread] DEBUG Input                - Registered new binding: action2 - Right
02:18:31.561 [JavaFX Application Thread] DEBUG Input                - Registered new binding: action3 - Left
02:18:31.561 [JavaFX Application Thread] DEBUG FXGLAssetLoaderServi - Loading from file system: file:/D:/A_Learning/java/TouHouStarryNight/target/classes/assets/textures/remi.png
02:18:31.643 [JavaFX Application Thread] DEBUG FXGLAssetLoaderServi - Loading from file system: jar:file:///D:/environment/.m2/repository/com/github/almasb/fxgl/17.2/fxgl-17.2.jar!/fxglassets/textures/fxgl_default_cursor.png
02:18:31.645 [JavaFX Application Thread] DEBUG Input                - Registered new binding: Screenshot - CTRL+8
02:18:31.645 [JavaFX Application Thread] DEBUG Input                - Registered new binding: System info dump - CTRL+9
02:18:31.645 [JavaFX Application Thread] DEBUG Input                - Registered new binding: Restart - CTRL+R
02:18:31.646 [JavaFX Application Thread] DEBUG Input                - Registered new binding: Toggle Debug Camera - CTRL+7
02:18:31.647 [JavaFX Application Thread] DEBUG LoopRunner           - Starting loop
02:18:31.647 [JavaFX Application Thread] DEBUG LoopRunner           - Initializing JavaFX AnimationTimerLoop
02:18:31.649 [JavaFX Application Thread] DEBUG Input                - Clearing active input actions
02:18:31.655 [JavaFX Application Thread] DEBUG GameApplicationServi - Removing overlay from FXGLStartupScene and adding to FXGLMainMenuDummyScene
02:18:31.655 [JavaFX Application Thread] DEBUG PrimaryStageWindow   - FXGLStartupScene -> FXGLMainMenuDummyScene
02:18:31.655 [JavaFX Application Thread] DEBUG PrimaryStageWindow   - Push state: FXGLDefaultMenu
02:18:31.658 [JavaFX Application Thread] DEBUG Input                - Clearing active input actions
02:18:31.668 [JavaFX Application Thread] DEBUG GameApplicationServi - Removing overlay from FXGLMainMenuDummyScene and adding to FXGLDefaultMenu
02:18:31.668 [JavaFX Application Thread] DEBUG PrimaryStageWindow   - FXGLMainMenuDummyScene -> FXGLDefaultMenu
02:18:31.688 [FXGL Background Thread 4 ] DEBUG FXGLAssetLoaderServi - Loading from file system: jar:file:///D:/environment/.m2/repository/com/github/almasb/fxgl/17.2/fxgl-17.2.jar!/fxglassets/ui/fonts/Abel-Regular.ttf
02:18:31.703 [FXGL Background Thread 4 ] DEBUG FXGLAssetLoaderServi - Loading from file system: jar:file:///D:/environment/.m2/repository/com/github/almasb/fxgl/17.2/fxgl-17.2.jar!/fxglassets/ui/fonts/TerminalLandMono-Regular.otf
02:18:31.714 [FXGL Background Thread 2 ] WARN  UpdaterService       - Failed to find updates: java.net.UnknownHostException: raw.githubusercontent.com
02:18:31.717 [FXGL Background Thread 4 ] DEBUG FXGLAssetLoaderServi - Loading from file system: jar:file:///D:/environment/.m2/repository/com/github/almasb/fxgl/17.2/fxgl-17.2.jar!/fxglassets/ui/fonts/Courier-Prime.ttf
02:18:31.733 [JavaFX Application Thread] DEBUG FXGLApplication      - Registering font factories with UI factory
02:18:32.777 [JavaFX Application Thread] DEBUG Menu                 - fireNewGame()
02:18:32.778 [JavaFX Application Thread] DEBUG GameApplicationServi - Starting new game
02:18:32.779 [JavaFX Application Thread] DEBUG PrimaryStageWindow   - Pop state: FXGLDefaultMenu
02:18:32.779 [JavaFX Application Thread] DEBUG Input                - Clearing active input actions
02:18:32.780 [JavaFX Application Thread] DEBUG GameApplicationServi - Removing overlay from FXGLDefaultMenu and adding to FXGLMainMenuDummyScene
02:18:32.781 [JavaFX Application Thread] DEBUG PrimaryStageWindow   - FXGLMainMenuDummyScene <- FXGLDefaultMenu
02:18:32.781 [JavaFX Application Thread] DEBUG Input                - Clearing active input actions
02:18:32.787 [JavaFX Application Thread] DEBUG GameApplicationServi - Removing overlay from FXGLMainMenuDummyScene and adding to FXGLLoadingScene
02:18:32.787 [JavaFX Application Thread] DEBUG PrimaryStageWindow   - FXGLMainMenuDummyScene -> FXGLLoadingScene
02:18:32.787 [JavaFX Application Thread] DEBUG GameApplicationServi - Clearing previous game
02:18:32.787 [JavaFX Application Thread] DEBUG GameScene            - Clearing game scene
02:18:32.787 [JavaFX Application Thread] DEBUG GameWorld            - Clearing game world
02:18:32.787 [JavaFX Application Thread] DEBUG PhysicsWorld         - Clearing physics world
02:18:32.788 [FXGL Background Thread 4 ] DEBUG FXGLApplication      - Initializing game
02:18:32.793 [FXGL Background Thread 4 ] DEBUG FXGLAssetLoaderServi - Loading from file system: file:/D:/A_Learning/java/TouHouStarryNight/target/classes/assets/textures/bg/backgorund3.png
02:18:32.818 [FXGL Background Thread 4 ] DEBUG FXGLAssetLoaderServi - Loading from file system: file:/D:/A_Learning/java/TouHouStarryNight/target/classes/assets/textures/player/remi.png
02:18:32.829 [FXGL Background Thread 4 ] INFO  FXGLApplication      - Game initialization took: 0.042 sec
02:18:32.843 [JavaFX Application Thread] DEBUG Input                - Clearing active input actions
02:18:32.847 [JavaFX Application Thread] DEBUG GameApplicationServi - Removing overlay from FXGLLoadingScene and adding to GameScene
02:18:32.848 [JavaFX Application Thread] DEBUG PrimaryStageWindow   - FXGLLoadingScene -> GameScene
02:18:34.538 [FXGL Background Thread 3 ] DEBUG Engine               - Logging environment variables
02:18:34.538 [FXGL Background Thread 3 ] DEBUG Engine               - achievements: []
02:18:34.538 [FXGL Background Thread 3 ] DEBUG Engine               - actualHeight: 750.0
02:18:34.538 [FXGL Background Thread 3 ] DEBUG Engine               - actualHeightProperty: ReadOnlyDoubleProperty [value: 750.0]
02:18:34.538 [FXGL Background Thread 3 ] DEBUG Engine               - actualWidth: 1000.0
02:18:34.538 [FXGL Background Thread 3 ] DEBUG Engine               - actualWidthProperty: ReadOnlyDoubleProperty [value: 1000.0]
02:18:34.538 [FXGL Background Thread 3 ] DEBUG Engine               - appIcon: remi.png
02:18:34.538 [FXGL Background Thread 3 ] DEBUG Engine               - applicationMode: DEVELOPER
02:18:34.538 [FXGL Background Thread 3 ] DEBUG Engine               - cSSList: [fxgl_dark.css]
02:18:34.538 [FXGL Background Thread 3 ] DEBUG Engine               - collisionDetectionStrategy: BRUTE_FORCE
02:18:34.538 [FXGL Background Thread 3 ] DEBUG Engine               - configClass: Optional.empty
02:18:34.538 [FXGL Background Thread 3 ] DEBUG Engine               - credits: []
02:18:34.539 [FXGL Background Thread 3 ] DEBUG Engine               - defaultCursor: CursorInfo(imageName=fxgl_default_cursor.png, hotspotX=7.0, hotspotY=6.0)
02:18:34.539 [FXGL Background Thread 3 ] DEBUG Engine               - devBBoxColorProperty: ObjectProperty [value: 0xff0000ff]
02:18:34.539 [FXGL Background Thread 3 ] DEBUG Engine               - devEnableDebugCameraProperty: BooleanProperty [value: false]
02:18:34.539 [FXGL Background Thread 3 ] DEBUG Engine               - devSensorColorProperty: ObjectProperty [value: 0xffff00ff]
02:18:34.539 [FXGL Background Thread 3 ] DEBUG Engine               - devShowBBoxProperty: BooleanProperty [value: false]
02:18:34.539 [FXGL Background Thread 3 ] DEBUG Engine               - devShowPositionProperty: BooleanProperty [value: false]
02:18:34.539 [FXGL Background Thread 3 ] DEBUG Engine               - enabledMenuItems: []
02:18:34.539 [FXGL Background Thread 3 ] DEBUG Engine               - engineServices: [class com.almasb.fxgl.app.services.FXGLAssetLoaderService, class com.almasb.fxgl.app.FXGLApplication$GameApplicationService, class com.almasb.fxgl.app.services.FXGLDialogService, class com.almasb.fxgl.app.services.IOTaskExecutorService, class com.almasb.fxgl.io.FileSystemService, class com.almasb.fxgl.localization.LocalizationService, class com.almasb.fxgl.app.services.SystemBundleService, class com.almasb.fxgl.profile.SaveLoadService, class com.almasb.fxgl.ui.FXGLUIFactoryServiceProvider, class com.almasb.fxgl.ui.FXGLDialogFactoryServiceProvider, class com.almasb.fxgl.audio.AudioPlayer, class com.almasb.fxgl.notification.impl.NotificationServiceProvider, class com.almasb.fxgl.achievement.AchievementService, class com.almasb.fxgl.cutscene.CutsceneService, class com.almasb.fxgl.minigames.MiniGameService, class com.almasb.fxgl.net.NetService, class com.almasb.fxgl.app.services.UpdaterService, class com.almasb.fxgl.dev.DevService]
02:18:34.539 [FXGL Background Thread 3 ] DEBUG Engine               - fontGame: Abel-Regular.ttf
02:18:34.539 [FXGL Background Thread 3 ] DEBUG Engine               - fontMono: TerminalLandMono-Regular.otf
02:18:34.539 [FXGL Background Thread 3 ] DEBUG Engine               - fontText: Courier-Prime.ttf
02:18:34.539 [FXGL Background Thread 3 ] DEBUG Engine               - fontUI: VarelaRound-Regular.ttf
02:18:34.539 [FXGL Background Thread 3 ] DEBUG Engine               - fullScreen: BooleanProperty [value: false]
02:18:34.539 [FXGL Background Thread 3 ] DEBUG Engine               - gameDifficulty: MEDIUM
02:18:34.539 [FXGL Background Thread 3 ] DEBUG Engine               - gameDifficultyProperty: ObjectProperty [value: MEDIUM]
02:18:34.539 [FXGL Background Thread 3 ] DEBUG Engine               - globalMusicVolume: 0.5
02:18:34.540 [FXGL Background Thread 3 ] DEBUG Engine               - globalMusicVolumeProperty: DoubleProperty [value: 0.5]
02:18:34.540 [FXGL Background Thread 3 ] DEBUG Engine               - globalSoundVolume: 0.5
02:18:34.540 [FXGL Background Thread 3 ] DEBUG Engine               - globalSoundVolumeProperty: DoubleProperty [value: 0.5]
02:18:34.540 [FXGL Background Thread 3 ] DEBUG Engine               - height: 750
02:18:34.540 [FXGL Background Thread 3 ] DEBUG Engine               - is3D: false
02:18:34.540 [FXGL Background Thread 3 ] DEBUG Engine               - isAndroid: false
02:18:34.540 [FXGL Background Thread 3 ] DEBUG Engine               - isBrowser: false
02:18:34.540 [FXGL Background Thread 3 ] DEBUG Engine               - isClickFeedbackEnabled: false
02:18:34.540 [FXGL Background Thread 3 ] DEBUG Engine               - isCloseConfirmation: false
02:18:34.540 [FXGL Background Thread 3 ] DEBUG Engine               - isDesktop: true
02:18:34.540 [FXGL Background Thread 3 ] DEBUG Engine               - isDeveloperMenuEnabled: false
02:18:34.540 [FXGL Background Thread 3 ] DEBUG Engine               - isEmbedded: false
02:18:34.540 [FXGL Background Thread 3 ] DEBUG Engine               - isEntityPreloadEnabled: true
02:18:34.540 [FXGL Background Thread 3 ] DEBUG Engine               - isExperimentalTiledLargeMap: false
02:18:34.540 [FXGL Background Thread 3 ] DEBUG Engine               - isFileSystemWriteAllowed: true
02:18:34.540 [FXGL Background Thread 3 ] DEBUG Engine               - isFullScreenAllowed: false
02:18:34.540 [FXGL Background Thread 3 ] DEBUG Engine               - isFullScreenFromStart: false
02:18:34.540 [FXGL Background Thread 3 ] DEBUG Engine               - isGameMenuEnabled: true
02:18:34.540 [FXGL Background Thread 3 ] DEBUG Engine               - isIOS: false
02:18:34.540 [FXGL Background Thread 3 ] DEBUG Engine               - isIntroEnabled: false
02:18:34.540 [FXGL Background Thread 3 ] DEBUG Engine               - isLinux: false
02:18:34.541 [FXGL Background Thread 3 ] DEBUG Engine               - isMac: false
02:18:34.541 [FXGL Background Thread 3 ] DEBUG Engine               - isMainMenuEnabled: true
02:18:34.541 [FXGL Background Thread 3 ] DEBUG Engine               - isManualResizeEnabled: false
02:18:34.541 [FXGL Background Thread 3 ] DEBUG Engine               - isMobile: false
02:18:34.541 [FXGL Background Thread 3 ] DEBUG Engine               - isNative: false
02:18:34.541 [FXGL Background Thread 3 ] DEBUG Engine               - isPauseMusicWhenMinimized: true
02:18:34.541 [FXGL Background Thread 3 ] DEBUG Engine               - isPreserveResizeRatio: false
02:18:34.541 [FXGL Background Thread 3 ] DEBUG Engine               - isProfilingEnabled: false
02:18:34.541 [FXGL Background Thread 3 ] DEBUG Engine               - isScaleAffectedOnResize: true
02:18:34.541 [FXGL Background Thread 3 ] DEBUG Engine               - isSingleStep: false
02:18:34.541 [FXGL Background Thread 3 ] DEBUG Engine               - isUserProfileEnabled: false
02:18:34.541 [FXGL Background Thread 3 ] DEBUG Engine               - isWindows: true
02:18:34.541 [FXGL Background Thread 3 ] DEBUG Engine               - language: ObjectProperty [value: ENGLISH]
02:18:34.541 [FXGL Background Thread 3 ] DEBUG Engine               - menuKey: ESCAPE
02:18:34.541 [FXGL Background Thread 3 ] DEBUG Engine               - mouseSensitivity: 0.2
02:18:34.541 [FXGL Background Thread 3 ] DEBUG Engine               - notificationViewClass: class com.almasb.fxgl.notification.view.XboxNotificationView
02:18:34.541 [FXGL Background Thread 3 ] DEBUG Engine               - pixelsPerMeter: 50.0
02:18:34.541 [FXGL Background Thread 3 ] DEBUG Engine               - platform: WINDOWS
02:18:34.541 [FXGL Background Thread 3 ] DEBUG Engine               - prefHeightProperty: ReadOnlyDoubleProperty [value: 750.0]
02:18:34.541 [FXGL Background Thread 3 ] DEBUG Engine               - prefWidthProperty: ReadOnlyDoubleProperty [value: 1000.0]
02:18:34.541 [FXGL Background Thread 3 ] DEBUG Engine               - profileDir: profiles/
02:18:34.541 [FXGL Background Thread 3 ] DEBUG Engine               - profileName: StringProperty [value: DEFAULT]
02:18:34.541 [FXGL Background Thread 3 ] DEBUG Engine               - randomSeed: -1
02:18:34.541 [FXGL Background Thread 3 ] DEBUG Engine               - runtimeInfo: RuntimeInfo(platform=WINDOWS, version=17.2, build=20.08.2022 16.50)
02:18:34.541 [FXGL Background Thread 3 ] DEBUG Engine               - saveFileExt: sav
02:18:34.542 [FXGL Background Thread 3 ] DEBUG Engine               - scaledHeightProp$fxgl: DoubleProperty [bound, value: 750.0]
02:18:34.542 [FXGL Background Thread 3 ] DEBUG Engine               - scaledWidthProp$fxgl: DoubleProperty [bound, value: 1000.0]
02:18:34.542 [FXGL Background Thread 3 ] DEBUG Engine               - sceneFactory: com.almasb.fxgl.app.scene.SceneFactory@40d4321e
02:18:34.542 [FXGL Background Thread 3 ] DEBUG Engine               - secondsIn24h: 60
02:18:34.542 [FXGL Background Thread 3 ] DEBUG Engine               - soundMenuBack: menu/back.wav
02:18:34.542 [FXGL Background Thread 3 ] DEBUG Engine               - soundMenuPress: menu/press.wav
02:18:34.542 [FXGL Background Thread 3 ] DEBUG Engine               - soundMenuSelect: menu/select.wav
02:18:34.542 [FXGL Background Thread 3 ] DEBUG Engine               - soundNotification: core/notification.wav
02:18:34.542 [FXGL Background Thread 3 ] DEBUG Engine               - stageStyle: DECORATED
02:18:34.542 [FXGL Background Thread 3 ] DEBUG Engine               - supportedLanguages: [ENGLISH, FRENCH, GERMAN, HUNGARIAN, RUSSIAN]
02:18:34.542 [FXGL Background Thread 3 ] DEBUG Engine               - ticksPerSecond: -1
02:18:34.542 [FXGL Background Thread 3 ] DEBUG Engine               - title: 东方星月夜
02:18:34.542 [FXGL Background Thread 3 ] DEBUG Engine               - urlGithub: https://github.com/AlmasB/FXGL
02:18:34.542 [FXGL Background Thread 3 ] DEBUG Engine               - urlLeaderboard: http://fxgl-top.herokuapp.com/
02:18:34.542 [FXGL Background Thread 3 ] DEBUG Engine               - urlPOM: https://raw.githubusercontent.com/AlmasB/FXGL/release/README.md
02:18:34.542 [FXGL Background Thread 3 ] DEBUG Engine               - userAppClass: class game.StgGameApp
02:18:34.542 [FXGL Background Thread 3 ] DEBUG Engine               - version: （试行版）
02:18:34.542 [FXGL Background Thread 3 ] DEBUG Engine               - versionCheckDays: 7
02:18:34.542 [FXGL Background Thread 3 ] DEBUG Engine               - width: 1000
02:18:34.542 [FXGL Background Thread 3 ] DEBUG Engine               - Logging services
02:18:34.542 [FXGL Background Thread 3 ] DEBUG Engine               - class com.almasb.fxgl.app.services.FXGLAssetLoaderService
02:18:34.542 [FXGL Background Thread 3 ] DEBUG Engine               - class com.almasb.fxgl.app.FXGLApplication$GameApplicationService
02:18:34.542 [FXGL Background Thread 3 ] DEBUG Engine               - class com.almasb.fxgl.app.services.FXGLDialogService
02:18:34.543 [FXGL Background Thread 3 ] DEBUG Engine               - class com.almasb.fxgl.app.services.IOTaskExecutorService
02:18:34.543 [FXGL Background Thread 3 ] DEBUG Engine               - class com.almasb.fxgl.io.FileSystemService
02:18:34.543 [FXGL Background Thread 3 ] DEBUG Engine               - class com.almasb.fxgl.localization.LocalizationService
02:18:34.543 [FXGL Background Thread 3 ] DEBUG Engine               - class com.almasb.fxgl.app.services.SystemBundleService
02:18:34.543 [FXGL Background Thread 3 ] DEBUG Engine               - class com.almasb.fxgl.profile.SaveLoadService
02:18:34.543 [FXGL Background Thread 3 ] DEBUG Engine               - class com.almasb.fxgl.ui.FXGLUIFactoryServiceProvider
02:18:34.543 [FXGL Background Thread 3 ] DEBUG Engine               - class com.almasb.fxgl.ui.FXGLDialogFactoryServiceProvider
02:18:34.543 [FXGL Background Thread 3 ] DEBUG Engine               - class com.almasb.fxgl.audio.AudioPlayer
02:18:34.543 [FXGL Background Thread 3 ] DEBUG Engine               - class com.almasb.fxgl.notification.impl.NotificationServiceProvider
02:18:34.543 [FXGL Background Thread 3 ] DEBUG Engine               - class com.almasb.fxgl.achievement.AchievementService
02:18:34.543 [FXGL Background Thread 3 ] DEBUG Engine               - class com.almasb.fxgl.cutscene.CutsceneService
02:18:34.543 [FXGL Background Thread 3 ] DEBUG Engine               - class com.almasb.fxgl.minigames.MiniGameService
02:18:34.543 [FXGL Background Thread 3 ] DEBUG Engine               - class com.almasb.fxgl.net.NetService
02:18:34.543 [FXGL Background Thread 3 ] DEBUG Engine               - class com.almasb.fxgl.app.services.UpdaterService
02:18:34.543 [FXGL Background Thread 3 ] DEBUG Engine               - class com.almasb.fxgl.dev.DevService
02:19:00.598 [JavaFX Application Thread] DEBUG FXGLApplication      - Exiting FXGL
02:19:00.598 [JavaFX Application Thread] DEBUG LoopRunner           - Stopping loop
02:19:00.598 [JavaFX Application Thread] DEBUG SystemBundleService  - Saving FXGL system data
02:19:00.599 [JavaFX Application Thread] DEBUG FileSystemAccess     - Writing to: D:\A_Learning\java\TouHouStarryNight\system\fxgl.bundle
02:19:00.600 [JavaFX Application Thread] DEBUG Async                - Shutting down background threads
02:19:00.600 [JavaFX Application Thread] DEBUG PrimaryStageWindow   - Closing main window
02:19:00.609 [JavaFX Application Thread] DEBUG Logger               - Closing Logger
