03:21:07.818 [main                     ] DEBUG Logger               - Configured Logger
03:21:07.842 [main                     ] DEBUG GameApplication      - Logging settings
Title: 东方星月夜
Version: （试行版）
Width: 1000
Height: 750
Fullscreen: false
Intro: false
Profiling: false
Single step:false
App Mode: DEVELOPER
Menu Key: ESCAPE
Stage Style: DECORATED
Scene Factory: class com.almasb.fxgl.app.scene.SceneFactory

03:21:08.080 [JavaFX Application Thread] DEBUG FXGLApplication      - Initializing FXGL
03:21:08.084 [JavaFX Application Thread] INFO  Engine               - FXGL-17.2 (20.08.2022 16.50) on WINDOWS (J:18.0.1.1 FX:18)
03:21:08.085 [JavaFX Application Thread] DEBUG Engine               - JRE Vendor Name: Oracle Corporation
03:21:08.085 [JavaFX Application Thread] DEBUG Engine               - Running on OS: Windows 10 version 10.0
03:21:08.085 [JavaFX Application Thread] DEBUG Engine               - Architecture: amd64
03:21:08.085 [JavaFX Application Thread] INFO  Engine               - Source code and latest versions at: https://github.com/AlmasB/FXGL
03:21:08.085 [JavaFX Application Thread] INFO  Engine               -       Ask questions and discuss at: https://github.com/AlmasB/FXGL/discussions
03:21:08.085 [JavaFX Application Thread] INFO  Engine               -              Join the FXGL chat at: https://gitter.im/AlmasB/FXGL
03:21:08.139 [JavaFX Application Thread] DEBUG PrimaryStageWindow   - Creating a JavaFX scene
03:21:08.182 [JavaFX Application Thread] DEBUG PrimaryStageWindow   - Target settings size: 1000.0 x 750.0
03:21:08.182 [JavaFX Application Thread] DEBUG PrimaryStageWindow   - Scaled scene size:    1000.0 x 750.0
03:21:08.183 [JavaFX Application Thread] DEBUG PrimaryStageWindow   - Scaled ratio: (1.0, 1.0)
03:21:08.183 [JavaFX Application Thread] DEBUG PrimaryStageWindow   - Set initial scene to FXGLStartupScene
03:21:08.188 [JavaFX Application Thread] DEBUG PrimaryStageWindow   - Opening main window
03:21:08.270 [JavaFX Application Thread] DEBUG PrimaryStageWindow   - Window border size: (14.4000244140625, 38.0)
03:21:08.271 [JavaFX Application Thread] DEBUG PrimaryStageWindow   - Scaled size: 1000.0 x 750.0
03:21:08.271 [JavaFX Application Thread] DEBUG PrimaryStageWindow   - Scaled ratio: (1.0, 1.0)
03:21:08.272 [JavaFX Application Thread] DEBUG PrimaryStageWindow   - Scene size: 1000.0 x 750.0
03:21:08.272 [JavaFX Application Thread] DEBUG PrimaryStageWindow   - Stage size: 1014.4000244140625 x 788.0
03:21:08.277 [FXGL Background Thread 1 ] DEBUG Engine               - Initializing environment variables
03:21:08.322 [FXGL Background Thread 1 ] DEBUG FXGLAssetLoaderServi - User app class for loading assets: class game.StgGameApp
03:21:08.322 [FXGL Background Thread 1 ] DEBUG GameApplicationServi - Applying CSS: fxgl_dark.css
03:21:08.323 [FXGL Background Thread 1 ] DEBUG FXGLAssetLoaderServi - Loading from file system: jar:file:///D:/environment/.m2/repository/com/github/almasb/fxgl/17.2/fxgl-17.2.jar!/fxglassets/ui/css/fxgl_dark.css
03:21:08.359 [FXGL Background Thread 1 ] DEBUG GameApplicationServi - Initializing application scenes
03:21:08.417 [FXGL Background Thread 1 ] DEBUG GameWorld            - Game world initialized
03:21:08.460 [FXGL Background Thread 1 ] DEBUG PhysicsWorld         - Physics world initialized: appHeight=750, physics.ppm=50.0
03:21:08.460 [FXGL Background Thread 1 ] DEBUG PhysicsWorld         - Using strategy: BRUTE_FORCE
03:21:08.463 [FXGL Background Thread 1 ] DEBUG GameScene            - Game scene initialized: 1000x750
03:21:08.472 [FXGL Background Thread 1 ] DEBUG FXGL.DefaultMenu     - createMenuBodyMainMenu()
03:21:08.481 [FXGL Background Thread 1 ] DEBUG FXGL.DefaultMenu     - createOptionsMenu()
03:21:08.489 [FXGL Background Thread 1 ] DEBUG FXGLAssetLoaderServi - Loading from file system: jar:file:///D:/environment/.m2/repository/com/github/almasb/fxgl/17.2/fxgl-17.2.jar!/fxglassets/textures/particles/smoke.png
03:21:08.558 [FXGL Background Thread 1 ] DEBUG FXGLAssetLoaderServi - Loading from file system: jar:file:///D:/environment/.m2/repository/com/github/almasb/fxgl/17.2/fxgl-17.2.jar!/fxglassets/textures/particles/trace_horizontal.png
03:21:08.592 [FXGL Background Thread 1 ] DEBUG FXGL.DefaultMenu     - createMenuBodyGameMenu()
03:21:08.593 [FXGL Background Thread 1 ] DEBUG FXGL.DefaultMenu     - createOptionsMenu()
03:21:08.608 [FXGL Background Thread 1 ] DEBUG GameApplicationServi - Application scenes initialized
03:21:08.618 [FXGL Background Thread 1 ] DEBUG SystemBundleService  - Loading FXGL system data
03:21:08.627 [FXGL Background Thread 1 ] DEBUG FileSystemAccess     - Reading from: D:\A_Learning\java\TouHouStarryNight\system\fxgl.bundle
03:21:08.633 [FXGL Background Thread 1 ] DEBUG SystemBundleService  - Bundle FXGL: {}
03:21:08.633 [FXGL Background Thread 1 ] DEBUG UpdaterService       - Checking for updates
03:21:08.636 [FXGL Background Thread 4 ] DEBUG FXGLApplication      - Loading fonts
03:21:08.636 [FXGL Background Thread 4 ] DEBUG FXGLAssetLoaderServi - Loading from file system: jar:file:///D:/environment/.m2/repository/com/github/almasb/fxgl/17.2/fxgl-17.2.jar!/fxglassets/ui/fonts/VarelaRound-Regular.ttf
03:21:08.636 [FXGL Background Thread 1 ] DEBUG FXGLApplication      - Loading default localization
03:21:08.637 [FXGL Background Thread 1 ] DEBUG FXGLAssetLoaderServi - Loading from file system: jar:file:///D:/environment/.m2/repository/com/github/almasb/fxgl/17.2/fxgl-17.2.jar!/fxglassets/languages/english.lang
03:21:08.648 [FXGL Background Thread 1 ] INFO  FXGLApplication      - FXGL initialization took: 0.371 sec
03:21:08.658 [JavaFX Application Thread] DEBUG Input                - Registered new binding: action0 - Up
03:21:08.658 [JavaFX Application Thread] DEBUG Input                - Registered new binding: action1 - Down
03:21:08.658 [JavaFX Application Thread] DEBUG Input                - Registered new binding: action2 - Right
03:21:08.659 [JavaFX Application Thread] DEBUG Input                - Registered new binding: action3 - Left
03:21:08.660 [JavaFX Application Thread] DEBUG FXGLAssetLoaderServi - Loading from file system: file:/D:/A_Learning/java/TouHouStarryNight/target/classes/assets/textures/remi.png
03:21:08.716 [FXGL Background Thread 4 ] DEBUG FXGLAssetLoaderServi - Loading from file system: jar:file:///D:/environment/.m2/repository/com/github/almasb/fxgl/17.2/fxgl-17.2.jar!/fxglassets/ui/fonts/Abel-Regular.ttf
03:21:08.725 [FXGL Background Thread 4 ] DEBUG FXGLAssetLoaderServi - Loading from file system: jar:file:///D:/environment/.m2/repository/com/github/almasb/fxgl/17.2/fxgl-17.2.jar!/fxglassets/ui/fonts/TerminalLandMono-Regular.otf
03:21:08.733 [FXGL Background Thread 4 ] DEBUG FXGLAssetLoaderServi - Loading from file system: jar:file:///D:/environment/.m2/repository/com/github/almasb/fxgl/17.2/fxgl-17.2.jar!/fxglassets/ui/fonts/Courier-Prime.ttf
03:21:08.744 [JavaFX Application Thread] DEBUG FXGLAssetLoaderServi - Loading from file system: jar:file:///D:/environment/.m2/repository/com/github/almasb/fxgl/17.2/fxgl-17.2.jar!/fxglassets/textures/fxgl_default_cursor.png
03:21:08.745 [JavaFX Application Thread] DEBUG Input                - Registered new binding: Screenshot - CTRL+8
03:21:08.746 [JavaFX Application Thread] DEBUG Input                - Registered new binding: System info dump - CTRL+9
03:21:08.746 [JavaFX Application Thread] DEBUG Input                - Registered new binding: Restart - CTRL+R
03:21:08.746 [JavaFX Application Thread] DEBUG Input                - Registered new binding: Toggle Debug Camera - CTRL+7
03:21:08.748 [JavaFX Application Thread] DEBUG LoopRunner           - Starting loop
03:21:08.748 [JavaFX Application Thread] DEBUG LoopRunner           - Initializing JavaFX AnimationTimerLoop
03:21:08.750 [JavaFX Application Thread] DEBUG Input                - Clearing active input actions
03:21:08.756 [JavaFX Application Thread] DEBUG GameApplicationServi - Removing overlay from FXGLStartupScene and adding to FXGLMainMenuDummyScene
03:21:08.756 [JavaFX Application Thread] DEBUG PrimaryStageWindow   - FXGLStartupScene -> FXGLMainMenuDummyScene
03:21:08.756 [JavaFX Application Thread] DEBUG PrimaryStageWindow   - Push state: FXGLDefaultMenu
03:21:08.760 [JavaFX Application Thread] DEBUG Input                - Clearing active input actions
03:21:08.766 [JavaFX Application Thread] DEBUG GameApplicationServi - Removing overlay from FXGLMainMenuDummyScene and adding to FXGLDefaultMenu
03:21:08.766 [JavaFX Application Thread] DEBUG PrimaryStageWindow   - FXGLMainMenuDummyScene -> FXGLDefaultMenu
03:21:08.772 [JavaFX Application Thread] DEBUG FXGLApplication      - Registering font factories with UI factory
03:21:08.811 [FXGL Background Thread 2 ] WARN  UpdaterService       - Failed to find updates: java.net.UnknownHostException: raw.githubusercontent.com
03:21:09.783 [JavaFX Application Thread] DEBUG Menu                 - fireNewGame()
03:21:09.783 [JavaFX Application Thread] DEBUG GameApplicationServi - Starting new game
03:21:09.785 [JavaFX Application Thread] DEBUG PrimaryStageWindow   - Pop state: FXGLDefaultMenu
03:21:09.785 [JavaFX Application Thread] DEBUG Input                - Clearing active input actions
03:21:09.786 [JavaFX Application Thread] DEBUG GameApplicationServi - Removing overlay from FXGLDefaultMenu and adding to FXGLMainMenuDummyScene
03:21:09.786 [JavaFX Application Thread] DEBUG PrimaryStageWindow   - FXGLMainMenuDummyScene <- FXGLDefaultMenu
03:21:09.786 [JavaFX Application Thread] DEBUG Input                - Clearing active input actions
03:21:09.792 [JavaFX Application Thread] DEBUG GameApplicationServi - Removing overlay from FXGLMainMenuDummyScene and adding to FXGLLoadingScene
03:21:09.792 [JavaFX Application Thread] DEBUG PrimaryStageWindow   - FXGLMainMenuDummyScene -> FXGLLoadingScene
03:21:09.792 [JavaFX Application Thread] DEBUG GameApplicationServi - Clearing previous game
03:21:09.792 [JavaFX Application Thread] DEBUG GameScene            - Clearing game scene
03:21:09.792 [JavaFX Application Thread] DEBUG GameWorld            - Clearing game world
03:21:09.792 [JavaFX Application Thread] DEBUG PhysicsWorld         - Clearing physics world
03:21:09.794 [FXGL Background Thread 2 ] DEBUG FXGLApplication      - Initializing game
03:21:09.813 [JavaFX Application Thread] DEBUG LoopRunner           - Stopping loop
03:21:09.814 [JavaFX Application Thread] FATAL FXGLApplication      - Uncaught Exception:
java.lang.RuntimeException: Initialization failed
	at com.almasb.fxgl.all@17.2/com.almasb.fxgl.app.FXGLApplication$InitAppTask.failed(FXGLApplication.kt:343)
	at javafx.graphics@18/javafx.concurrent.Task.setState(Task.java:710)
	at javafx.graphics@18/javafx.concurrent.Task$TaskCallable.lambda$call$2(Task.java:1456)
	at javafx.graphics@18/com.sun.javafx.application.PlatformImpl.lambda$runLater$10(PlatformImpl.java:457)
	at java.base/java.security.AccessController.doPrivileged(AccessController.java:399)
	at javafx.graphics@18/com.sun.javafx.application.PlatformImpl.lambda$runLater$11(PlatformImpl.java:456)
	at javafx.graphics@18/com.sun.glass.ui.InvokeLaterDispatcher$Future.run(InvokeLaterDispatcher.java:96)
	at javafx.graphics@18/com.sun.glass.ui.win.WinApplication._runLoop(Native Method)
	at javafx.graphics@18/com.sun.glass.ui.win.WinApplication.lambda$runLoop$3(WinApplication.java:184)
	at java.base/java.lang.Thread.run(Thread.java:833)
Caused by: java.lang.IllegalArgumentException: No EntityFactory has a method annotated @Spawns(bg1)
	at com.almasb.fxgl.entity@17.2/com.almasb.fxgl.entity.GameWorld.create(GameWorld.kt:413)
	at com.almasb.fxgl.entity@17.2/com.almasb.fxgl.entity.GameWorld.spawn(GameWorld.kt:396)
	at com.almasb.fxgl.entity@17.2/com.almasb.fxgl.entity.GameWorld.spawn(GameWorld.kt:384)
	at com.almasb.fxgl.entity@17.2/com.almasb.fxgl.entity.GameWorld.spawn(GameWorld.kt:359)
	at com.almasb.fxgl.all@17.2/com.almasb.fxgl.dsl.FXGL$Companion.spawn(FXGL.kt:555)
	at com.almasb.fxgl.all@17.2/com.almasb.fxgl.dsl.FXGL.spawn(FXGL.kt)
	at TouHouStarryNight/game.StgGameApp.initGame(StgGameApp.java:78)
	at com.almasb.fxgl.all@17.2/com.almasb.fxgl.app.FXGLApplication$InitAppTask.initGame(FXGLApplication.kt:339)
	at com.almasb.fxgl.all@17.2/com.almasb.fxgl.app.FXGLApplication$InitAppTask.call(FXGLApplication.kt:319)
	at com.almasb.fxgl.all@17.2/com.almasb.fxgl.app.FXGLApplication$InitAppTask.call(FXGLApplication.kt:311)
	at javafx.graphics@18/javafx.concurrent.Task$TaskCallable.call(Task.java:1426)
	at java.base/java.util.concurrent.FutureTask.run(FutureTask.java:264)
	at java.base/java.util.concurrent.Executors$RunnableAdapter.call(Executors.java:539)
	at java.base/java.util.concurrent.FutureTask.run(FutureTask.java:264)
	at java.base/java.util.concurrent.ThreadPoolExecutor.runWorker(ThreadPoolExecutor.java:1136)
	at java.base/java.util.concurrent.ThreadPoolExecutor$Worker.run(ThreadPoolExecutor.java:635)
	... 1 more

03:21:09.814 [JavaFX Application Thread] FATAL FXGLApplication      - Application will now exit
03:21:09.827 [JavaFX Application Thread] DEBUG PrimaryStageWindow   - Push state: ErrorSubScene
03:21:09.827 [JavaFX Application Thread] DEBUG Input                - Clearing active input actions
03:21:09.829 [JavaFX Application Thread] DEBUG GameApplicationServi - Removing overlay from FXGLLoadingScene and adding to ErrorSubScene
03:21:09.829 [JavaFX Application Thread] DEBUG PrimaryStageWindow   - FXGLLoadingScene -> ErrorSubScene
03:21:11.636 [FXGL Background Thread 3 ] DEBUG Engine               - Logging environment variables
03:21:11.636 [FXGL Background Thread 3 ] DEBUG Engine               - achievements: []
03:21:11.636 [FXGL Background Thread 3 ] DEBUG Engine               - actualHeight: 750.0
03:21:11.636 [FXGL Background Thread 3 ] DEBUG Engine               - actualHeightProperty: ReadOnlyDoubleProperty [value: 750.0]
03:21:11.636 [FXGL Background Thread 3 ] DEBUG Engine               - actualWidth: 1000.0
03:21:11.636 [FXGL Background Thread 3 ] DEBUG Engine               - actualWidthProperty: ReadOnlyDoubleProperty [value: 1000.0]
03:21:11.636 [FXGL Background Thread 3 ] DEBUG Engine               - appIcon: remi.png
03:21:11.636 [FXGL Background Thread 3 ] DEBUG Engine               - applicationMode: DEVELOPER
03:21:11.636 [FXGL Background Thread 3 ] DEBUG Engine               - cSSList: [fxgl_dark.css]
03:21:11.636 [FXGL Background Thread 3 ] DEBUG Engine               - collisionDetectionStrategy: BRUTE_FORCE
03:21:11.637 [FXGL Background Thread 3 ] DEBUG Engine               - configClass: Optional.empty
03:21:11.637 [FXGL Background Thread 3 ] DEBUG Engine               - credits: []
03:21:11.637 [FXGL Background Thread 3 ] DEBUG Engine               - defaultCursor: CursorInfo(imageName=fxgl_default_cursor.png, hotspotX=7.0, hotspotY=6.0)
03:21:11.637 [FXGL Background Thread 3 ] DEBUG Engine               - devBBoxColorProperty: ObjectProperty [value: 0xff0000ff]
03:21:11.637 [FXGL Background Thread 3 ] DEBUG Engine               - devEnableDebugCameraProperty: BooleanProperty [value: false]
03:21:11.637 [FXGL Background Thread 3 ] DEBUG Engine               - devSensorColorProperty: ObjectProperty [value: 0xffff00ff]
03:21:11.637 [FXGL Background Thread 3 ] DEBUG Engine               - devShowBBoxProperty: BooleanProperty [value: false]
03:21:11.637 [FXGL Background Thread 3 ] DEBUG Engine               - devShowPositionProperty: BooleanProperty [value: false]
03:21:11.637 [FXGL Background Thread 3 ] DEBUG Engine               - enabledMenuItems: []
03:21:11.637 [FXGL Background Thread 3 ] DEBUG Engine               - engineServices: [class com.almasb.fxgl.app.services.FXGLAssetLoaderService, class com.almasb.fxgl.app.FXGLApplication$GameApplicationService, class com.almasb.fxgl.app.services.FXGLDialogService, class com.almasb.fxgl.app.services.IOTaskExecutorService, class com.almasb.fxgl.io.FileSystemService, class com.almasb.fxgl.localization.LocalizationService, class com.almasb.fxgl.app.services.SystemBundleService, class com.almasb.fxgl.profile.SaveLoadService, class com.almasb.fxgl.ui.FXGLUIFactoryServiceProvider, class com.almasb.fxgl.ui.FXGLDialogFactoryServiceProvider, class com.almasb.fxgl.audio.AudioPlayer, class com.almasb.fxgl.notification.impl.NotificationServiceProvider, class com.almasb.fxgl.achievement.AchievementService, class com.almasb.fxgl.cutscene.CutsceneService, class com.almasb.fxgl.minigames.MiniGameService, class com.almasb.fxgl.net.NetService, class com.almasb.fxgl.app.services.UpdaterService, class com.almasb.fxgl.dev.DevService]
03:21:11.637 [FXGL Background Thread 3 ] DEBUG Engine               - fontGame: Abel-Regular.ttf
03:21:11.637 [FXGL Background Thread 3 ] DEBUG Engine               - fontMono: TerminalLandMono-Regular.otf
03:21:11.637 [FXGL Background Thread 3 ] DEBUG Engine               - fontText: Courier-Prime.ttf
03:21:11.637 [FXGL Background Thread 3 ] DEBUG Engine               - fontUI: VarelaRound-Regular.ttf
03:21:11.637 [FXGL Background Thread 3 ] DEBUG Engine               - fullScreen: BooleanProperty [value: false]
03:21:11.638 [FXGL Background Thread 3 ] DEBUG Engine               - gameDifficulty: MEDIUM
03:21:11.638 [FXGL Background Thread 3 ] DEBUG Engine               - gameDifficultyProperty: ObjectProperty [value: MEDIUM]
03:21:11.638 [FXGL Background Thread 3 ] DEBUG Engine               - globalMusicVolume: 0.5
03:21:11.638 [FXGL Background Thread 3 ] DEBUG Engine               - globalMusicVolumeProperty: DoubleProperty [value: 0.5]
03:21:11.638 [FXGL Background Thread 3 ] DEBUG Engine               - globalSoundVolume: 0.5
03:21:11.638 [FXGL Background Thread 3 ] DEBUG Engine               - globalSoundVolumeProperty: DoubleProperty [value: 0.5]
03:21:11.638 [FXGL Background Thread 3 ] DEBUG Engine               - height: 750
03:21:11.638 [FXGL Background Thread 3 ] DEBUG Engine               - is3D: false
03:21:11.638 [FXGL Background Thread 3 ] DEBUG Engine               - isAndroid: false
03:21:11.638 [FXGL Background Thread 3 ] DEBUG Engine               - isBrowser: false
03:21:11.638 [FXGL Background Thread 3 ] DEBUG Engine               - isClickFeedbackEnabled: false
03:21:11.638 [FXGL Background Thread 3 ] DEBUG Engine               - isCloseConfirmation: false
03:21:11.638 [FXGL Background Thread 3 ] DEBUG Engine               - isDesktop: true
03:21:11.638 [FXGL Background Thread 3 ] DEBUG Engine               - isDeveloperMenuEnabled: false
03:21:11.638 [FXGL Background Thread 3 ] DEBUG Engine               - isEmbedded: false
03:21:11.638 [FXGL Background Thread 3 ] DEBUG Engine               - isEntityPreloadEnabled: true
03:21:11.638 [FXGL Background Thread 3 ] DEBUG Engine               - isExperimentalTiledLargeMap: false
03:21:11.638 [FXGL Background Thread 3 ] DEBUG Engine               - isFileSystemWriteAllowed: true
03:21:11.638 [FXGL Background Thread 3 ] DEBUG Engine               - isFullScreenAllowed: false
03:21:11.638 [FXGL Background Thread 3 ] DEBUG Engine               - isFullScreenFromStart: false
03:21:11.638 [FXGL Background Thread 3 ] DEBUG Engine               - isGameMenuEnabled: true
03:21:11.638 [FXGL Background Thread 3 ] DEBUG Engine               - isIOS: false
03:21:11.638 [FXGL Background Thread 3 ] DEBUG Engine               - isIntroEnabled: false
03:21:11.638 [FXGL Background Thread 3 ] DEBUG Engine               - isLinux: false
03:21:11.638 [FXGL Background Thread 3 ] DEBUG Engine               - isMac: false
03:21:11.638 [FXGL Background Thread 3 ] DEBUG Engine               - isMainMenuEnabled: true
03:21:11.639 [FXGL Background Thread 3 ] DEBUG Engine               - isManualResizeEnabled: false
03:21:11.639 [FXGL Background Thread 3 ] DEBUG Engine               - isMobile: false
03:21:11.639 [FXGL Background Thread 3 ] DEBUG Engine               - isNative: false
03:21:11.639 [FXGL Background Thread 3 ] DEBUG Engine               - isPauseMusicWhenMinimized: true
03:21:11.639 [FXGL Background Thread 3 ] DEBUG Engine               - isPreserveResizeRatio: false
03:21:11.639 [FXGL Background Thread 3 ] DEBUG Engine               - isProfilingEnabled: false
03:21:11.639 [FXGL Background Thread 3 ] DEBUG Engine               - isScaleAffectedOnResize: true
03:21:11.639 [FXGL Background Thread 3 ] DEBUG Engine               - isSingleStep: false
03:21:11.639 [FXGL Background Thread 3 ] DEBUG Engine               - isUserProfileEnabled: false
03:21:11.639 [FXGL Background Thread 3 ] DEBUG Engine               - isWindows: true
03:21:11.639 [FXGL Background Thread 3 ] DEBUG Engine               - language: ObjectProperty [value: ENGLISH]
03:21:11.639 [FXGL Background Thread 3 ] DEBUG Engine               - menuKey: ESCAPE
03:21:11.639 [FXGL Background Thread 3 ] DEBUG Engine               - mouseSensitivity: 0.2
03:21:11.639 [FXGL Background Thread 3 ] DEBUG Engine               - notificationViewClass: class com.almasb.fxgl.notification.view.XboxNotificationView
03:21:11.639 [FXGL Background Thread 3 ] DEBUG Engine               - pixelsPerMeter: 50.0
03:21:11.639 [FXGL Background Thread 3 ] DEBUG Engine               - platform: WINDOWS
03:21:11.639 [FXGL Background Thread 3 ] DEBUG Engine               - prefHeightProperty: ReadOnlyDoubleProperty [value: 750.0]
03:21:11.639 [FXGL Background Thread 3 ] DEBUG Engine               - prefWidthProperty: ReadOnlyDoubleProperty [value: 1000.0]
03:21:11.639 [FXGL Background Thread 3 ] DEBUG Engine               - profileDir: profiles/
03:21:11.639 [FXGL Background Thread 3 ] DEBUG Engine               - profileName: StringProperty [value: DEFAULT]
03:21:11.639 [FXGL Background Thread 3 ] DEBUG Engine               - randomSeed: -1
03:21:11.640 [FXGL Background Thread 3 ] DEBUG Engine               - runtimeInfo: RuntimeInfo(platform=WINDOWS, version=17.2, build=20.08.2022 16.50)
03:21:11.640 [FXGL Background Thread 3 ] DEBUG Engine               - saveFileExt: sav
03:21:11.640 [FXGL Background Thread 3 ] DEBUG Engine               - scaledHeightProp$fxgl: DoubleProperty [bound, value: 750.0]
03:21:11.640 [FXGL Background Thread 3 ] DEBUG Engine               - scaledWidthProp$fxgl: DoubleProperty [bound, value: 1000.0]
03:21:11.640 [FXGL Background Thread 3 ] DEBUG Engine               - sceneFactory: com.almasb.fxgl.app.scene.SceneFactory@669ceae9
03:21:11.640 [FXGL Background Thread 3 ] DEBUG Engine               - secondsIn24h: 60
03:21:11.640 [FXGL Background Thread 3 ] DEBUG Engine               - soundMenuBack: menu/back.wav
03:21:11.640 [FXGL Background Thread 3 ] DEBUG Engine               - soundMenuPress: menu/press.wav
03:21:11.640 [FXGL Background Thread 3 ] DEBUG Engine               - soundMenuSelect: menu/select.wav
03:21:11.640 [FXGL Background Thread 3 ] DEBUG Engine               - soundNotification: core/notification.wav
03:21:11.640 [FXGL Background Thread 3 ] DEBUG Engine               - stageStyle: DECORATED
03:21:11.640 [FXGL Background Thread 3 ] DEBUG Engine               - supportedLanguages: [ENGLISH, FRENCH, GERMAN, HUNGARIAN, RUSSIAN]
03:21:11.640 [FXGL Background Thread 3 ] DEBUG Engine               - ticksPerSecond: -1
03:21:11.640 [FXGL Background Thread 3 ] DEBUG Engine               - title: 东方星月夜
03:21:11.640 [FXGL Background Thread 3 ] DEBUG Engine               - urlGithub: https://github.com/AlmasB/FXGL
03:21:11.640 [FXGL Background Thread 3 ] DEBUG Engine               - urlLeaderboard: http://fxgl-top.herokuapp.com/
03:21:11.640 [FXGL Background Thread 3 ] DEBUG Engine               - urlPOM: https://raw.githubusercontent.com/AlmasB/FXGL/release/README.md
03:21:11.640 [FXGL Background Thread 3 ] DEBUG Engine               - userAppClass: class game.StgGameApp
03:21:11.640 [FXGL Background Thread 3 ] DEBUG Engine               - version: （试行版）
03:21:11.641 [FXGL Background Thread 3 ] DEBUG Engine               - versionCheckDays: 7
03:21:11.641 [FXGL Background Thread 3 ] DEBUG Engine               - width: 1000
03:21:11.641 [FXGL Background Thread 3 ] DEBUG Engine               - Logging services
03:21:11.641 [FXGL Background Thread 3 ] DEBUG Engine               - class com.almasb.fxgl.app.services.FXGLAssetLoaderService
03:21:11.641 [FXGL Background Thread 3 ] DEBUG Engine               - class com.almasb.fxgl.app.FXGLApplication$GameApplicationService
03:21:11.641 [FXGL Background Thread 3 ] DEBUG Engine               - class com.almasb.fxgl.app.services.FXGLDialogService
03:21:11.641 [FXGL Background Thread 3 ] DEBUG Engine               - class com.almasb.fxgl.app.services.IOTaskExecutorService
03:21:11.641 [FXGL Background Thread 3 ] DEBUG Engine               - class com.almasb.fxgl.io.FileSystemService
03:21:11.641 [FXGL Background Thread 3 ] DEBUG Engine               - class com.almasb.fxgl.localization.LocalizationService
03:21:11.641 [FXGL Background Thread 3 ] DEBUG Engine               - class com.almasb.fxgl.app.services.SystemBundleService
03:21:11.641 [FXGL Background Thread 3 ] DEBUG Engine               - class com.almasb.fxgl.profile.SaveLoadService
03:21:11.641 [FXGL Background Thread 3 ] DEBUG Engine               - class com.almasb.fxgl.ui.FXGLUIFactoryServiceProvider
03:21:11.641 [FXGL Background Thread 3 ] DEBUG Engine               - class com.almasb.fxgl.ui.FXGLDialogFactoryServiceProvider
03:21:11.641 [FXGL Background Thread 3 ] DEBUG Engine               - class com.almasb.fxgl.audio.AudioPlayer
03:21:11.641 [FXGL Background Thread 3 ] DEBUG Engine               - class com.almasb.fxgl.notification.impl.NotificationServiceProvider
03:21:11.641 [FXGL Background Thread 3 ] DEBUG Engine               - class com.almasb.fxgl.achievement.AchievementService
03:21:11.641 [FXGL Background Thread 3 ] DEBUG Engine               - class com.almasb.fxgl.cutscene.CutsceneService
03:21:11.641 [FXGL Background Thread 3 ] DEBUG Engine               - class com.almasb.fxgl.minigames.MiniGameService
03:21:11.641 [FXGL Background Thread 3 ] DEBUG Engine               - class com.almasb.fxgl.net.NetService
03:21:11.641 [FXGL Background Thread 3 ] DEBUG Engine               - class com.almasb.fxgl.app.services.UpdaterService
03:21:11.641 [FXGL Background Thread 3 ] DEBUG Engine               - class com.almasb.fxgl.dev.DevService
03:21:12.168 [JavaFX Application Thread] DEBUG FXGLApplication      - Exiting FXGL
03:21:12.168 [JavaFX Application Thread] DEBUG Async                - Shutting down background threads
03:21:12.168 [JavaFX Application Thread] DEBUG PrimaryStageWindow   - Closing main window
03:21:12.177 [JavaFX Application Thread] DEBUG Logger               - Closing Logger
