02:01:07.107 [main                     ] DEBUG Logger               - Configured Logger
02:01:07.125 [main                     ] DEBUG GameApplication      - Logging settings
Title: 东方星月夜
Version: （试行版）
Width: 1000
Height: 750
Fullscreen: false
Intro: false
Profiling: false
Single step:false
App Mode: DEVELOPER
Menu Key: ESCAPE
Stage Style: DECORATED
Scene Factory: class com.almasb.fxgl.app.scene.SceneFactory

02:01:07.321 [JavaFX Application Thread] DEBUG FXGLApplication      - Initializing FXGL
02:01:07.326 [JavaFX Application Thread] INFO  Engine               - FXGL-17.2 (20.08.2022 16.50) on WINDOWS (J:18.0.1.1 FX:18)
02:01:07.327 [JavaFX Application Thread] DEBUG Engine               - JRE Vendor Name: Oracle Corporation
02:01:07.327 [JavaFX Application Thread] DEBUG Engine               - Running on OS: Windows 10 version 10.0
02:01:07.327 [JavaFX Application Thread] DEBUG Engine               - Architecture: amd64
02:01:07.327 [JavaFX Application Thread] INFO  Engine               - Source code and latest versions at: https://github.com/AlmasB/FXGL
02:01:07.327 [JavaFX Application Thread] INFO  Engine               -       Ask questions and discuss at: https://github.com/AlmasB/FXGL/discussions
02:01:07.327 [JavaFX Application Thread] INFO  Engine               -              Join the FXGL chat at: https://gitter.im/AlmasB/FXGL
02:01:07.383 [JavaFX Application Thread] DEBUG PrimaryStageWindow   - Creating a JavaFX scene
02:01:07.412 [JavaFX Application Thread] DEBUG PrimaryStageWindow   - Target settings size: 1000.0 x 750.0
02:01:07.413 [JavaFX Application Thread] DEBUG PrimaryStageWindow   - Scaled scene size:    1000.0 x 750.0
02:01:07.413 [JavaFX Application Thread] DEBUG PrimaryStageWindow   - Scaled ratio: (1.0, 1.0)
02:01:07.414 [JavaFX Application Thread] DEBUG PrimaryStageWindow   - Set initial scene to FXGLStartupScene
02:01:07.419 [JavaFX Application Thread] DEBUG PrimaryStageWindow   - Opening main window
02:01:07.481 [JavaFX Application Thread] DEBUG PrimaryStageWindow   - Window border size: (14.4000244140625, 38.0)
02:01:07.482 [JavaFX Application Thread] DEBUG PrimaryStageWindow   - Scaled size: 1000.0 x 750.0
02:01:07.482 [JavaFX Application Thread] DEBUG PrimaryStageWindow   - Scaled ratio: (1.0, 1.0)
02:01:07.482 [JavaFX Application Thread] DEBUG PrimaryStageWindow   - Scene size: 1000.0 x 750.0
02:01:07.482 [JavaFX Application Thread] DEBUG PrimaryStageWindow   - Stage size: 1014.4000244140625 x 788.0
02:01:07.488 [FXGL Background Thread 1 ] DEBUG Engine               - Initializing environment variables
02:01:07.526 [FXGL Background Thread 1 ] DEBUG FXGLAssetLoaderServi - User app class for loading assets: class game.StgGameApp
02:01:07.526 [FXGL Background Thread 1 ] DEBUG GameApplicationServi - Applying CSS: fxgl_dark.css
02:01:07.527 [FXGL Background Thread 1 ] DEBUG FXGLAssetLoaderServi - Loading from file system: jar:file:///D:/environment/.m2/repository/com/github/almasb/fxgl/17.2/fxgl-17.2.jar!/fxglassets/ui/css/fxgl_dark.css
02:01:07.566 [FXGL Background Thread 1 ] DEBUG GameApplicationServi - Initializing application scenes
02:01:07.618 [FXGL Background Thread 1 ] DEBUG GameWorld            - Game world initialized
02:01:07.658 [FXGL Background Thread 1 ] DEBUG PhysicsWorld         - Physics world initialized: appHeight=750, physics.ppm=50.0
02:01:07.658 [FXGL Background Thread 1 ] DEBUG PhysicsWorld         - Using strategy: BRUTE_FORCE
02:01:07.661 [FXGL Background Thread 1 ] DEBUG GameScene            - Game scene initialized: 1000x750
02:01:07.668 [FXGL Background Thread 1 ] DEBUG FXGL.DefaultMenu     - createMenuBodyMainMenu()
02:01:07.680 [FXGL Background Thread 1 ] DEBUG FXGL.DefaultMenu     - createOptionsMenu()
02:01:07.686 [FXGL Background Thread 1 ] DEBUG FXGLAssetLoaderServi - Loading from file system: jar:file:///D:/environment/.m2/repository/com/github/almasb/fxgl/17.2/fxgl-17.2.jar!/fxglassets/textures/particles/smoke.png
02:01:07.746 [FXGL Background Thread 1 ] DEBUG FXGLAssetLoaderServi - Loading from file system: jar:file:///D:/environment/.m2/repository/com/github/almasb/fxgl/17.2/fxgl-17.2.jar!/fxglassets/textures/particles/trace_horizontal.png
02:01:07.770 [FXGL Background Thread 1 ] DEBUG FXGL.DefaultMenu     - createMenuBodyGameMenu()
02:01:07.774 [FXGL Background Thread 1 ] DEBUG FXGL.DefaultMenu     - createOptionsMenu()
02:01:07.789 [FXGL Background Thread 1 ] DEBUG GameApplicationServi - Application scenes initialized
02:01:07.797 [FXGL Background Thread 1 ] DEBUG SystemBundleService  - Loading FXGL system data
02:01:07.800 [FXGL Background Thread 1 ] DEBUG FileSystemAccess     - Reading from: D:\A_Learning\java\TouHouStarryNight\system\fxgl.bundle
02:01:07.807 [FXGL Background Thread 1 ] DEBUG SystemBundleService  - Bundle FXGL: {}
02:01:07.807 [FXGL Background Thread 1 ] DEBUG UpdaterService       - Checking for updates
02:01:07.810 [FXGL Background Thread 4 ] DEBUG FXGLApplication      - Loading fonts
02:01:07.810 [FXGL Background Thread 1 ] DEBUG FXGLApplication      - Loading default localization
02:01:07.810 [FXGL Background Thread 4 ] DEBUG FXGLAssetLoaderServi - Loading from file system: jar:file:///D:/environment/.m2/repository/com/github/almasb/fxgl/17.2/fxgl-17.2.jar!/fxglassets/ui/fonts/VarelaRound-Regular.ttf
02:01:07.811 [FXGL Background Thread 1 ] DEBUG FXGLAssetLoaderServi - Loading from file system: jar:file:///D:/environment/.m2/repository/com/github/almasb/fxgl/17.2/fxgl-17.2.jar!/fxglassets/languages/english.lang
02:01:07.828 [FXGL Background Thread 1 ] INFO  FXGLApplication      - FXGL initialization took: 0.339 sec
02:01:07.839 [JavaFX Application Thread] DEBUG Input                - Registered new binding: action0 - Up
02:01:07.839 [JavaFX Application Thread] DEBUG Input                - Registered new binding: action1 - Down
02:01:07.839 [JavaFX Application Thread] DEBUG Input                - Registered new binding: action2 - Right
02:01:07.840 [JavaFX Application Thread] DEBUG Input                - Registered new binding: Left - Left
02:01:07.840 [JavaFX Application Thread] DEBUG FXGLAssetLoaderServi - Loading from file system: file:/D:/A_Learning/java/TouHouStarryNight/target/classes/assets/textures/remi.png
02:01:07.902 [FXGL Background Thread 4 ] DEBUG FXGLAssetLoaderServi - Loading from file system: jar:file:///D:/environment/.m2/repository/com/github/almasb/fxgl/17.2/fxgl-17.2.jar!/fxglassets/ui/fonts/Abel-Regular.ttf
02:01:07.910 [FXGL Background Thread 4 ] DEBUG FXGLAssetLoaderServi - Loading from file system: jar:file:///D:/environment/.m2/repository/com/github/almasb/fxgl/17.2/fxgl-17.2.jar!/fxglassets/ui/fonts/TerminalLandMono-Regular.otf
02:01:07.918 [FXGL Background Thread 4 ] DEBUG FXGLAssetLoaderServi - Loading from file system: jar:file:///D:/environment/.m2/repository/com/github/almasb/fxgl/17.2/fxgl-17.2.jar!/fxglassets/ui/fonts/Courier-Prime.ttf
02:01:07.922 [JavaFX Application Thread] DEBUG FXGLAssetLoaderServi - Loading from file system: jar:file:///D:/environment/.m2/repository/com/github/almasb/fxgl/17.2/fxgl-17.2.jar!/fxglassets/textures/fxgl_default_cursor.png
02:01:07.923 [JavaFX Application Thread] DEBUG Input                - Registered new binding: Screenshot - CTRL+8
02:01:07.924 [JavaFX Application Thread] DEBUG Input                - Registered new binding: System info dump - CTRL+9
02:01:07.924 [JavaFX Application Thread] DEBUG Input                - Registered new binding: Restart - CTRL+R
02:01:07.925 [JavaFX Application Thread] DEBUG Input                - Registered new binding: Toggle Debug Camera - CTRL+7
02:01:07.926 [JavaFX Application Thread] DEBUG LoopRunner           - Starting loop
02:01:07.926 [JavaFX Application Thread] DEBUG LoopRunner           - Initializing JavaFX AnimationTimerLoop
02:01:07.927 [JavaFX Application Thread] DEBUG Input                - Clearing active input actions
02:01:07.932 [JavaFX Application Thread] DEBUG GameApplicationServi - Removing overlay from FXGLStartupScene and adding to FXGLMainMenuDummyScene
02:01:07.932 [JavaFX Application Thread] DEBUG PrimaryStageWindow   - FXGLStartupScene -> FXGLMainMenuDummyScene
02:01:07.932 [JavaFX Application Thread] DEBUG PrimaryStageWindow   - Push state: FXGLDefaultMenu
02:01:07.935 [JavaFX Application Thread] DEBUG Input                - Clearing active input actions
02:01:07.941 [JavaFX Application Thread] DEBUG GameApplicationServi - Removing overlay from FXGLMainMenuDummyScene and adding to FXGLDefaultMenu
02:01:07.941 [JavaFX Application Thread] DEBUG PrimaryStageWindow   - FXGLMainMenuDummyScene -> FXGLDefaultMenu
02:01:07.946 [JavaFX Application Thread] DEBUG FXGLApplication      - Registering font factories with UI factory
02:01:07.961 [FXGL Background Thread 2 ] WARN  UpdaterService       - Failed to find updates: java.net.UnknownHostException: raw.githubusercontent.com
02:01:09.337 [JavaFX Application Thread] DEBUG Menu                 - fireNewGame()
02:01:09.337 [JavaFX Application Thread] DEBUG GameApplicationServi - Starting new game
02:01:09.338 [JavaFX Application Thread] DEBUG PrimaryStageWindow   - Pop state: FXGLDefaultMenu
02:01:09.338 [JavaFX Application Thread] DEBUG Input                - Clearing active input actions
02:01:09.339 [JavaFX Application Thread] DEBUG GameApplicationServi - Removing overlay from FXGLDefaultMenu and adding to FXGLMainMenuDummyScene
02:01:09.340 [JavaFX Application Thread] DEBUG PrimaryStageWindow   - FXGLMainMenuDummyScene <- FXGLDefaultMenu
02:01:09.340 [JavaFX Application Thread] DEBUG Input                - Clearing active input actions
02:01:09.345 [JavaFX Application Thread] DEBUG GameApplicationServi - Removing overlay from FXGLMainMenuDummyScene and adding to FXGLLoadingScene
02:01:09.345 [JavaFX Application Thread] DEBUG PrimaryStageWindow   - FXGLMainMenuDummyScene -> FXGLLoadingScene
02:01:09.345 [JavaFX Application Thread] DEBUG GameApplicationServi - Clearing previous game
02:01:09.345 [JavaFX Application Thread] DEBUG GameScene            - Clearing game scene
02:01:09.345 [JavaFX Application Thread] DEBUG GameWorld            - Clearing game world
02:01:09.345 [JavaFX Application Thread] DEBUG PhysicsWorld         - Clearing physics world
02:01:09.348 [FXGL Background Thread 2 ] DEBUG FXGLApplication      - Initializing game
02:01:09.352 [FXGL Background Thread 2 ] DEBUG FXGLAssetLoaderServi - Loading from file system: file:/D:/A_Learning/java/TouHouStarryNight/target/classes/assets/textures/bg/backgorund3.png
02:01:09.371 [FXGL Background Thread 2 ] DEBUG FXGLAssetLoaderServi - Loading from file system: file:/D:/A_Learning/java/TouHouStarryNight/target/classes/assets/textures/player/remi.png
02:01:09.378 [FXGL Background Thread 2 ] INFO  FXGLApplication      - Game initialization took: 0.030 sec
02:01:09.387 [JavaFX Application Thread] DEBUG Input                - Clearing active input actions
02:01:09.390 [JavaFX Application Thread] DEBUG GameApplicationServi - Removing overlay from FXGLLoadingScene and adding to GameScene
02:01:09.390 [JavaFX Application Thread] DEBUG PrimaryStageWindow   - FXGLLoadingScene -> GameScene
02:01:10.810 [FXGL Background Thread 3 ] DEBUG Engine               - Logging environment variables
02:01:10.810 [FXGL Background Thread 3 ] DEBUG Engine               - achievements: []
02:01:10.810 [FXGL Background Thread 3 ] DEBUG Engine               - actualHeight: 750.0
02:01:10.810 [FXGL Background Thread 3 ] DEBUG Engine               - actualHeightProperty: ReadOnlyDoubleProperty [value: 750.0]
02:01:10.810 [FXGL Background Thread 3 ] DEBUG Engine               - actualWidth: 1000.0
02:01:10.810 [FXGL Background Thread 3 ] DEBUG Engine               - actualWidthProperty: ReadOnlyDoubleProperty [value: 1000.0]
02:01:10.810 [FXGL Background Thread 3 ] DEBUG Engine               - appIcon: remi.png
02:01:10.810 [FXGL Background Thread 3 ] DEBUG Engine               - applicationMode: DEVELOPER
02:01:10.811 [FXGL Background Thread 3 ] DEBUG Engine               - cSSList: [fxgl_dark.css]
02:01:10.811 [FXGL Background Thread 3 ] DEBUG Engine               - collisionDetectionStrategy: BRUTE_FORCE
02:01:10.811 [FXGL Background Thread 3 ] DEBUG Engine               - configClass: Optional.empty
02:01:10.811 [FXGL Background Thread 3 ] DEBUG Engine               - credits: []
02:01:10.811 [FXGL Background Thread 3 ] DEBUG Engine               - defaultCursor: CursorInfo(imageName=fxgl_default_cursor.png, hotspotX=7.0, hotspotY=6.0)
02:01:10.811 [FXGL Background Thread 3 ] DEBUG Engine               - devBBoxColorProperty: ObjectProperty [value: 0xff0000ff]
02:01:10.811 [FXGL Background Thread 3 ] DEBUG Engine               - devEnableDebugCameraProperty: BooleanProperty [value: false]
02:01:10.811 [FXGL Background Thread 3 ] DEBUG Engine               - devSensorColorProperty: ObjectProperty [value: 0xffff00ff]
02:01:10.811 [FXGL Background Thread 3 ] DEBUG Engine               - devShowBBoxProperty: BooleanProperty [value: false]
02:01:10.811 [FXGL Background Thread 3 ] DEBUG Engine               - devShowPositionProperty: BooleanProperty [value: false]
02:01:10.811 [FXGL Background Thread 3 ] DEBUG Engine               - enabledMenuItems: []
02:01:10.811 [FXGL Background Thread 3 ] DEBUG Engine               - engineServices: [class com.almasb.fxgl.app.services.FXGLAssetLoaderService, class com.almasb.fxgl.app.FXGLApplication$GameApplicationService, class com.almasb.fxgl.app.services.FXGLDialogService, class com.almasb.fxgl.app.services.IOTaskExecutorService, class com.almasb.fxgl.io.FileSystemService, class com.almasb.fxgl.localization.LocalizationService, class com.almasb.fxgl.app.services.SystemBundleService, class com.almasb.fxgl.profile.SaveLoadService, class com.almasb.fxgl.ui.FXGLUIFactoryServiceProvider, class com.almasb.fxgl.ui.FXGLDialogFactoryServiceProvider, class com.almasb.fxgl.audio.AudioPlayer, class com.almasb.fxgl.notification.impl.NotificationServiceProvider, class com.almasb.fxgl.achievement.AchievementService, class com.almasb.fxgl.cutscene.CutsceneService, class com.almasb.fxgl.minigames.MiniGameService, class com.almasb.fxgl.net.NetService, class com.almasb.fxgl.app.services.UpdaterService, class com.almasb.fxgl.dev.DevService]
02:01:10.811 [FXGL Background Thread 3 ] DEBUG Engine               - fontGame: Abel-Regular.ttf
02:01:10.811 [FXGL Background Thread 3 ] DEBUG Engine               - fontMono: TerminalLandMono-Regular.otf
02:01:10.811 [FXGL Background Thread 3 ] DEBUG Engine               - fontText: Courier-Prime.ttf
02:01:10.811 [FXGL Background Thread 3 ] DEBUG Engine               - fontUI: VarelaRound-Regular.ttf
02:01:10.811 [FXGL Background Thread 3 ] DEBUG Engine               - fullScreen: BooleanProperty [value: false]
02:01:10.811 [FXGL Background Thread 3 ] DEBUG Engine               - gameDifficulty: MEDIUM
02:01:10.811 [FXGL Background Thread 3 ] DEBUG Engine               - gameDifficultyProperty: ObjectProperty [value: MEDIUM]
02:01:10.812 [FXGL Background Thread 3 ] DEBUG Engine               - globalMusicVolume: 0.5
02:01:10.812 [FXGL Background Thread 3 ] DEBUG Engine               - globalMusicVolumeProperty: DoubleProperty [value: 0.5]
02:01:10.812 [FXGL Background Thread 3 ] DEBUG Engine               - globalSoundVolume: 0.5
02:01:10.812 [FXGL Background Thread 3 ] DEBUG Engine               - globalSoundVolumeProperty: DoubleProperty [value: 0.5]
02:01:10.812 [FXGL Background Thread 3 ] DEBUG Engine               - height: 750
02:01:10.812 [FXGL Background Thread 3 ] DEBUG Engine               - is3D: false
02:01:10.812 [FXGL Background Thread 3 ] DEBUG Engine               - isAndroid: false
02:01:10.812 [FXGL Background Thread 3 ] DEBUG Engine               - isBrowser: false
02:01:10.812 [FXGL Background Thread 3 ] DEBUG Engine               - isClickFeedbackEnabled: false
02:01:10.812 [FXGL Background Thread 3 ] DEBUG Engine               - isCloseConfirmation: false
02:01:10.812 [FXGL Background Thread 3 ] DEBUG Engine               - isDesktop: true
02:01:10.812 [FXGL Background Thread 3 ] DEBUG Engine               - isDeveloperMenuEnabled: false
02:01:10.812 [FXGL Background Thread 3 ] DEBUG Engine               - isEmbedded: false
02:01:10.812 [FXGL Background Thread 3 ] DEBUG Engine               - isEntityPreloadEnabled: true
02:01:10.812 [FXGL Background Thread 3 ] DEBUG Engine               - isExperimentalTiledLargeMap: false
02:01:10.812 [FXGL Background Thread 3 ] DEBUG Engine               - isFileSystemWriteAllowed: true
02:01:10.812 [FXGL Background Thread 3 ] DEBUG Engine               - isFullScreenAllowed: false
02:01:10.812 [FXGL Background Thread 3 ] DEBUG Engine               - isFullScreenFromStart: false
02:01:10.812 [FXGL Background Thread 3 ] DEBUG Engine               - isGameMenuEnabled: true
02:01:10.812 [FXGL Background Thread 3 ] DEBUG Engine               - isIOS: false
02:01:10.812 [FXGL Background Thread 3 ] DEBUG Engine               - isIntroEnabled: false
02:01:10.812 [FXGL Background Thread 3 ] DEBUG Engine               - isLinux: false
02:01:10.812 [FXGL Background Thread 3 ] DEBUG Engine               - isMac: false
02:01:10.812 [FXGL Background Thread 3 ] DEBUG Engine               - isMainMenuEnabled: true
02:01:10.812 [FXGL Background Thread 3 ] DEBUG Engine               - isManualResizeEnabled: false
02:01:10.812 [FXGL Background Thread 3 ] DEBUG Engine               - isMobile: false
02:01:10.812 [FXGL Background Thread 3 ] DEBUG Engine               - isNative: false
02:01:10.812 [FXGL Background Thread 3 ] DEBUG Engine               - isPauseMusicWhenMinimized: true
02:01:10.812 [FXGL Background Thread 3 ] DEBUG Engine               - isPreserveResizeRatio: false
02:01:10.812 [FXGL Background Thread 3 ] DEBUG Engine               - isProfilingEnabled: false
02:01:10.813 [FXGL Background Thread 3 ] DEBUG Engine               - isScaleAffectedOnResize: true
02:01:10.813 [FXGL Background Thread 3 ] DEBUG Engine               - isSingleStep: false
02:01:10.813 [FXGL Background Thread 3 ] DEBUG Engine               - isUserProfileEnabled: false
02:01:10.813 [FXGL Background Thread 3 ] DEBUG Engine               - isWindows: true
02:01:10.813 [FXGL Background Thread 3 ] DEBUG Engine               - language: ObjectProperty [value: ENGLISH]
02:01:10.813 [FXGL Background Thread 3 ] DEBUG Engine               - menuKey: ESCAPE
02:01:10.813 [FXGL Background Thread 3 ] DEBUG Engine               - mouseSensitivity: 0.2
02:01:10.813 [FXGL Background Thread 3 ] DEBUG Engine               - notificationViewClass: class com.almasb.fxgl.notification.view.XboxNotificationView
02:01:10.813 [FXGL Background Thread 3 ] DEBUG Engine               - pixelsPerMeter: 50.0
02:01:10.813 [FXGL Background Thread 3 ] DEBUG Engine               - platform: WINDOWS
02:01:10.813 [FXGL Background Thread 3 ] DEBUG Engine               - prefHeightProperty: ReadOnlyDoubleProperty [value: 750.0]
02:01:10.813 [FXGL Background Thread 3 ] DEBUG Engine               - prefWidthProperty: ReadOnlyDoubleProperty [value: 1000.0]
02:01:10.813 [FXGL Background Thread 3 ] DEBUG Engine               - profileDir: profiles/
02:01:10.813 [FXGL Background Thread 3 ] DEBUG Engine               - profileName: StringProperty [value: DEFAULT]
02:01:10.813 [FXGL Background Thread 3 ] DEBUG Engine               - randomSeed: -1
02:01:10.813 [FXGL Background Thread 3 ] DEBUG Engine               - runtimeInfo: RuntimeInfo(platform=WINDOWS, version=17.2, build=20.08.2022 16.50)
02:01:10.813 [FXGL Background Thread 3 ] DEBUG Engine               - saveFileExt: sav
02:01:10.813 [FXGL Background Thread 3 ] DEBUG Engine               - scaledHeightProp$fxgl: DoubleProperty [bound, value: 750.0]
02:01:10.813 [FXGL Background Thread 3 ] DEBUG Engine               - scaledWidthProp$fxgl: DoubleProperty [bound, value: 1000.0]
02:01:10.813 [FXGL Background Thread 3 ] DEBUG Engine               - sceneFactory: com.almasb.fxgl.app.scene.SceneFactory@67b96044
02:01:10.813 [FXGL Background Thread 3 ] DEBUG Engine               - secondsIn24h: 60
02:01:10.813 [FXGL Background Thread 3 ] DEBUG Engine               - soundMenuBack: menu/back.wav
02:01:10.813 [FXGL Background Thread 3 ] DEBUG Engine               - soundMenuPress: menu/press.wav
02:01:10.813 [FXGL Background Thread 3 ] DEBUG Engine               - soundMenuSelect: menu/select.wav
02:01:10.813 [FXGL Background Thread 3 ] DEBUG Engine               - soundNotification: core/notification.wav
02:01:10.813 [FXGL Background Thread 3 ] DEBUG Engine               - stageStyle: DECORATED
02:01:10.813 [FXGL Background Thread 3 ] DEBUG Engine               - supportedLanguages: [ENGLISH, FRENCH, GERMAN, HUNGARIAN, RUSSIAN]
02:01:10.814 [FXGL Background Thread 3 ] DEBUG Engine               - ticksPerSecond: -1
02:01:10.814 [FXGL Background Thread 3 ] DEBUG Engine               - title: 东方星月夜
02:01:10.814 [FXGL Background Thread 3 ] DEBUG Engine               - urlGithub: https://github.com/AlmasB/FXGL
02:01:10.814 [FXGL Background Thread 3 ] DEBUG Engine               - urlLeaderboard: http://fxgl-top.herokuapp.com/
02:01:10.814 [FXGL Background Thread 3 ] DEBUG Engine               - urlPOM: https://raw.githubusercontent.com/AlmasB/FXGL/release/README.md
02:01:10.814 [FXGL Background Thread 3 ] DEBUG Engine               - userAppClass: class game.StgGameApp
02:01:10.814 [FXGL Background Thread 3 ] DEBUG Engine               - version: （试行版）
02:01:10.814 [FXGL Background Thread 3 ] DEBUG Engine               - versionCheckDays: 7
02:01:10.814 [FXGL Background Thread 3 ] DEBUG Engine               - width: 1000
02:01:10.814 [FXGL Background Thread 3 ] DEBUG Engine               - Logging services
02:01:10.814 [FXGL Background Thread 3 ] DEBUG Engine               - class com.almasb.fxgl.app.services.FXGLAssetLoaderService
02:01:10.814 [FXGL Background Thread 3 ] DEBUG Engine               - class com.almasb.fxgl.app.FXGLApplication$GameApplicationService
02:01:10.814 [FXGL Background Thread 3 ] DEBUG Engine               - class com.almasb.fxgl.app.services.FXGLDialogService
02:01:10.814 [FXGL Background Thread 3 ] DEBUG Engine               - class com.almasb.fxgl.app.services.IOTaskExecutorService
02:01:10.814 [FXGL Background Thread 3 ] DEBUG Engine               - class com.almasb.fxgl.io.FileSystemService
02:01:10.814 [FXGL Background Thread 3 ] DEBUG Engine               - class com.almasb.fxgl.localization.LocalizationService
02:01:10.814 [FXGL Background Thread 3 ] DEBUG Engine               - class com.almasb.fxgl.app.services.SystemBundleService
02:01:10.814 [FXGL Background Thread 3 ] DEBUG Engine               - class com.almasb.fxgl.profile.SaveLoadService
02:01:10.814 [FXGL Background Thread 3 ] DEBUG Engine               - class com.almasb.fxgl.ui.FXGLUIFactoryServiceProvider
02:01:10.814 [FXGL Background Thread 3 ] DEBUG Engine               - class com.almasb.fxgl.ui.FXGLDialogFactoryServiceProvider
02:01:10.814 [FXGL Background Thread 3 ] DEBUG Engine               - class com.almasb.fxgl.audio.AudioPlayer
02:01:10.814 [FXGL Background Thread 3 ] DEBUG Engine               - class com.almasb.fxgl.notification.impl.NotificationServiceProvider
02:01:10.814 [FXGL Background Thread 3 ] DEBUG Engine               - class com.almasb.fxgl.achievement.AchievementService
02:01:10.814 [FXGL Background Thread 3 ] DEBUG Engine               - class com.almasb.fxgl.cutscene.CutsceneService
02:01:10.814 [FXGL Background Thread 3 ] DEBUG Engine               - class com.almasb.fxgl.minigames.MiniGameService
02:01:10.814 [FXGL Background Thread 3 ] DEBUG Engine               - class com.almasb.fxgl.net.NetService
02:01:10.814 [FXGL Background Thread 3 ] DEBUG Engine               - class com.almasb.fxgl.app.services.UpdaterService
02:01:10.814 [FXGL Background Thread 3 ] DEBUG Engine               - class com.almasb.fxgl.dev.DevService
02:01:26.992 [JavaFX Application Thread] DEBUG FXGLApplication      - Exiting FXGL
02:01:26.992 [JavaFX Application Thread] DEBUG LoopRunner           - Stopping loop
02:01:26.992 [JavaFX Application Thread] DEBUG SystemBundleService  - Saving FXGL system data
02:01:26.994 [JavaFX Application Thread] DEBUG FileSystemAccess     - Writing to: D:\A_Learning\java\TouHouStarryNight\system\fxgl.bundle
02:01:26.995 [JavaFX Application Thread] DEBUG Async                - Shutting down background threads
02:01:26.995 [JavaFX Application Thread] DEBUG PrimaryStageWindow   - Closing main window
02:01:27.003 [JavaFX Application Thread] DEBUG Logger               - Closing Logger
