12:28:47.780 [main                     ] DEBUG Logger               - Configured Logger
12:28:47.799 [main                     ] DEBUG GameApplication      - Logging settings
Title: 东方星月夜
Version: （试行版）
Width: 1000
Height: 750
Fullscreen: false
Intro: false
Profiling: false
Single step:false
App Mode: DEVELOPER
Menu Key: ESCAPE
Stage Style: DECORATED
Scene Factory: class com.almasb.fxgl.app.scene.SceneFactory

12:28:48.090 [JavaFX Application Thread] DEBUG FXGLApplication      - Initializing FXGL
12:28:48.094 [JavaFX Application Thread] INFO  Engine               - FXGL-17.2 (20.08.2022 16.50) on WINDOWS (J:18.0.1.1 FX:18)
12:28:48.094 [JavaFX Application Thread] DEBUG Engine               - JRE Vendor Name: Oracle Corporation
12:28:48.094 [JavaFX Application Thread] DEBUG Engine               - Running on OS: Windows 10 version 10.0
12:28:48.094 [JavaFX Application Thread] DEBUG Engine               - Architecture: amd64
12:28:48.094 [JavaFX Application Thread] INFO  Engine               - Source code and latest versions at: https://github.com/AlmasB/FXGL
12:28:48.094 [JavaFX Application Thread] INFO  Engine               -       Ask questions and discuss at: https://github.com/AlmasB/FXGL/discussions
12:28:48.095 [JavaFX Application Thread] INFO  Engine               -              Join the FXGL chat at: https://gitter.im/AlmasB/FXGL
12:28:48.169 [JavaFX Application Thread] DEBUG PrimaryStageWindow   - Creating a JavaFX scene
12:28:48.226 [JavaFX Application Thread] DEBUG PrimaryStageWindow   - Target settings size: 1000.0 x 750.0
12:28:48.226 [JavaFX Application Thread] DEBUG PrimaryStageWindow   - Scaled scene size:    1000.0 x 750.0
12:28:48.227 [JavaFX Application Thread] DEBUG PrimaryStageWindow   - Scaled ratio: (1.0, 1.0)
12:28:48.227 [JavaFX Application Thread] DEBUG PrimaryStageWindow   - Set initial scene to FXGLStartupScene
12:28:48.232 [JavaFX Application Thread] DEBUG PrimaryStageWindow   - Opening main window
12:28:48.313 [JavaFX Application Thread] DEBUG PrimaryStageWindow   - Window border size: (14.4000244140625, 38.0)
12:28:48.313 [JavaFX Application Thread] DEBUG PrimaryStageWindow   - Scaled size: 1000.0 x 750.0
12:28:48.313 [JavaFX Application Thread] DEBUG PrimaryStageWindow   - Scaled ratio: (1.0, 1.0)
12:28:48.314 [JavaFX Application Thread] DEBUG PrimaryStageWindow   - Scene size: 1000.0 x 750.0
12:28:48.314 [JavaFX Application Thread] DEBUG PrimaryStageWindow   - Stage size: 1014.4000244140625 x 788.0
12:28:48.319 [FXGL Background Thread 1 ] DEBUG Engine               - Initializing environment variables
12:28:48.358 [FXGL Background Thread 1 ] DEBUG FXGLAssetLoaderServi - User app class for loading assets: class game.StgGameApp
12:28:48.359 [FXGL Background Thread 1 ] DEBUG GameApplicationServi - Applying CSS: fxgl_dark.css
12:28:48.359 [FXGL Background Thread 1 ] DEBUG FXGLAssetLoaderServi - Loading from file system: jar:file:///D:/environment/.m2/repository/com/github/almasb/fxgl/17.2/fxgl-17.2.jar!/fxglassets/ui/css/fxgl_dark.css
12:28:48.390 [FXGL Background Thread 1 ] DEBUG GameApplicationServi - Initializing application scenes
12:28:48.444 [FXGL Background Thread 1 ] DEBUG GameWorld            - Game world initialized
12:28:48.478 [FXGL Background Thread 1 ] DEBUG PhysicsWorld         - Physics world initialized: appHeight=750, physics.ppm=50.0
12:28:48.478 [FXGL Background Thread 1 ] DEBUG PhysicsWorld         - Using strategy: BRUTE_FORCE
12:28:48.481 [FXGL Background Thread 1 ] DEBUG GameScene            - Game scene initialized: 1000x750
12:28:48.489 [FXGL Background Thread 1 ] DEBUG FXGL.DefaultMenu     - createMenuBodyMainMenu()
12:28:48.499 [FXGL Background Thread 1 ] DEBUG FXGL.DefaultMenu     - createOptionsMenu()
12:28:48.508 [FXGL Background Thread 1 ] DEBUG FXGLAssetLoaderServi - Loading from file system: jar:file:///D:/environment/.m2/repository/com/github/almasb/fxgl/17.2/fxgl-17.2.jar!/fxglassets/textures/particles/smoke.png
12:28:48.575 [FXGL Background Thread 1 ] DEBUG FXGLAssetLoaderServi - Loading from file system: jar:file:///D:/environment/.m2/repository/com/github/almasb/fxgl/17.2/fxgl-17.2.jar!/fxglassets/textures/particles/trace_horizontal.png
12:28:48.605 [FXGL Background Thread 1 ] DEBUG FXGL.DefaultMenu     - createMenuBodyGameMenu()
12:28:48.607 [FXGL Background Thread 1 ] DEBUG FXGL.DefaultMenu     - createOptionsMenu()
12:28:48.619 [FXGL Background Thread 1 ] DEBUG GameApplicationServi - Application scenes initialized
12:28:48.630 [FXGL Background Thread 1 ] DEBUG SystemBundleService  - Loading FXGL system data
12:28:48.642 [FXGL Background Thread 1 ] DEBUG FileSystemAccess     - Reading from: D:\A_Learning\java\TouHouStarryNight\system\fxgl.bundle
12:28:48.651 [FXGL Background Thread 1 ] DEBUG SystemBundleService  - Bundle FXGL: {}
12:28:48.651 [FXGL Background Thread 1 ] DEBUG UpdaterService       - Checking for updates
12:28:48.655 [FXGL Background Thread 4 ] DEBUG FXGLApplication      - Loading fonts
12:28:48.655 [FXGL Background Thread 1 ] DEBUG FXGLApplication      - Loading default localization
12:28:48.655 [FXGL Background Thread 4 ] DEBUG FXGLAssetLoaderServi - Loading from file system: jar:file:///D:/environment/.m2/repository/com/github/almasb/fxgl/17.2/fxgl-17.2.jar!/fxglassets/ui/fonts/VarelaRound-Regular.ttf
12:28:48.656 [FXGL Background Thread 1 ] DEBUG FXGLAssetLoaderServi - Loading from file system: jar:file:///D:/environment/.m2/repository/com/github/almasb/fxgl/17.2/fxgl-17.2.jar!/fxglassets/languages/english.lang
12:28:48.671 [FXGL Background Thread 1 ] INFO  FXGLApplication      - FXGL initialization took: 0.351 sec
12:28:48.680 [JavaFX Application Thread] DEBUG Input                - Registered new binding: action0 - Up
12:28:48.681 [JavaFX Application Thread] DEBUG Input                - Registered new binding: action1 - Down
12:28:48.681 [JavaFX Application Thread] DEBUG Input                - Registered new binding: action2 - Right
12:28:48.681 [JavaFX Application Thread] DEBUG Input                - Registered new binding: action3 - Left
12:28:48.681 [JavaFX Application Thread] DEBUG Input                - Registered new binding: Shoot - Z
12:28:48.682 [JavaFX Application Thread] DEBUG FXGLAssetLoaderServi - Loading from file system: file:/D:/A_Learning/java/TouHouStarryNight/target/classes/assets/textures/remi.png
12:28:48.753 [FXGL Background Thread 4 ] DEBUG FXGLAssetLoaderServi - Loading from file system: jar:file:///D:/environment/.m2/repository/com/github/almasb/fxgl/17.2/fxgl-17.2.jar!/fxglassets/ui/fonts/Abel-Regular.ttf
12:28:48.760 [FXGL Background Thread 4 ] DEBUG FXGLAssetLoaderServi - Loading from file system: jar:file:///D:/environment/.m2/repository/com/github/almasb/fxgl/17.2/fxgl-17.2.jar!/fxglassets/ui/fonts/TerminalLandMono-Regular.otf
12:28:48.769 [FXGL Background Thread 4 ] DEBUG FXGLAssetLoaderServi - Loading from file system: jar:file:///D:/environment/.m2/repository/com/github/almasb/fxgl/17.2/fxgl-17.2.jar!/fxglassets/ui/fonts/Courier-Prime.ttf
12:28:48.769 [JavaFX Application Thread] DEBUG FXGLAssetLoaderServi - Loading from file system: jar:file:///D:/environment/.m2/repository/com/github/almasb/fxgl/17.2/fxgl-17.2.jar!/fxglassets/textures/fxgl_default_cursor.png
12:28:48.770 [JavaFX Application Thread] DEBUG Input                - Registered new binding: Screenshot - CTRL+8
12:28:48.770 [JavaFX Application Thread] DEBUG Input                - Registered new binding: System info dump - CTRL+9
12:28:48.770 [JavaFX Application Thread] DEBUG Input                - Registered new binding: Restart - CTRL+R
12:28:48.770 [JavaFX Application Thread] DEBUG Input                - Registered new binding: Toggle Debug Camera - CTRL+7
12:28:48.772 [JavaFX Application Thread] DEBUG LoopRunner           - Starting loop
12:28:48.772 [JavaFX Application Thread] DEBUG LoopRunner           - Initializing JavaFX AnimationTimerLoop
12:28:48.773 [JavaFX Application Thread] DEBUG Input                - Clearing active input actions
12:28:48.778 [JavaFX Application Thread] DEBUG GameApplicationServi - Removing overlay from FXGLStartupScene and adding to FXGLMainMenuDummyScene
12:28:48.778 [JavaFX Application Thread] DEBUG PrimaryStageWindow   - FXGLStartupScene -> FXGLMainMenuDummyScene
12:28:48.778 [JavaFX Application Thread] DEBUG PrimaryStageWindow   - Push state: FXGLDefaultMenu
12:28:48.781 [JavaFX Application Thread] DEBUG Input                - Clearing active input actions
12:28:48.786 [JavaFX Application Thread] DEBUG GameApplicationServi - Removing overlay from FXGLMainMenuDummyScene and adding to FXGLDefaultMenu
12:28:48.786 [JavaFX Application Thread] DEBUG PrimaryStageWindow   - FXGLMainMenuDummyScene -> FXGLDefaultMenu
12:28:48.790 [JavaFX Application Thread] DEBUG FXGLApplication      - Registering font factories with UI factory
12:28:48.903 [FXGL Background Thread 2 ] WARN  UpdaterService       - Failed to find updates: java.net.UnknownHostException: raw.githubusercontent.com
12:28:49.576 [JavaFX Application Thread] DEBUG Menu                 - fireNewGame()
12:28:49.576 [JavaFX Application Thread] DEBUG GameApplicationServi - Starting new game
12:28:49.577 [JavaFX Application Thread] DEBUG PrimaryStageWindow   - Pop state: FXGLDefaultMenu
12:28:49.577 [JavaFX Application Thread] DEBUG Input                - Clearing active input actions
12:28:49.578 [JavaFX Application Thread] DEBUG GameApplicationServi - Removing overlay from FXGLDefaultMenu and adding to FXGLMainMenuDummyScene
12:28:49.578 [JavaFX Application Thread] DEBUG PrimaryStageWindow   - FXGLMainMenuDummyScene <- FXGLDefaultMenu
12:28:49.578 [JavaFX Application Thread] DEBUG Input                - Clearing active input actions
12:28:49.584 [JavaFX Application Thread] DEBUG GameApplicationServi - Removing overlay from FXGLMainMenuDummyScene and adding to FXGLLoadingScene
12:28:49.584 [JavaFX Application Thread] DEBUG PrimaryStageWindow   - FXGLMainMenuDummyScene -> FXGLLoadingScene
12:28:49.584 [JavaFX Application Thread] DEBUG GameApplicationServi - Clearing previous game
12:28:49.584 [JavaFX Application Thread] DEBUG GameScene            - Clearing game scene
12:28:49.584 [JavaFX Application Thread] DEBUG GameWorld            - Clearing game world
12:28:49.584 [JavaFX Application Thread] DEBUG PhysicsWorld         - Clearing physics world
12:28:49.587 [FXGL Background Thread 2 ] DEBUG FXGLApplication      - Initializing game
12:28:49.594 [FXGL Background Thread 2 ] DEBUG FXGLAssetLoaderServi - Loading from file system: file:/D:/A_Learning/java/TouHouStarryNight/target/classes/assets/textures/bg/RollBg.png
12:28:49.620 [FXGL Background Thread 2 ] DEBUG FXGLAssetLoaderServi - Loading from file system: file:/D:/A_Learning/java/TouHouStarryNight/target/classes/assets/textures/player/remi.png
12:28:49.637 [FXGL Background Thread 2 ] DEBUG FXGLAssetLoaderServi - Loading from file system: file:/D:/A_Learning/java/TouHouStarryNight/target/classes/assets/textures/boss/enm_reimu.png
12:28:49.652 [FXGL Background Thread 2 ] INFO  FXGLApplication      - Game initialization took: 0.066 sec
12:28:49.655 [JavaFX Application Thread] DEBUG Input                - Clearing active input actions
12:28:49.660 [JavaFX Application Thread] DEBUG GameApplicationServi - Removing overlay from FXGLLoadingScene and adding to GameScene
12:28:49.660 [JavaFX Application Thread] DEBUG PrimaryStageWindow   - FXGLLoadingScene -> GameScene
12:28:51.654 [FXGL Background Thread 3 ] DEBUG Engine               - Logging environment variables
12:28:51.654 [FXGL Background Thread 3 ] DEBUG Engine               - achievements: []
12:28:51.654 [FXGL Background Thread 3 ] DEBUG Engine               - actualHeight: 750.0
12:28:51.655 [FXGL Background Thread 3 ] DEBUG Engine               - actualHeightProperty: ReadOnlyDoubleProperty [value: 750.0]
12:28:51.655 [FXGL Background Thread 3 ] DEBUG Engine               - actualWidth: 1000.0
12:28:51.655 [FXGL Background Thread 3 ] DEBUG Engine               - actualWidthProperty: ReadOnlyDoubleProperty [value: 1000.0]
12:28:51.655 [FXGL Background Thread 3 ] DEBUG Engine               - appIcon: remi.png
12:28:51.655 [FXGL Background Thread 3 ] DEBUG Engine               - applicationMode: DEVELOPER
12:28:51.655 [FXGL Background Thread 3 ] DEBUG Engine               - cSSList: [fxgl_dark.css]
12:28:51.655 [FXGL Background Thread 3 ] DEBUG Engine               - collisionDetectionStrategy: BRUTE_FORCE
12:28:51.655 [FXGL Background Thread 3 ] DEBUG Engine               - configClass: Optional.empty
12:28:51.655 [FXGL Background Thread 3 ] DEBUG Engine               - credits: []
12:28:51.655 [FXGL Background Thread 3 ] DEBUG Engine               - defaultCursor: CursorInfo(imageName=fxgl_default_cursor.png, hotspotX=7.0, hotspotY=6.0)
12:28:51.655 [FXGL Background Thread 3 ] DEBUG Engine               - devBBoxColorProperty: ObjectProperty [value: 0xff0000ff]
12:28:51.655 [FXGL Background Thread 3 ] DEBUG Engine               - devEnableDebugCameraProperty: BooleanProperty [value: false]
12:28:51.655 [FXGL Background Thread 3 ] DEBUG Engine               - devSensorColorProperty: ObjectProperty [value: 0xffff00ff]
12:28:51.655 [FXGL Background Thread 3 ] DEBUG Engine               - devShowBBoxProperty: BooleanProperty [value: false]
12:28:51.655 [FXGL Background Thread 3 ] DEBUG Engine               - devShowPositionProperty: BooleanProperty [value: false]
12:28:51.656 [FXGL Background Thread 3 ] DEBUG Engine               - enabledMenuItems: []
12:28:51.656 [FXGL Background Thread 3 ] DEBUG Engine               - engineServices: [class com.almasb.fxgl.app.services.FXGLAssetLoaderService, class com.almasb.fxgl.app.FXGLApplication$GameApplicationService, class com.almasb.fxgl.app.services.FXGLDialogService, class com.almasb.fxgl.app.services.IOTaskExecutorService, class com.almasb.fxgl.io.FileSystemService, class com.almasb.fxgl.localization.LocalizationService, class com.almasb.fxgl.app.services.SystemBundleService, class com.almasb.fxgl.profile.SaveLoadService, class com.almasb.fxgl.ui.FXGLUIFactoryServiceProvider, class com.almasb.fxgl.ui.FXGLDialogFactoryServiceProvider, class com.almasb.fxgl.audio.AudioPlayer, class com.almasb.fxgl.notification.impl.NotificationServiceProvider, class com.almasb.fxgl.achievement.AchievementService, class com.almasb.fxgl.cutscene.CutsceneService, class com.almasb.fxgl.minigames.MiniGameService, class com.almasb.fxgl.net.NetService, class com.almasb.fxgl.app.services.UpdaterService, class com.almasb.fxgl.dev.DevService]
12:28:51.656 [FXGL Background Thread 3 ] DEBUG Engine               - fontGame: Abel-Regular.ttf
12:28:51.656 [FXGL Background Thread 3 ] DEBUG Engine               - fontMono: TerminalLandMono-Regular.otf
12:28:51.656 [FXGL Background Thread 3 ] DEBUG Engine               - fontText: Courier-Prime.ttf
12:28:51.656 [FXGL Background Thread 3 ] DEBUG Engine               - fontUI: VarelaRound-Regular.ttf
12:28:51.656 [FXGL Background Thread 3 ] DEBUG Engine               - fullScreen: BooleanProperty [value: false]
12:28:51.656 [FXGL Background Thread 3 ] DEBUG Engine               - gameDifficulty: MEDIUM
12:28:51.656 [FXGL Background Thread 3 ] DEBUG Engine               - gameDifficultyProperty: ObjectProperty [value: MEDIUM]
12:28:51.656 [FXGL Background Thread 3 ] DEBUG Engine               - globalMusicVolume: 0.5
12:28:51.656 [FXGL Background Thread 3 ] DEBUG Engine               - globalMusicVolumeProperty: DoubleProperty [value: 0.5]
12:28:51.656 [FXGL Background Thread 3 ] DEBUG Engine               - globalSoundVolume: 0.5
12:28:51.656 [FXGL Background Thread 3 ] DEBUG Engine               - globalSoundVolumeProperty: DoubleProperty [value: 0.5]
12:28:51.656 [FXGL Background Thread 3 ] DEBUG Engine               - height: 750
12:28:51.656 [FXGL Background Thread 3 ] DEBUG Engine               - is3D: false
12:28:51.656 [FXGL Background Thread 3 ] DEBUG Engine               - isAndroid: false
12:28:51.656 [FXGL Background Thread 3 ] DEBUG Engine               - isBrowser: false
12:28:51.656 [FXGL Background Thread 3 ] DEBUG Engine               - isClickFeedbackEnabled: false
12:28:51.656 [FXGL Background Thread 3 ] DEBUG Engine               - isCloseConfirmation: false
12:28:51.656 [FXGL Background Thread 3 ] DEBUG Engine               - isDesktop: true
12:28:51.656 [FXGL Background Thread 3 ] DEBUG Engine               - isDeveloperMenuEnabled: false
12:28:51.656 [FXGL Background Thread 3 ] DEBUG Engine               - isEmbedded: false
12:28:51.656 [FXGL Background Thread 3 ] DEBUG Engine               - isEntityPreloadEnabled: true
12:28:51.656 [FXGL Background Thread 3 ] DEBUG Engine               - isExperimentalTiledLargeMap: false
12:28:51.657 [FXGL Background Thread 3 ] DEBUG Engine               - isFileSystemWriteAllowed: true
12:28:51.657 [FXGL Background Thread 3 ] DEBUG Engine               - isFullScreenAllowed: false
12:28:51.657 [FXGL Background Thread 3 ] DEBUG Engine               - isFullScreenFromStart: false
12:28:51.657 [FXGL Background Thread 3 ] DEBUG Engine               - isGameMenuEnabled: true
12:28:51.657 [FXGL Background Thread 3 ] DEBUG Engine               - isIOS: false
12:28:51.657 [FXGL Background Thread 3 ] DEBUG Engine               - isIntroEnabled: false
12:28:51.657 [FXGL Background Thread 3 ] DEBUG Engine               - isLinux: false
12:28:51.657 [FXGL Background Thread 3 ] DEBUG Engine               - isMac: false
12:28:51.657 [FXGL Background Thread 3 ] DEBUG Engine               - isMainMenuEnabled: true
12:28:51.657 [FXGL Background Thread 3 ] DEBUG Engine               - isManualResizeEnabled: false
12:28:51.657 [FXGL Background Thread 3 ] DEBUG Engine               - isMobile: false
12:28:51.657 [FXGL Background Thread 3 ] DEBUG Engine               - isNative: false
12:28:51.657 [FXGL Background Thread 3 ] DEBUG Engine               - isPauseMusicWhenMinimized: true
12:28:51.657 [FXGL Background Thread 3 ] DEBUG Engine               - isPreserveResizeRatio: false
12:28:51.657 [FXGL Background Thread 3 ] DEBUG Engine               - isProfilingEnabled: false
12:28:51.657 [FXGL Background Thread 3 ] DEBUG Engine               - isScaleAffectedOnResize: true
12:28:51.657 [FXGL Background Thread 3 ] DEBUG Engine               - isSingleStep: false
12:28:51.657 [FXGL Background Thread 3 ] DEBUG Engine               - isUserProfileEnabled: false
12:28:51.657 [FXGL Background Thread 3 ] DEBUG Engine               - isWindows: true
12:28:51.657 [FXGL Background Thread 3 ] DEBUG Engine               - language: ObjectProperty [value: ENGLISH]
12:28:51.657 [FXGL Background Thread 3 ] DEBUG Engine               - menuKey: ESCAPE
12:28:51.657 [FXGL Background Thread 3 ] DEBUG Engine               - mouseSensitivity: 0.2
12:28:51.657 [FXGL Background Thread 3 ] DEBUG Engine               - notificationViewClass: class com.almasb.fxgl.notification.view.XboxNotificationView
12:28:51.657 [FXGL Background Thread 3 ] DEBUG Engine               - pixelsPerMeter: 50.0
12:28:51.657 [FXGL Background Thread 3 ] DEBUG Engine               - platform: WINDOWS
12:28:51.657 [FXGL Background Thread 3 ] DEBUG Engine               - prefHeightProperty: ReadOnlyDoubleProperty [value: 750.0]
12:28:51.657 [FXGL Background Thread 3 ] DEBUG Engine               - prefWidthProperty: ReadOnlyDoubleProperty [value: 1000.0]
12:28:51.657 [FXGL Background Thread 3 ] DEBUG Engine               - profileDir: profiles/
12:28:51.658 [FXGL Background Thread 3 ] DEBUG Engine               - profileName: StringProperty [value: DEFAULT]
12:28:51.658 [FXGL Background Thread 3 ] DEBUG Engine               - randomSeed: -1
12:28:51.658 [FXGL Background Thread 3 ] DEBUG Engine               - runtimeInfo: RuntimeInfo(platform=WINDOWS, version=17.2, build=20.08.2022 16.50)
12:28:51.658 [FXGL Background Thread 3 ] DEBUG Engine               - saveFileExt: sav
12:28:51.658 [FXGL Background Thread 3 ] DEBUG Engine               - scaledHeightProp$fxgl: DoubleProperty [bound, value: 750.0]
12:28:51.658 [FXGL Background Thread 3 ] DEBUG Engine               - scaledWidthProp$fxgl: DoubleProperty [bound, value: 1000.0]
12:28:51.658 [FXGL Background Thread 3 ] DEBUG Engine               - sceneFactory: com.almasb.fxgl.app.scene.SceneFactory@1a2eaf3
12:28:51.658 [FXGL Background Thread 3 ] DEBUG Engine               - secondsIn24h: 60
12:28:51.658 [FXGL Background Thread 3 ] DEBUG Engine               - soundMenuBack: menu/back.wav
12:28:51.658 [FXGL Background Thread 3 ] DEBUG Engine               - soundMenuPress: menu/press.wav
12:28:51.658 [FXGL Background Thread 3 ] DEBUG Engine               - soundMenuSelect: menu/select.wav
12:28:51.658 [FXGL Background Thread 3 ] DEBUG Engine               - soundNotification: core/notification.wav
12:28:51.658 [FXGL Background Thread 3 ] DEBUG Engine               - stageStyle: DECORATED
12:28:51.658 [FXGL Background Thread 3 ] DEBUG Engine               - supportedLanguages: [ENGLISH, FRENCH, GERMAN, HUNGARIAN, RUSSIAN]
12:28:51.658 [FXGL Background Thread 3 ] DEBUG Engine               - ticksPerSecond: -1
12:28:51.658 [FXGL Background Thread 3 ] DEBUG Engine               - title: 东方星月夜
12:28:51.658 [FXGL Background Thread 3 ] DEBUG Engine               - urlGithub: https://github.com/AlmasB/FXGL
12:28:51.658 [FXGL Background Thread 3 ] DEBUG Engine               - urlLeaderboard: http://fxgl-top.herokuapp.com/
12:28:51.658 [FXGL Background Thread 3 ] DEBUG Engine               - urlPOM: https://raw.githubusercontent.com/AlmasB/FXGL/release/README.md
12:28:51.658 [FXGL Background Thread 3 ] DEBUG Engine               - userAppClass: class game.StgGameApp
12:28:51.658 [FXGL Background Thread 3 ] DEBUG Engine               - version: （试行版）
12:28:51.658 [FXGL Background Thread 3 ] DEBUG Engine               - versionCheckDays: 7
12:28:51.658 [FXGL Background Thread 3 ] DEBUG Engine               - width: 1000
12:28:51.658 [FXGL Background Thread 3 ] DEBUG Engine               - Logging services
12:28:51.658 [FXGL Background Thread 3 ] DEBUG Engine               - class com.almasb.fxgl.app.services.FXGLAssetLoaderService
12:28:51.658 [FXGL Background Thread 3 ] DEBUG Engine               - class com.almasb.fxgl.app.FXGLApplication$GameApplicationService
12:28:51.658 [FXGL Background Thread 3 ] DEBUG Engine               - class com.almasb.fxgl.app.services.FXGLDialogService
12:28:51.659 [FXGL Background Thread 3 ] DEBUG Engine               - class com.almasb.fxgl.app.services.IOTaskExecutorService
12:28:51.659 [FXGL Background Thread 3 ] DEBUG Engine               - class com.almasb.fxgl.io.FileSystemService
12:28:51.659 [FXGL Background Thread 3 ] DEBUG Engine               - class com.almasb.fxgl.localization.LocalizationService
12:28:51.659 [FXGL Background Thread 3 ] DEBUG Engine               - class com.almasb.fxgl.app.services.SystemBundleService
12:28:51.659 [FXGL Background Thread 3 ] DEBUG Engine               - class com.almasb.fxgl.profile.SaveLoadService
12:28:51.659 [FXGL Background Thread 3 ] DEBUG Engine               - class com.almasb.fxgl.ui.FXGLUIFactoryServiceProvider
12:28:51.659 [FXGL Background Thread 3 ] DEBUG Engine               - class com.almasb.fxgl.ui.FXGLDialogFactoryServiceProvider
12:28:51.659 [FXGL Background Thread 3 ] DEBUG Engine               - class com.almasb.fxgl.audio.AudioPlayer
12:28:51.659 [FXGL Background Thread 3 ] DEBUG Engine               - class com.almasb.fxgl.notification.impl.NotificationServiceProvider
12:28:51.659 [FXGL Background Thread 3 ] DEBUG Engine               - class com.almasb.fxgl.achievement.AchievementService
12:28:51.659 [FXGL Background Thread 3 ] DEBUG Engine               - class com.almasb.fxgl.cutscene.CutsceneService
12:28:51.659 [FXGL Background Thread 3 ] DEBUG Engine               - class com.almasb.fxgl.minigames.MiniGameService
12:28:51.659 [FXGL Background Thread 3 ] DEBUG Engine               - class com.almasb.fxgl.net.NetService
12:28:51.659 [FXGL Background Thread 3 ] DEBUG Engine               - class com.almasb.fxgl.app.services.UpdaterService
12:28:51.659 [FXGL Background Thread 3 ] DEBUG Engine               - class com.almasb.fxgl.dev.DevService
12:28:52.088 [JavaFX Application Thread] DEBUG FXGLAssetLoaderServi - Loading from file system: file:/D:/A_Learning/java/TouHouStarryNight/target/classes/assets/textures/bullet/etama_remu_0.png
12:28:52.097 [JavaFX Application Thread] DEBUG FXGLAssetLoaderServi - Loading from file system: file:/D:/A_Learning/java/TouHouStarryNight/target/classes/assets/textures/bullet/etama_remu_1.png
12:29:03.662 [JavaFX Application Thread] DEBUG FXGLApplication      - Exiting FXGL
12:29:03.662 [JavaFX Application Thread] DEBUG LoopRunner           - Stopping loop
12:29:03.662 [JavaFX Application Thread] DEBUG SystemBundleService  - Saving FXGL system data
12:29:03.663 [JavaFX Application Thread] DEBUG FileSystemAccess     - Writing to: D:\A_Learning\java\TouHouStarryNight\system\fxgl.bundle
12:29:03.664 [JavaFX Application Thread] DEBUG Async                - Shutting down background threads
12:29:03.664 [JavaFX Application Thread] DEBUG PrimaryStageWindow   - Closing main window
12:29:03.674 [JavaFX Application Thread] DEBUG Logger               - Closing Logger
