08:36:47.539 [main                     ] DEBUG Logger               - Configured Logger
08:36:47.560 [main                     ] DEBUG GameApplication      - Logging settings
Title: 东方星月夜
Version: （试行版）
Width: 1000
Height: 750
Fullscreen: false
Intro: false
Profiling: false
Single step:false
App Mode: DEVELOPER
Menu Key: ESCAPE
Stage Style: DECORATED
Scene Factory: class com.almasb.fxgl.app.scene.SceneFactory

08:36:47.785 [JavaFX Application Thread] DEBUG FXGLApplication      - Initializing FXGL
08:36:47.790 [JavaFX Application Thread] INFO  Engine               - FXGL-17.2 (20.08.2022 16.50) on WINDOWS (J:18.0.1.1 FX:18)
08:36:47.791 [JavaFX Application Thread] DEBUG Engine               - JRE Vendor Name: Oracle Corporation
08:36:47.791 [JavaFX Application Thread] DEBUG Engine               - Running on OS: Windows 10 version 10.0
08:36:47.791 [JavaFX Application Thread] DEBUG Engine               - Architecture: amd64
08:36:47.791 [JavaFX Application Thread] INFO  Engine               - Source code and latest versions at: https://github.com/AlmasB/FXGL
08:36:47.791 [JavaFX Application Thread] INFO  Engine               -       Ask questions and discuss at: https://github.com/AlmasB/FXGL/discussions
08:36:47.791 [JavaFX Application Thread] INFO  Engine               -              Join the FXGL chat at: https://gitter.im/AlmasB/FXGL
08:36:47.853 [JavaFX Application Thread] DEBUG PrimaryStageWindow   - Creating a JavaFX scene
08:36:47.881 [JavaFX Application Thread] DEBUG PrimaryStageWindow   - Target settings size: 1000.0 x 750.0
08:36:47.881 [JavaFX Application Thread] DEBUG PrimaryStageWindow   - Scaled scene size:    1000.0 x 750.0
08:36:47.881 [JavaFX Application Thread] DEBUG PrimaryStageWindow   - Scaled ratio: (1.0, 1.0)
08:36:47.882 [JavaFX Application Thread] DEBUG PrimaryStageWindow   - Set initial scene to FXGLStartupScene
08:36:47.886 [JavaFX Application Thread] DEBUG PrimaryStageWindow   - Opening main window
08:36:47.942 [JavaFX Application Thread] DEBUG PrimaryStageWindow   - Window border size: (14.4000244140625, 38.0)
08:36:47.943 [JavaFX Application Thread] DEBUG PrimaryStageWindow   - Scaled size: 1000.0 x 750.0
08:36:47.943 [JavaFX Application Thread] DEBUG PrimaryStageWindow   - Scaled ratio: (1.0, 1.0)
08:36:47.943 [JavaFX Application Thread] DEBUG PrimaryStageWindow   - Scene size: 1000.0 x 750.0
08:36:47.943 [JavaFX Application Thread] DEBUG PrimaryStageWindow   - Stage size: 1014.4000244140625 x 788.0
08:36:47.950 [FXGL Background Thread 1 ] DEBUG Engine               - Initializing environment variables
08:36:47.987 [FXGL Background Thread 1 ] DEBUG FXGLAssetLoaderServi - User app class for loading assets: class game.StgGameApp
08:36:47.987 [FXGL Background Thread 1 ] DEBUG GameApplicationServi - Applying CSS: fxgl_dark.css
08:36:47.988 [FXGL Background Thread 1 ] DEBUG FXGLAssetLoaderServi - Loading from file system: jar:file:///D:/environment/.m2/repository/com/github/almasb/fxgl/17.2/fxgl-17.2.jar!/fxglassets/ui/css/fxgl_dark.css
08:36:48.028 [FXGL Background Thread 1 ] DEBUG GameApplicationServi - Initializing application scenes
08:36:48.083 [FXGL Background Thread 1 ] DEBUG GameWorld            - Game world initialized
08:36:48.120 [FXGL Background Thread 1 ] DEBUG PhysicsWorld         - Physics world initialized: appHeight=750, physics.ppm=50.0
08:36:48.120 [FXGL Background Thread 1 ] DEBUG PhysicsWorld         - Using strategy: BRUTE_FORCE
08:36:48.123 [FXGL Background Thread 1 ] DEBUG GameScene            - Game scene initialized: 1000x750
08:36:48.133 [FXGL Background Thread 1 ] DEBUG FXGL.DefaultMenu     - createMenuBodyMainMenu()
08:36:48.140 [FXGL Background Thread 1 ] DEBUG FXGL.DefaultMenu     - createOptionsMenu()
08:36:48.148 [FXGL Background Thread 1 ] DEBUG FXGLAssetLoaderServi - Loading from file system: jar:file:///D:/environment/.m2/repository/com/github/almasb/fxgl/17.2/fxgl-17.2.jar!/fxglassets/textures/particles/smoke.png
08:36:48.215 [FXGL Background Thread 1 ] DEBUG FXGLAssetLoaderServi - Loading from file system: jar:file:///D:/environment/.m2/repository/com/github/almasb/fxgl/17.2/fxgl-17.2.jar!/fxglassets/textures/particles/trace_horizontal.png
08:36:48.242 [FXGL Background Thread 1 ] DEBUG FXGL.DefaultMenu     - createMenuBodyGameMenu()
08:36:48.244 [FXGL Background Thread 1 ] DEBUG FXGL.DefaultMenu     - createOptionsMenu()
08:36:48.258 [FXGL Background Thread 1 ] DEBUG GameApplicationServi - Application scenes initialized
08:36:48.266 [FXGL Background Thread 1 ] DEBUG SystemBundleService  - Loading FXGL system data
08:36:48.269 [FXGL Background Thread 1 ] DEBUG FileSystemAccess     - Reading from: D:\A_Learning\java\TouHouStarryNight\system\fxgl.bundle
08:36:48.274 [FXGL Background Thread 1 ] DEBUG SystemBundleService  - Bundle FXGL: {}
08:36:48.275 [FXGL Background Thread 1 ] DEBUG UpdaterService       - Checking for updates
08:36:48.277 [FXGL Background Thread 4 ] DEBUG FXGLApplication      - Loading fonts
08:36:48.278 [FXGL Background Thread 1 ] DEBUG FXGLApplication      - Loading default localization
08:36:48.278 [FXGL Background Thread 4 ] DEBUG FXGLAssetLoaderServi - Loading from file system: jar:file:///D:/environment/.m2/repository/com/github/almasb/fxgl/17.2/fxgl-17.2.jar!/fxglassets/ui/fonts/VarelaRound-Regular.ttf
08:36:48.278 [FXGL Background Thread 1 ] DEBUG FXGLAssetLoaderServi - Loading from file system: jar:file:///D:/environment/.m2/repository/com/github/almasb/fxgl/17.2/fxgl-17.2.jar!/fxglassets/languages/english.lang
08:36:48.289 [FXGL Background Thread 1 ] INFO  FXGLApplication      - FXGL initialization took: 0.339 sec
08:36:48.298 [JavaFX Application Thread] DEBUG Input                - Registered new binding: action0 - Up
08:36:48.298 [JavaFX Application Thread] DEBUG Input                - Registered new binding: action1 - Down
08:36:48.298 [JavaFX Application Thread] DEBUG Input                - Registered new binding: action2 - Right
08:36:48.299 [JavaFX Application Thread] DEBUG Input                - Registered new binding: action3 - Left
08:36:48.299 [JavaFX Application Thread] DEBUG Input                - Registered new binding: Shoot - Z
08:36:48.299 [JavaFX Application Thread] DEBUG FXGLAssetLoaderServi - Loading from file system: file:/D:/A_Learning/java/TouHouStarryNight/target/classes/assets/textures/remi.png
08:36:48.360 [FXGL Background Thread 4 ] DEBUG FXGLAssetLoaderServi - Loading from file system: jar:file:///D:/environment/.m2/repository/com/github/almasb/fxgl/17.2/fxgl-17.2.jar!/fxglassets/ui/fonts/Abel-Regular.ttf
08:36:48.370 [FXGL Background Thread 4 ] DEBUG FXGLAssetLoaderServi - Loading from file system: jar:file:///D:/environment/.m2/repository/com/github/almasb/fxgl/17.2/fxgl-17.2.jar!/fxglassets/ui/fonts/TerminalLandMono-Regular.otf
08:36:48.379 [FXGL Background Thread 4 ] DEBUG FXGLAssetLoaderServi - Loading from file system: jar:file:///D:/environment/.m2/repository/com/github/almasb/fxgl/17.2/fxgl-17.2.jar!/fxglassets/ui/fonts/Courier-Prime.ttf
08:36:48.386 [JavaFX Application Thread] DEBUG FXGLAssetLoaderServi - Loading from file system: jar:file:///D:/environment/.m2/repository/com/github/almasb/fxgl/17.2/fxgl-17.2.jar!/fxglassets/textures/fxgl_default_cursor.png
08:36:48.388 [JavaFX Application Thread] DEBUG Input                - Registered new binding: Screenshot - CTRL+8
08:36:48.388 [JavaFX Application Thread] DEBUG Input                - Registered new binding: System info dump - CTRL+9
08:36:48.388 [JavaFX Application Thread] DEBUG Input                - Registered new binding: Restart - CTRL+R
08:36:48.389 [JavaFX Application Thread] DEBUG Input                - Registered new binding: Toggle Debug Camera - CTRL+7
08:36:48.390 [JavaFX Application Thread] DEBUG LoopRunner           - Starting loop
08:36:48.390 [JavaFX Application Thread] DEBUG LoopRunner           - Initializing JavaFX AnimationTimerLoop
08:36:48.392 [JavaFX Application Thread] DEBUG Input                - Clearing active input actions
08:36:48.398 [JavaFX Application Thread] DEBUG GameApplicationServi - Removing overlay from FXGLStartupScene and adding to FXGLMainMenuDummyScene
08:36:48.399 [JavaFX Application Thread] DEBUG PrimaryStageWindow   - FXGLStartupScene -> FXGLMainMenuDummyScene
08:36:48.399 [JavaFX Application Thread] DEBUG PrimaryStageWindow   - Push state: FXGLDefaultMenu
08:36:48.403 [JavaFX Application Thread] DEBUG Input                - Clearing active input actions
08:36:48.409 [JavaFX Application Thread] DEBUG GameApplicationServi - Removing overlay from FXGLMainMenuDummyScene and adding to FXGLDefaultMenu
08:36:48.409 [JavaFX Application Thread] DEBUG PrimaryStageWindow   - FXGLMainMenuDummyScene -> FXGLDefaultMenu
08:36:48.412 [JavaFX Application Thread] DEBUG FXGLApplication      - Registering font factories with UI factory
08:36:48.428 [FXGL Background Thread 2 ] WARN  UpdaterService       - Failed to find updates: java.net.UnknownHostException: raw.githubusercontent.com
08:36:49.457 [JavaFX Application Thread] DEBUG Menu                 - fireNewGame()
08:36:49.457 [JavaFX Application Thread] DEBUG GameApplicationServi - Starting new game
08:36:49.458 [JavaFX Application Thread] DEBUG PrimaryStageWindow   - Pop state: FXGLDefaultMenu
08:36:49.458 [JavaFX Application Thread] DEBUG Input                - Clearing active input actions
08:36:49.459 [JavaFX Application Thread] DEBUG GameApplicationServi - Removing overlay from FXGLDefaultMenu and adding to FXGLMainMenuDummyScene
08:36:49.459 [JavaFX Application Thread] DEBUG PrimaryStageWindow   - FXGLMainMenuDummyScene <- FXGLDefaultMenu
08:36:49.460 [JavaFX Application Thread] DEBUG Input                - Clearing active input actions
08:36:49.465 [JavaFX Application Thread] DEBUG GameApplicationServi - Removing overlay from FXGLMainMenuDummyScene and adding to FXGLLoadingScene
08:36:49.465 [JavaFX Application Thread] DEBUG PrimaryStageWindow   - FXGLMainMenuDummyScene -> FXGLLoadingScene
08:36:49.465 [JavaFX Application Thread] DEBUG GameApplicationServi - Clearing previous game
08:36:49.466 [JavaFX Application Thread] DEBUG GameScene            - Clearing game scene
08:36:49.466 [JavaFX Application Thread] DEBUG GameWorld            - Clearing game world
08:36:49.466 [JavaFX Application Thread] DEBUG PhysicsWorld         - Clearing physics world
08:36:49.467 [FXGL Background Thread 2 ] DEBUG FXGLApplication      - Initializing game
08:36:49.471 [FXGL Background Thread 2 ] DEBUG FXGLAssetLoaderServi - Loading from file system: file:/D:/A_Learning/java/TouHouStarryNight/target/classes/assets/textures/bg/RollBg.png
08:36:49.498 [FXGL Background Thread 2 ] DEBUG FXGLAssetLoaderServi - Loading from file system: file:/D:/A_Learning/java/TouHouStarryNight/target/classes/assets/textures/player/remi.png
08:36:49.516 [FXGL Background Thread 2 ] DEBUG FXGLAssetLoaderServi - Loading from file system: file:/D:/A_Learning/java/TouHouStarryNight/target/classes/assets/textures/boss/enm_reimu.png
08:36:49.524 [FXGL Background Thread 2 ] INFO  FXGLApplication      - Game initialization took: 0.057 sec
08:36:49.530 [JavaFX Application Thread] DEBUG Input                - Clearing active input actions
08:36:49.534 [JavaFX Application Thread] DEBUG GameApplicationServi - Removing overlay from FXGLLoadingScene and adding to GameScene
08:36:49.534 [JavaFX Application Thread] DEBUG PrimaryStageWindow   - FXGLLoadingScene -> GameScene
08:36:51.009 [JavaFX Application Thread] DEBUG FXGLAssetLoaderServi - Loading from file system: file:/D:/A_Learning/java/TouHouStarryNight/target/classes/assets/textures/bullet/etama_remi_1.png
08:36:51.278 [FXGL Background Thread 3 ] DEBUG Engine               - Logging environment variables
08:36:51.279 [FXGL Background Thread 3 ] DEBUG Engine               - achievements: []
08:36:51.279 [FXGL Background Thread 3 ] DEBUG Engine               - actualHeight: 750.0
08:36:51.279 [FXGL Background Thread 3 ] DEBUG Engine               - actualHeightProperty: ReadOnlyDoubleProperty [value: 750.0]
08:36:51.279 [FXGL Background Thread 3 ] DEBUG Engine               - actualWidth: 1000.0
08:36:51.279 [FXGL Background Thread 3 ] DEBUG Engine               - actualWidthProperty: ReadOnlyDoubleProperty [value: 1000.0]
08:36:51.279 [FXGL Background Thread 3 ] DEBUG Engine               - appIcon: remi.png
08:36:51.279 [FXGL Background Thread 3 ] DEBUG Engine               - applicationMode: DEVELOPER
08:36:51.279 [FXGL Background Thread 3 ] DEBUG Engine               - cSSList: [fxgl_dark.css]
08:36:51.279 [FXGL Background Thread 3 ] DEBUG Engine               - collisionDetectionStrategy: BRUTE_FORCE
08:36:51.279 [FXGL Background Thread 3 ] DEBUG Engine               - configClass: Optional.empty
08:36:51.279 [FXGL Background Thread 3 ] DEBUG Engine               - credits: []
08:36:51.280 [FXGL Background Thread 3 ] DEBUG Engine               - defaultCursor: CursorInfo(imageName=fxgl_default_cursor.png, hotspotX=7.0, hotspotY=6.0)
08:36:51.280 [FXGL Background Thread 3 ] DEBUG Engine               - devBBoxColorProperty: ObjectProperty [value: 0xff0000ff]
08:36:51.280 [FXGL Background Thread 3 ] DEBUG Engine               - devEnableDebugCameraProperty: BooleanProperty [value: false]
08:36:51.280 [FXGL Background Thread 3 ] DEBUG Engine               - devSensorColorProperty: ObjectProperty [value: 0xffff00ff]
08:36:51.280 [FXGL Background Thread 3 ] DEBUG Engine               - devShowBBoxProperty: BooleanProperty [value: false]
08:36:51.280 [FXGL Background Thread 3 ] DEBUG Engine               - devShowPositionProperty: BooleanProperty [value: false]
08:36:51.281 [FXGL Background Thread 3 ] DEBUG Engine               - enabledMenuItems: []
08:36:51.281 [FXGL Background Thread 3 ] DEBUG Engine               - engineServices: [class com.almasb.fxgl.app.services.FXGLAssetLoaderService, class com.almasb.fxgl.app.FXGLApplication$GameApplicationService, class com.almasb.fxgl.app.services.FXGLDialogService, class com.almasb.fxgl.app.services.IOTaskExecutorService, class com.almasb.fxgl.io.FileSystemService, class com.almasb.fxgl.localization.LocalizationService, class com.almasb.fxgl.app.services.SystemBundleService, class com.almasb.fxgl.profile.SaveLoadService, class com.almasb.fxgl.ui.FXGLUIFactoryServiceProvider, class com.almasb.fxgl.ui.FXGLDialogFactoryServiceProvider, class com.almasb.fxgl.audio.AudioPlayer, class com.almasb.fxgl.notification.impl.NotificationServiceProvider, class com.almasb.fxgl.achievement.AchievementService, class com.almasb.fxgl.cutscene.CutsceneService, class com.almasb.fxgl.minigames.MiniGameService, class com.almasb.fxgl.net.NetService, class com.almasb.fxgl.app.services.UpdaterService, class com.almasb.fxgl.dev.DevService]
08:36:51.281 [FXGL Background Thread 3 ] DEBUG Engine               - fontGame: Abel-Regular.ttf
08:36:51.281 [FXGL Background Thread 3 ] DEBUG Engine               - fontMono: TerminalLandMono-Regular.otf
08:36:51.281 [FXGL Background Thread 3 ] DEBUG Engine               - fontText: Courier-Prime.ttf
08:36:51.281 [FXGL Background Thread 3 ] DEBUG Engine               - fontUI: VarelaRound-Regular.ttf
08:36:51.281 [FXGL Background Thread 3 ] DEBUG Engine               - fullScreen: BooleanProperty [value: false]
08:36:51.281 [FXGL Background Thread 3 ] DEBUG Engine               - gameDifficulty: MEDIUM
08:36:51.281 [FXGL Background Thread 3 ] DEBUG Engine               - gameDifficultyProperty: ObjectProperty [value: MEDIUM]
08:36:51.281 [FXGL Background Thread 3 ] DEBUG Engine               - globalMusicVolume: 0.5
08:36:51.281 [FXGL Background Thread 3 ] DEBUG Engine               - globalMusicVolumeProperty: DoubleProperty [value: 0.5]
08:36:51.281 [FXGL Background Thread 3 ] DEBUG Engine               - globalSoundVolume: 0.5
08:36:51.281 [FXGL Background Thread 3 ] DEBUG Engine               - globalSoundVolumeProperty: DoubleProperty [value: 0.5]
08:36:51.281 [FXGL Background Thread 3 ] DEBUG Engine               - height: 750
08:36:51.282 [FXGL Background Thread 3 ] DEBUG Engine               - is3D: false
08:36:51.282 [FXGL Background Thread 3 ] DEBUG Engine               - isAndroid: false
08:36:51.282 [FXGL Background Thread 3 ] DEBUG Engine               - isBrowser: false
08:36:51.282 [FXGL Background Thread 3 ] DEBUG Engine               - isClickFeedbackEnabled: false
08:36:51.282 [FXGL Background Thread 3 ] DEBUG Engine               - isCloseConfirmation: false
08:36:51.282 [FXGL Background Thread 3 ] DEBUG Engine               - isDesktop: true
08:36:51.282 [FXGL Background Thread 3 ] DEBUG Engine               - isDeveloperMenuEnabled: false
08:36:51.282 [FXGL Background Thread 3 ] DEBUG Engine               - isEmbedded: false
08:36:51.282 [FXGL Background Thread 3 ] DEBUG Engine               - isEntityPreloadEnabled: true
08:36:51.282 [FXGL Background Thread 3 ] DEBUG Engine               - isExperimentalTiledLargeMap: false
08:36:51.282 [FXGL Background Thread 3 ] DEBUG Engine               - isFileSystemWriteAllowed: true
08:36:51.282 [FXGL Background Thread 3 ] DEBUG Engine               - isFullScreenAllowed: false
08:36:51.282 [FXGL Background Thread 3 ] DEBUG Engine               - isFullScreenFromStart: false
08:36:51.282 [FXGL Background Thread 3 ] DEBUG Engine               - isGameMenuEnabled: true
08:36:51.282 [FXGL Background Thread 3 ] DEBUG Engine               - isIOS: false
08:36:51.282 [FXGL Background Thread 3 ] DEBUG Engine               - isIntroEnabled: false
08:36:51.282 [FXGL Background Thread 3 ] DEBUG Engine               - isLinux: false
08:36:51.282 [FXGL Background Thread 3 ] DEBUG Engine               - isMac: false
08:36:51.282 [FXGL Background Thread 3 ] DEBUG Engine               - isMainMenuEnabled: true
08:36:51.282 [FXGL Background Thread 3 ] DEBUG Engine               - isManualResizeEnabled: false
08:36:51.282 [FXGL Background Thread 3 ] DEBUG Engine               - isMobile: false
08:36:51.282 [FXGL Background Thread 3 ] DEBUG Engine               - isNative: false
08:36:51.282 [FXGL Background Thread 3 ] DEBUG Engine               - isPauseMusicWhenMinimized: true
08:36:51.282 [FXGL Background Thread 3 ] DEBUG Engine               - isPreserveResizeRatio: false
08:36:51.282 [FXGL Background Thread 3 ] DEBUG Engine               - isProfilingEnabled: false
08:36:51.282 [FXGL Background Thread 3 ] DEBUG Engine               - isScaleAffectedOnResize: true
08:36:51.282 [FXGL Background Thread 3 ] DEBUG Engine               - isSingleStep: false
08:36:51.283 [FXGL Background Thread 3 ] DEBUG Engine               - isUserProfileEnabled: false
08:36:51.283 [FXGL Background Thread 3 ] DEBUG Engine               - isWindows: true
08:36:51.283 [FXGL Background Thread 3 ] DEBUG Engine               - language: ObjectProperty [value: ENGLISH]
08:36:51.283 [FXGL Background Thread 3 ] DEBUG Engine               - menuKey: ESCAPE
08:36:51.283 [FXGL Background Thread 3 ] DEBUG Engine               - mouseSensitivity: 0.2
08:36:51.283 [FXGL Background Thread 3 ] DEBUG Engine               - notificationViewClass: class com.almasb.fxgl.notification.view.XboxNotificationView
08:36:51.283 [FXGL Background Thread 3 ] DEBUG Engine               - pixelsPerMeter: 50.0
08:36:51.283 [FXGL Background Thread 3 ] DEBUG Engine               - platform: WINDOWS
08:36:51.283 [FXGL Background Thread 3 ] DEBUG Engine               - prefHeightProperty: ReadOnlyDoubleProperty [value: 750.0]
08:36:51.283 [FXGL Background Thread 3 ] DEBUG Engine               - prefWidthProperty: ReadOnlyDoubleProperty [value: 1000.0]
08:36:51.283 [FXGL Background Thread 3 ] DEBUG Engine               - profileDir: profiles/
08:36:51.283 [FXGL Background Thread 3 ] DEBUG Engine               - profileName: StringProperty [value: DEFAULT]
08:36:51.283 [FXGL Background Thread 3 ] DEBUG Engine               - randomSeed: -1
08:36:51.283 [FXGL Background Thread 3 ] DEBUG Engine               - runtimeInfo: RuntimeInfo(platform=WINDOWS, version=17.2, build=20.08.2022 16.50)
08:36:51.283 [FXGL Background Thread 3 ] DEBUG Engine               - saveFileExt: sav
08:36:51.283 [FXGL Background Thread 3 ] DEBUG Engine               - scaledHeightProp$fxgl: DoubleProperty [bound, value: 750.0]
08:36:51.283 [FXGL Background Thread 3 ] DEBUG Engine               - scaledWidthProp$fxgl: DoubleProperty [bound, value: 1000.0]
08:36:51.283 [FXGL Background Thread 3 ] DEBUG Engine               - sceneFactory: com.almasb.fxgl.app.scene.SceneFactory@47555828
08:36:51.283 [FXGL Background Thread 3 ] DEBUG Engine               - secondsIn24h: 60
08:36:51.283 [FXGL Background Thread 3 ] DEBUG Engine               - soundMenuBack: menu/back.wav
08:36:51.284 [FXGL Background Thread 3 ] DEBUG Engine               - soundMenuPress: menu/press.wav
08:36:51.284 [FXGL Background Thread 3 ] DEBUG Engine               - soundMenuSelect: menu/select.wav
08:36:51.284 [FXGL Background Thread 3 ] DEBUG Engine               - soundNotification: core/notification.wav
08:36:51.284 [FXGL Background Thread 3 ] DEBUG Engine               - stageStyle: DECORATED
08:36:51.284 [FXGL Background Thread 3 ] DEBUG Engine               - supportedLanguages: [ENGLISH, FRENCH, GERMAN, HUNGARIAN, RUSSIAN]
08:36:51.284 [FXGL Background Thread 3 ] DEBUG Engine               - ticksPerSecond: -1
08:36:51.284 [FXGL Background Thread 3 ] DEBUG Engine               - title: 东方星月夜
08:36:51.284 [FXGL Background Thread 3 ] DEBUG Engine               - urlGithub: https://github.com/AlmasB/FXGL
08:36:51.284 [FXGL Background Thread 3 ] DEBUG Engine               - urlLeaderboard: http://fxgl-top.herokuapp.com/
08:36:51.284 [FXGL Background Thread 3 ] DEBUG Engine               - urlPOM: https://raw.githubusercontent.com/AlmasB/FXGL/release/README.md
08:36:51.284 [FXGL Background Thread 3 ] DEBUG Engine               - userAppClass: class game.StgGameApp
08:36:51.284 [FXGL Background Thread 3 ] DEBUG Engine               - version: （试行版）
08:36:51.284 [FXGL Background Thread 3 ] DEBUG Engine               - versionCheckDays: 7
08:36:51.284 [FXGL Background Thread 3 ] DEBUG Engine               - width: 1000
08:36:51.284 [FXGL Background Thread 3 ] DEBUG Engine               - Logging services
08:36:51.284 [FXGL Background Thread 3 ] DEBUG Engine               - class com.almasb.fxgl.app.services.FXGLAssetLoaderService
08:36:51.284 [FXGL Background Thread 3 ] DEBUG Engine               - class com.almasb.fxgl.app.FXGLApplication$GameApplicationService
08:36:51.284 [FXGL Background Thread 3 ] DEBUG Engine               - class com.almasb.fxgl.app.services.FXGLDialogService
08:36:51.284 [FXGL Background Thread 3 ] DEBUG Engine               - class com.almasb.fxgl.app.services.IOTaskExecutorService
08:36:51.284 [FXGL Background Thread 3 ] DEBUG Engine               - class com.almasb.fxgl.io.FileSystemService
08:36:51.284 [FXGL Background Thread 3 ] DEBUG Engine               - class com.almasb.fxgl.localization.LocalizationService
08:36:51.284 [FXGL Background Thread 3 ] DEBUG Engine               - class com.almasb.fxgl.app.services.SystemBundleService
08:36:51.284 [FXGL Background Thread 3 ] DEBUG Engine               - class com.almasb.fxgl.profile.SaveLoadService
08:36:51.284 [FXGL Background Thread 3 ] DEBUG Engine               - class com.almasb.fxgl.ui.FXGLUIFactoryServiceProvider
08:36:51.284 [FXGL Background Thread 3 ] DEBUG Engine               - class com.almasb.fxgl.ui.FXGLDialogFactoryServiceProvider
08:36:51.284 [FXGL Background Thread 3 ] DEBUG Engine               - class com.almasb.fxgl.audio.AudioPlayer
08:36:51.284 [FXGL Background Thread 3 ] DEBUG Engine               - class com.almasb.fxgl.notification.impl.NotificationServiceProvider
08:36:51.284 [FXGL Background Thread 3 ] DEBUG Engine               - class com.almasb.fxgl.achievement.AchievementService
08:36:51.285 [FXGL Background Thread 3 ] DEBUG Engine               - class com.almasb.fxgl.cutscene.CutsceneService
08:36:51.285 [FXGL Background Thread 3 ] DEBUG Engine               - class com.almasb.fxgl.minigames.MiniGameService
08:36:51.285 [FXGL Background Thread 3 ] DEBUG Engine               - class com.almasb.fxgl.net.NetService
08:36:51.285 [FXGL Background Thread 3 ] DEBUG Engine               - class com.almasb.fxgl.app.services.UpdaterService
08:36:51.285 [FXGL Background Thread 3 ] DEBUG Engine               - class com.almasb.fxgl.dev.DevService
08:36:51.969 [JavaFX Application Thread] DEBUG FXGLAssetLoaderServi - Loading from file system: file:/D:/A_Learning/java/TouHouStarryNight/target/classes/assets/textures/bullet/etama_remu_0.png
08:36:51.977 [JavaFX Application Thread] DEBUG FXGLAssetLoaderServi - Loading from file system: file:/D:/A_Learning/java/TouHouStarryNight/target/classes/assets/textures/bullet/etama_remu_1.png
08:37:10.376 [JavaFX Application Thread] DEBUG FXGLApplication      - Exiting FXGL
08:37:10.376 [JavaFX Application Thread] DEBUG LoopRunner           - Stopping loop
08:37:10.376 [JavaFX Application Thread] DEBUG SystemBundleService  - Saving FXGL system data
08:37:10.377 [JavaFX Application Thread] DEBUG FileSystemAccess     - Writing to: D:\A_Learning\java\TouHouStarryNight\system\fxgl.bundle
08:37:10.379 [JavaFX Application Thread] DEBUG Async                - Shutting down background threads
08:37:10.379 [JavaFX Application Thread] DEBUG PrimaryStageWindow   - Closing main window
08:37:10.386 [JavaFX Application Thread] DEBUG Logger               - Closing Logger
