20:46:23.007 [main                     ] DEBUG Logger               - Configured Logger
20:46:23.027 [main                     ] DEBUG GameApplication      - Logging settings
Title: 东方星月夜
Version: （试行版）
Width: 1000
Height: 750
Fullscreen: false
Intro: false
Profiling: false
Single step:false
App Mode: DEVELOPER
Menu Key: ESCAPE
Stage Style: DECORATED
Scene Factory: class com.almasb.fxgl.app.scene.SceneFactory

20:46:23.224 [JavaFX Application Thread] DEBUG FXGLApplication      - Initializing FXGL
20:46:23.230 [JavaFX Application Thread] INFO  Engine               - FXGL-17.2 (20.08.2022 16.50) on WINDOWS (J:18.0.1.1 FX:18)
20:46:23.230 [JavaFX Application Thread] DEBUG Engine               - JRE Vendor Name: Oracle Corporation
20:46:23.230 [JavaFX Application Thread] DEBUG Engine               - Running on OS: Windows 10 version 10.0
20:46:23.231 [JavaFX Application Thread] DEBUG Engine               - Architecture: amd64
20:46:23.231 [JavaFX Application Thread] INFO  Engine               - Source code and latest versions at: https://github.com/AlmasB/FXGL
20:46:23.231 [JavaFX Application Thread] INFO  Engine               -       Ask questions and discuss at: https://github.com/AlmasB/FXGL/discussions
20:46:23.231 [JavaFX Application Thread] INFO  Engine               -              Join the FXGL chat at: https://gitter.im/AlmasB/FXGL
20:46:23.286 [JavaFX Application Thread] DEBUG PrimaryStageWindow   - Creating a JavaFX scene
20:46:23.318 [JavaFX Application Thread] DEBUG PrimaryStageWindow   - Target settings size: 1000.0 x 750.0
20:46:23.318 [JavaFX Application Thread] DEBUG PrimaryStageWindow   - Scaled scene size:    1000.0 x 750.0
20:46:23.318 [JavaFX Application Thread] DEBUG PrimaryStageWindow   - Scaled ratio: (1.0, 1.0)
20:46:23.319 [JavaFX Application Thread] DEBUG PrimaryStageWindow   - Set initial scene to FXGLStartupScene
20:46:23.323 [JavaFX Application Thread] DEBUG PrimaryStageWindow   - Opening main window
20:46:23.391 [JavaFX Application Thread] DEBUG PrimaryStageWindow   - Window border size: (14.4000244140625, 38.0)
20:46:23.392 [JavaFX Application Thread] DEBUG PrimaryStageWindow   - Scaled size: 1000.0 x 750.0
20:46:23.392 [JavaFX Application Thread] DEBUG PrimaryStageWindow   - Scaled ratio: (1.0, 1.0)
20:46:23.392 [JavaFX Application Thread] DEBUG PrimaryStageWindow   - Scene size: 1000.0 x 750.0
20:46:23.392 [JavaFX Application Thread] DEBUG PrimaryStageWindow   - Stage size: 1014.4000244140625 x 788.0
20:46:23.398 [FXGL Background Thread 1 ] DEBUG Engine               - Initializing environment variables
20:46:23.439 [FXGL Background Thread 1 ] DEBUG FXGLAssetLoaderServi - User app class for loading assets: class game.StgGameApp
20:46:23.439 [FXGL Background Thread 1 ] DEBUG GameApplicationServi - Applying CSS: fxgl_dark.css
20:46:23.440 [FXGL Background Thread 1 ] DEBUG FXGLAssetLoaderServi - Loading from file system: jar:file:///D:/environment/.m2/repository/com/github/almasb/fxgl/17.2/fxgl-17.2.jar!/fxglassets/ui/css/fxgl_dark.css
20:46:23.483 [FXGL Background Thread 1 ] DEBUG GameApplicationServi - Initializing application scenes
20:46:23.536 [FXGL Background Thread 1 ] DEBUG GameWorld            - Game world initialized
20:46:23.573 [FXGL Background Thread 1 ] DEBUG PhysicsWorld         - Physics world initialized: appHeight=750, physics.ppm=50.0
20:46:23.573 [FXGL Background Thread 1 ] DEBUG PhysicsWorld         - Using strategy: BRUTE_FORCE
20:46:23.575 [FXGL Background Thread 1 ] DEBUG GameScene            - Game scene initialized: 1000x750
20:46:23.582 [FXGL Background Thread 1 ] DEBUG FXGL.DefaultMenu     - createMenuBodyMainMenu()
20:46:23.591 [FXGL Background Thread 1 ] DEBUG FXGL.DefaultMenu     - createOptionsMenu()
20:46:23.597 [FXGL Background Thread 1 ] DEBUG FXGLAssetLoaderServi - Loading from file system: jar:file:///D:/environment/.m2/repository/com/github/almasb/fxgl/17.2/fxgl-17.2.jar!/fxglassets/textures/particles/smoke.png
20:46:23.656 [FXGL Background Thread 1 ] DEBUG FXGLAssetLoaderServi - Loading from file system: jar:file:///D:/environment/.m2/repository/com/github/almasb/fxgl/17.2/fxgl-17.2.jar!/fxglassets/textures/particles/trace_horizontal.png
20:46:23.683 [FXGL Background Thread 1 ] DEBUG FXGL.DefaultMenu     - createMenuBodyGameMenu()
20:46:23.685 [FXGL Background Thread 1 ] DEBUG FXGL.DefaultMenu     - createOptionsMenu()
20:46:23.702 [FXGL Background Thread 1 ] DEBUG GameApplicationServi - Application scenes initialized
20:46:23.711 [FXGL Background Thread 1 ] DEBUG SystemBundleService  - Loading FXGL system data
20:46:23.715 [FXGL Background Thread 1 ] DEBUG FileSystemAccess     - Reading from: D:\A_Learning\java\TouHouStarryNight\system\fxgl.bundle
20:46:23.721 [FXGL Background Thread 1 ] DEBUG SystemBundleService  - Bundle FXGL: {}
20:46:23.722 [FXGL Background Thread 1 ] DEBUG UpdaterService       - Checking for updates
20:46:23.725 [FXGL Background Thread 4 ] DEBUG FXGLApplication      - Loading fonts
20:46:23.725 [FXGL Background Thread 1 ] DEBUG FXGLApplication      - Loading default localization
20:46:23.725 [FXGL Background Thread 4 ] DEBUG FXGLAssetLoaderServi - Loading from file system: jar:file:///D:/environment/.m2/repository/com/github/almasb/fxgl/17.2/fxgl-17.2.jar!/fxglassets/ui/fonts/VarelaRound-Regular.ttf
20:46:23.726 [FXGL Background Thread 1 ] DEBUG FXGLAssetLoaderServi - Loading from file system: jar:file:///D:/environment/.m2/repository/com/github/almasb/fxgl/17.2/fxgl-17.2.jar!/fxglassets/languages/english.lang
20:46:23.738 [FXGL Background Thread 1 ] INFO  FXGLApplication      - FXGL initialization took: 0.340 sec
20:46:23.747 [JavaFX Application Thread] DEBUG Input                - Registered new binding: action0 - Up
20:46:23.747 [JavaFX Application Thread] DEBUG Input                - Registered new binding: action1 - Down
20:46:23.747 [JavaFX Application Thread] DEBUG Input                - Registered new binding: Right - Right
20:46:23.747 [JavaFX Application Thread] DEBUG Input                - Registered new binding: Left - Left
20:46:23.748 [JavaFX Application Thread] DEBUG FXGLAssetLoaderServi - Loading from file system: file:/D:/A_Learning/java/TouHouStarryNight/target/classes/assets/textures/remi.png
20:46:23.801 [FXGL Background Thread 4 ] DEBUG FXGLAssetLoaderServi - Loading from file system: jar:file:///D:/environment/.m2/repository/com/github/almasb/fxgl/17.2/fxgl-17.2.jar!/fxglassets/ui/fonts/Abel-Regular.ttf
20:46:23.810 [FXGL Background Thread 4 ] DEBUG FXGLAssetLoaderServi - Loading from file system: jar:file:///D:/environment/.m2/repository/com/github/almasb/fxgl/17.2/fxgl-17.2.jar!/fxglassets/ui/fonts/TerminalLandMono-Regular.otf
20:46:23.819 [FXGL Background Thread 4 ] DEBUG FXGLAssetLoaderServi - Loading from file system: jar:file:///D:/environment/.m2/repository/com/github/almasb/fxgl/17.2/fxgl-17.2.jar!/fxglassets/ui/fonts/Courier-Prime.ttf
20:46:23.841 [JavaFX Application Thread] DEBUG FXGLAssetLoaderServi - Loading from file system: jar:file:///D:/environment/.m2/repository/com/github/almasb/fxgl/17.2/fxgl-17.2.jar!/fxglassets/textures/fxgl_default_cursor.png
20:46:23.842 [JavaFX Application Thread] DEBUG Input                - Registered new binding: Screenshot - CTRL+8
20:46:23.843 [JavaFX Application Thread] DEBUG Input                - Registered new binding: System info dump - CTRL+9
20:46:23.843 [JavaFX Application Thread] DEBUG Input                - Registered new binding: Restart - CTRL+R
20:46:23.843 [JavaFX Application Thread] DEBUG Input                - Registered new binding: Toggle Debug Camera - CTRL+7
20:46:23.845 [JavaFX Application Thread] DEBUG LoopRunner           - Starting loop
20:46:23.845 [JavaFX Application Thread] DEBUG LoopRunner           - Initializing JavaFX AnimationTimerLoop
20:46:23.846 [JavaFX Application Thread] DEBUG Input                - Clearing active input actions
20:46:23.852 [JavaFX Application Thread] DEBUG GameApplicationServi - Removing overlay from FXGLStartupScene and adding to FXGLMainMenuDummyScene
20:46:23.852 [JavaFX Application Thread] DEBUG PrimaryStageWindow   - FXGLStartupScene -> FXGLMainMenuDummyScene
20:46:23.852 [JavaFX Application Thread] DEBUG PrimaryStageWindow   - Push state: FXGLDefaultMenu
20:46:23.855 [JavaFX Application Thread] DEBUG Input                - Clearing active input actions
20:46:23.860 [JavaFX Application Thread] DEBUG GameApplicationServi - Removing overlay from FXGLMainMenuDummyScene and adding to FXGLDefaultMenu
20:46:23.861 [JavaFX Application Thread] DEBUG PrimaryStageWindow   - FXGLMainMenuDummyScene -> FXGLDefaultMenu
20:46:23.861 [JavaFX Application Thread] DEBUG FXGLApplication      - Registering font factories with UI factory
20:46:23.875 [FXGL Background Thread 2 ] WARN  UpdaterService       - Failed to find updates: java.net.UnknownHostException: raw.githubusercontent.com
20:46:25.033 [JavaFX Application Thread] DEBUG Menu                 - fireNewGame()
20:46:25.034 [JavaFX Application Thread] DEBUG GameApplicationServi - Starting new game
20:46:25.035 [JavaFX Application Thread] DEBUG PrimaryStageWindow   - Pop state: FXGLDefaultMenu
20:46:25.035 [JavaFX Application Thread] DEBUG Input                - Clearing active input actions
20:46:25.036 [JavaFX Application Thread] DEBUG GameApplicationServi - Removing overlay from FXGLDefaultMenu and adding to FXGLMainMenuDummyScene
20:46:25.036 [JavaFX Application Thread] DEBUG PrimaryStageWindow   - FXGLMainMenuDummyScene <- FXGLDefaultMenu
20:46:25.036 [JavaFX Application Thread] DEBUG Input                - Clearing active input actions
20:46:25.042 [JavaFX Application Thread] DEBUG GameApplicationServi - Removing overlay from FXGLMainMenuDummyScene and adding to FXGLLoadingScene
20:46:25.042 [JavaFX Application Thread] DEBUG PrimaryStageWindow   - FXGLMainMenuDummyScene -> FXGLLoadingScene
20:46:25.043 [JavaFX Application Thread] DEBUG GameApplicationServi - Clearing previous game
20:46:25.043 [JavaFX Application Thread] DEBUG GameScene            - Clearing game scene
20:46:25.043 [JavaFX Application Thread] DEBUG GameWorld            - Clearing game world
20:46:25.043 [JavaFX Application Thread] DEBUG PhysicsWorld         - Clearing physics world
20:46:25.044 [FXGL Background Thread 2 ] DEBUG FXGLApplication      - Initializing game
20:46:25.050 [FXGL Background Thread 2 ] DEBUG FXGLAssetLoaderServi - Loading from file system: file:/D:/A_Learning/java/TouHouStarryNight/target/classes/assets/textures/bg/backgorund3.png
20:46:25.067 [FXGL Background Thread 2 ] DEBUG FXGLAssetLoaderServi - Loading from file system: file:/D:/A_Learning/java/TouHouStarryNight/target/classes/assets/textures/player/remi.png
20:46:25.075 [FXGL Background Thread 2 ] INFO  FXGLApplication      - Game initialization took: 0.031 sec
20:46:25.084 [JavaFX Application Thread] DEBUG Input                - Clearing active input actions
20:46:25.088 [JavaFX Application Thread] DEBUG GameApplicationServi - Removing overlay from FXGLLoadingScene and adding to GameScene
20:46:25.088 [JavaFX Application Thread] DEBUG PrimaryStageWindow   - FXGLLoadingScene -> GameScene
20:46:26.724 [FXGL Background Thread 3 ] DEBUG Engine               - Logging environment variables
20:46:26.724 [FXGL Background Thread 3 ] DEBUG Engine               - achievements: []
20:46:26.724 [FXGL Background Thread 3 ] DEBUG Engine               - actualHeight: 750.0
20:46:26.724 [FXGL Background Thread 3 ] DEBUG Engine               - actualHeightProperty: ReadOnlyDoubleProperty [value: 750.0]
20:46:26.724 [FXGL Background Thread 3 ] DEBUG Engine               - actualWidth: 1000.0
20:46:26.724 [FXGL Background Thread 3 ] DEBUG Engine               - actualWidthProperty: ReadOnlyDoubleProperty [value: 1000.0]
20:46:26.725 [FXGL Background Thread 3 ] DEBUG Engine               - appIcon: remi.png
20:46:26.725 [FXGL Background Thread 3 ] DEBUG Engine               - applicationMode: DEVELOPER
20:46:26.725 [FXGL Background Thread 3 ] DEBUG Engine               - cSSList: [fxgl_dark.css]
20:46:26.725 [FXGL Background Thread 3 ] DEBUG Engine               - collisionDetectionStrategy: BRUTE_FORCE
20:46:26.725 [FXGL Background Thread 3 ] DEBUG Engine               - configClass: Optional.empty
20:46:26.725 [FXGL Background Thread 3 ] DEBUG Engine               - credits: []
20:46:26.725 [FXGL Background Thread 3 ] DEBUG Engine               - defaultCursor: CursorInfo(imageName=fxgl_default_cursor.png, hotspotX=7.0, hotspotY=6.0)
20:46:26.725 [FXGL Background Thread 3 ] DEBUG Engine               - devBBoxColorProperty: ObjectProperty [value: 0xff0000ff]
20:46:26.725 [FXGL Background Thread 3 ] DEBUG Engine               - devEnableDebugCameraProperty: BooleanProperty [value: false]
20:46:26.725 [FXGL Background Thread 3 ] DEBUG Engine               - devSensorColorProperty: ObjectProperty [value: 0xffff00ff]
20:46:26.725 [FXGL Background Thread 3 ] DEBUG Engine               - devShowBBoxProperty: BooleanProperty [value: false]
20:46:26.725 [FXGL Background Thread 3 ] DEBUG Engine               - devShowPositionProperty: BooleanProperty [value: false]
20:46:26.725 [FXGL Background Thread 3 ] DEBUG Engine               - enabledMenuItems: []
20:46:26.725 [FXGL Background Thread 3 ] DEBUG Engine               - engineServices: [class com.almasb.fxgl.app.services.FXGLAssetLoaderService, class com.almasb.fxgl.app.FXGLApplication$GameApplicationService, class com.almasb.fxgl.app.services.FXGLDialogService, class com.almasb.fxgl.app.services.IOTaskExecutorService, class com.almasb.fxgl.io.FileSystemService, class com.almasb.fxgl.localization.LocalizationService, class com.almasb.fxgl.app.services.SystemBundleService, class com.almasb.fxgl.profile.SaveLoadService, class com.almasb.fxgl.ui.FXGLUIFactoryServiceProvider, class com.almasb.fxgl.ui.FXGLDialogFactoryServiceProvider, class com.almasb.fxgl.audio.AudioPlayer, class com.almasb.fxgl.notification.impl.NotificationServiceProvider, class com.almasb.fxgl.achievement.AchievementService, class com.almasb.fxgl.cutscene.CutsceneService, class com.almasb.fxgl.minigames.MiniGameService, class com.almasb.fxgl.net.NetService, class com.almasb.fxgl.app.services.UpdaterService, class com.almasb.fxgl.dev.DevService]
20:46:26.725 [FXGL Background Thread 3 ] DEBUG Engine               - fontGame: Abel-Regular.ttf
20:46:26.725 [FXGL Background Thread 3 ] DEBUG Engine               - fontMono: TerminalLandMono-Regular.otf
20:46:26.725 [FXGL Background Thread 3 ] DEBUG Engine               - fontText: Courier-Prime.ttf
20:46:26.726 [FXGL Background Thread 3 ] DEBUG Engine               - fontUI: VarelaRound-Regular.ttf
20:46:26.726 [FXGL Background Thread 3 ] DEBUG Engine               - fullScreen: BooleanProperty [value: false]
20:46:26.726 [FXGL Background Thread 3 ] DEBUG Engine               - gameDifficulty: MEDIUM
20:46:26.726 [FXGL Background Thread 3 ] DEBUG Engine               - gameDifficultyProperty: ObjectProperty [value: MEDIUM]
20:46:26.726 [FXGL Background Thread 3 ] DEBUG Engine               - globalMusicVolume: 0.5
20:46:26.726 [FXGL Background Thread 3 ] DEBUG Engine               - globalMusicVolumeProperty: DoubleProperty [value: 0.5]
20:46:26.726 [FXGL Background Thread 3 ] DEBUG Engine               - globalSoundVolume: 0.5
20:46:26.726 [FXGL Background Thread 3 ] DEBUG Engine               - globalSoundVolumeProperty: DoubleProperty [value: 0.5]
20:46:26.726 [FXGL Background Thread 3 ] DEBUG Engine               - height: 750
20:46:26.726 [FXGL Background Thread 3 ] DEBUG Engine               - is3D: false
20:46:26.726 [FXGL Background Thread 3 ] DEBUG Engine               - isAndroid: false
20:46:26.726 [FXGL Background Thread 3 ] DEBUG Engine               - isBrowser: false
20:46:26.726 [FXGL Background Thread 3 ] DEBUG Engine               - isClickFeedbackEnabled: false
20:46:26.726 [FXGL Background Thread 3 ] DEBUG Engine               - isCloseConfirmation: false
20:46:26.726 [FXGL Background Thread 3 ] DEBUG Engine               - isDesktop: true
20:46:26.726 [FXGL Background Thread 3 ] DEBUG Engine               - isDeveloperMenuEnabled: false
20:46:26.726 [FXGL Background Thread 3 ] DEBUG Engine               - isEmbedded: false
20:46:26.726 [FXGL Background Thread 3 ] DEBUG Engine               - isEntityPreloadEnabled: true
20:46:26.726 [FXGL Background Thread 3 ] DEBUG Engine               - isExperimentalTiledLargeMap: false
20:46:26.726 [FXGL Background Thread 3 ] DEBUG Engine               - isFileSystemWriteAllowed: true
20:46:26.726 [FXGL Background Thread 3 ] DEBUG Engine               - isFullScreenAllowed: false
20:46:26.726 [FXGL Background Thread 3 ] DEBUG Engine               - isFullScreenFromStart: false
20:46:26.726 [FXGL Background Thread 3 ] DEBUG Engine               - isGameMenuEnabled: true
20:46:26.726 [FXGL Background Thread 3 ] DEBUG Engine               - isIOS: false
20:46:26.726 [FXGL Background Thread 3 ] DEBUG Engine               - isIntroEnabled: false
20:46:26.726 [FXGL Background Thread 3 ] DEBUG Engine               - isLinux: false
20:46:26.727 [FXGL Background Thread 3 ] DEBUG Engine               - isMac: false
20:46:26.727 [FXGL Background Thread 3 ] DEBUG Engine               - isMainMenuEnabled: true
20:46:26.727 [FXGL Background Thread 3 ] DEBUG Engine               - isManualResizeEnabled: false
20:46:26.727 [FXGL Background Thread 3 ] DEBUG Engine               - isMobile: false
20:46:26.727 [FXGL Background Thread 3 ] DEBUG Engine               - isNative: false
20:46:26.727 [FXGL Background Thread 3 ] DEBUG Engine               - isPauseMusicWhenMinimized: true
20:46:26.727 [FXGL Background Thread 3 ] DEBUG Engine               - isPreserveResizeRatio: false
20:46:26.727 [FXGL Background Thread 3 ] DEBUG Engine               - isProfilingEnabled: false
20:46:26.727 [FXGL Background Thread 3 ] DEBUG Engine               - isScaleAffectedOnResize: true
20:46:26.727 [FXGL Background Thread 3 ] DEBUG Engine               - isSingleStep: false
20:46:26.727 [FXGL Background Thread 3 ] DEBUG Engine               - isUserProfileEnabled: false
20:46:26.727 [FXGL Background Thread 3 ] DEBUG Engine               - isWindows: true
20:46:26.727 [FXGL Background Thread 3 ] DEBUG Engine               - language: ObjectProperty [value: ENGLISH]
20:46:26.727 [FXGL Background Thread 3 ] DEBUG Engine               - menuKey: ESCAPE
20:46:26.727 [FXGL Background Thread 3 ] DEBUG Engine               - mouseSensitivity: 0.2
20:46:26.727 [FXGL Background Thread 3 ] DEBUG Engine               - notificationViewClass: class com.almasb.fxgl.notification.view.XboxNotificationView
20:46:26.727 [FXGL Background Thread 3 ] DEBUG Engine               - pixelsPerMeter: 50.0
20:46:26.727 [FXGL Background Thread 3 ] DEBUG Engine               - platform: WINDOWS
20:46:26.727 [FXGL Background Thread 3 ] DEBUG Engine               - prefHeightProperty: ReadOnlyDoubleProperty [value: 750.0]
20:46:26.727 [FXGL Background Thread 3 ] DEBUG Engine               - prefWidthProperty: ReadOnlyDoubleProperty [value: 1000.0]
20:46:26.727 [FXGL Background Thread 3 ] DEBUG Engine               - profileDir: profiles/
20:46:26.727 [FXGL Background Thread 3 ] DEBUG Engine               - profileName: StringProperty [value: DEFAULT]
20:46:26.727 [FXGL Background Thread 3 ] DEBUG Engine               - randomSeed: -1
20:46:26.728 [FXGL Background Thread 3 ] DEBUG Engine               - runtimeInfo: RuntimeInfo(platform=WINDOWS, version=17.2, build=20.08.2022 16.50)
20:46:26.728 [FXGL Background Thread 3 ] DEBUG Engine               - saveFileExt: sav
20:46:26.728 [FXGL Background Thread 3 ] DEBUG Engine               - scaledHeightProp$fxgl: DoubleProperty [bound, value: 750.0]
20:46:26.728 [FXGL Background Thread 3 ] DEBUG Engine               - scaledWidthProp$fxgl: DoubleProperty [bound, value: 1000.0]
20:46:26.728 [FXGL Background Thread 3 ] DEBUG Engine               - sceneFactory: com.almasb.fxgl.app.scene.SceneFactory@23741661
20:46:26.728 [FXGL Background Thread 3 ] DEBUG Engine               - secondsIn24h: 60
20:46:26.728 [FXGL Background Thread 3 ] DEBUG Engine               - soundMenuBack: menu/back.wav
20:46:26.728 [FXGL Background Thread 3 ] DEBUG Engine               - soundMenuPress: menu/press.wav
20:46:26.728 [FXGL Background Thread 3 ] DEBUG Engine               - soundMenuSelect: menu/select.wav
20:46:26.728 [FXGL Background Thread 3 ] DEBUG Engine               - soundNotification: core/notification.wav
20:46:26.728 [FXGL Background Thread 3 ] DEBUG Engine               - stageStyle: DECORATED
20:46:26.728 [FXGL Background Thread 3 ] DEBUG Engine               - supportedLanguages: [ENGLISH, FRENCH, GERMAN, HUNGARIAN, RUSSIAN]
20:46:26.728 [FXGL Background Thread 3 ] DEBUG Engine               - ticksPerSecond: -1
20:46:26.728 [FXGL Background Thread 3 ] DEBUG Engine               - title: 东方星月夜
20:46:26.728 [FXGL Background Thread 3 ] DEBUG Engine               - urlGithub: https://github.com/AlmasB/FXGL
20:46:26.728 [FXGL Background Thread 3 ] DEBUG Engine               - urlLeaderboard: http://fxgl-top.herokuapp.com/
20:46:26.728 [FXGL Background Thread 3 ] DEBUG Engine               - urlPOM: https://raw.githubusercontent.com/AlmasB/FXGL/release/README.md
20:46:26.728 [FXGL Background Thread 3 ] DEBUG Engine               - userAppClass: class game.StgGameApp
20:46:26.728 [FXGL Background Thread 3 ] DEBUG Engine               - version: （试行版）
20:46:26.728 [FXGL Background Thread 3 ] DEBUG Engine               - versionCheckDays: 7
20:46:26.728 [FXGL Background Thread 3 ] DEBUG Engine               - width: 1000
20:46:26.728 [FXGL Background Thread 3 ] DEBUG Engine               - Logging services
20:46:26.728 [FXGL Background Thread 3 ] DEBUG Engine               - class com.almasb.fxgl.app.services.FXGLAssetLoaderService
20:46:26.728 [FXGL Background Thread 3 ] DEBUG Engine               - class com.almasb.fxgl.app.FXGLApplication$GameApplicationService
20:46:26.728 [FXGL Background Thread 3 ] DEBUG Engine               - class com.almasb.fxgl.app.services.FXGLDialogService
20:46:26.728 [FXGL Background Thread 3 ] DEBUG Engine               - class com.almasb.fxgl.app.services.IOTaskExecutorService
20:46:26.728 [FXGL Background Thread 3 ] DEBUG Engine               - class com.almasb.fxgl.io.FileSystemService
20:46:26.728 [FXGL Background Thread 3 ] DEBUG Engine               - class com.almasb.fxgl.localization.LocalizationService
20:46:26.728 [FXGL Background Thread 3 ] DEBUG Engine               - class com.almasb.fxgl.app.services.SystemBundleService
20:46:26.728 [FXGL Background Thread 3 ] DEBUG Engine               - class com.almasb.fxgl.profile.SaveLoadService
20:46:26.728 [FXGL Background Thread 3 ] DEBUG Engine               - class com.almasb.fxgl.ui.FXGLUIFactoryServiceProvider
20:46:26.728 [FXGL Background Thread 3 ] DEBUG Engine               - class com.almasb.fxgl.ui.FXGLDialogFactoryServiceProvider
20:46:26.729 [FXGL Background Thread 3 ] DEBUG Engine               - class com.almasb.fxgl.audio.AudioPlayer
20:46:26.729 [FXGL Background Thread 3 ] DEBUG Engine               - class com.almasb.fxgl.notification.impl.NotificationServiceProvider
20:46:26.729 [FXGL Background Thread 3 ] DEBUG Engine               - class com.almasb.fxgl.achievement.AchievementService
20:46:26.729 [FXGL Background Thread 3 ] DEBUG Engine               - class com.almasb.fxgl.cutscene.CutsceneService
20:46:26.729 [FXGL Background Thread 3 ] DEBUG Engine               - class com.almasb.fxgl.minigames.MiniGameService
20:46:26.729 [FXGL Background Thread 3 ] DEBUG Engine               - class com.almasb.fxgl.net.NetService
20:46:26.729 [FXGL Background Thread 3 ] DEBUG Engine               - class com.almasb.fxgl.app.services.UpdaterService
20:46:26.729 [FXGL Background Thread 3 ] DEBUG Engine               - class com.almasb.fxgl.dev.DevService
20:46:26.888 [JavaFX Application Thread] DEBUG FXGLApplication      - Exiting FXGL
20:46:26.888 [JavaFX Application Thread] DEBUG LoopRunner           - Stopping loop
20:46:26.888 [JavaFX Application Thread] DEBUG SystemBundleService  - Saving FXGL system data
20:46:26.889 [JavaFX Application Thread] DEBUG FileSystemAccess     - Writing to: D:\A_Learning\java\TouHouStarryNight\system\fxgl.bundle
20:46:26.890 [JavaFX Application Thread] DEBUG Async                - Shutting down background threads
20:46:26.890 [JavaFX Application Thread] DEBUG PrimaryStageWindow   - Closing main window
20:46:26.898 [JavaFX Application Thread] DEBUG Logger               - Closing Logger
